Activation: 'aitorarjona/copc:0.6' (85ce5c2b-5ce0-46d5-84c6-6b3ddec4dad4)
[
    2022-09-28 20:52:53,103 [INFO] handler.py:152 -- Lithops v2.7.0 - Starting AWS Lambda execution
    2022-09-28 20:52:53,103 [INFO] handler.py:153 -- Execution ID: 8459f3-0-M000/00000
    2022-09-28 20:52:53,103 [DEBUG] aws_s3.py:33 -- Creating S3 client
    2022-09-28 20:52:53,107 [INFO] aws_s3.py:59 -- S3 client created - Region: us-east-1
    2022-09-28 20:52:53,108 [DEBUG] handler.py:165 -- Runtime: aitorarjona/copc:0.6 - Memory: 1769MB - Timeout: 595 seconds
    2022-09-28 20:52:53,163 [DEBUG] aws_s3.py:80 -- PUT Object lithops.jobs/8459f3-0-M000/00000/85ce5c2b-5ce0-46d5-84c6-6b3ddec4dad4.init - Size: 0.0B - OK
    2022-09-28 20:52:53,163 [DEBUG] handler.py:178 -- Starting JobRunner process
    2022-09-28 20:52:53,168 [DEBUG] jobrunner.py:203 -- Process started
    2022-09-28 20:52:54,022 [INFO] jobrunner.py:233 -- Going to execute 'partition_las_lithops_wrapper()'
    ---------------------- FUNCTION LOG ----------------------
    >>> partition_las - start - 1664398376.3496535 - laz/CA_YosemiteNP_2019/USGS_LPC_CA_YosemiteNP_2019_D19_11SKB4884.laz
    0.0%
    4.101718517515876%
    8.203437035031753%
    12.305155552547628%
    16.406874070063505%
    20.50859258757938%
    24.610311105095256%
    28.712029622611134%
    32.81374814012701%
    36.91546665764289%
    41.01718517515876%
    45.118903692674635%
    49.22062221019051%
    53.32234072770638%
    57.42405924522227%
    61.525777762738144%
    65.62749628025402%
    69.7292147977699%
    73.83093331528578%
    77.93265183280165%
    82.03437035031752%
    86.13608886783341%
    90.23780738534927%
    94.33952590286515%
    98.44124442038103%
    100.0%
    >>> partition_las - end - 1664398405.4158351 - laz/CA_YosemiteNP_2019/USGS_LPC_CA_YosemiteNP_2019_D19_11SKB4884.laz
    2022-09-28 20:53:25,982 [DEBUG] aws_s3.py:80 -- PUT Object lithops.jobs/tmp/8459f3-0-M000-00000/cloudobject_1 - Size: 12.3MiB - OK
    2022-09-28 20:53:26,063 [DEBUG] aws_s3.py:80 -- PUT Object lithops.jobs/tmp/8459f3-0-M000-00000/cloudobject_0 - Size: 15.8MiB - OK
    2022-09-28 20:53:26,162 [DEBUG] aws_s3.py:80 -- PUT Object lithops.jobs/tmp/8459f3-0-M000-00000/cloudobject_3 - Size: 13.2MiB - OK
    2022-09-28 20:53:26,262 [DEBUG] aws_s3.py:80 -- PUT Object lithops.jobs/tmp/8459f3-0-M000-00000/cloudobject_8 - Size: 13.2MiB - OK
    2022-09-28 20:53:26,299 [DEBUG] aws_s3.py:80 -- PUT Object lithops.jobs/tmp/8459f3-0-M000-00000/cloudobject_5 - Size: 11.5MiB - OK
    2022-09-28 20:53:26,300 [DEBUG] aws_s3.py:80 -- PUT Object lithops.jobs/tmp/8459f3-0-M000-00000/cloudobject_7 - Size: 14.4MiB - OK
    2022-09-28 20:53:26,301 [DEBUG] aws_s3.py:80 -- PUT Object lithops.jobs/tmp/8459f3-0-M000-00000/cloudobject_4 - Size: 12.4MiB - OK
    2022-09-28 20:53:26,325 [DEBUG] aws_s3.py:80 -- PUT Object lithops.jobs/tmp/8459f3-0-M000-00000/cloudobject_6 - Size: 18.0MiB - OK
    2022-09-28 20:53:26,373 [DEBUG] aws_s3.py:80 -- PUT Object lithops.jobs/tmp/8459f3-0-M000-00000/cloudobject_2 - Size: 14.6MiB - OK
    ----------------------------------------------------------
    2022-09-28 20:53:26,387 [INFO] jobrunner.py:239 -- Success function execution
    2022-09-28 20:53:26,388 [DEBUG] jobrunner.py:253 -- Pickling result
    2022-09-28 20:53:26,388 [INFO] jobrunner.py:308 -- Storing function result - Size: 891.0B
    2022-09-28 20:53:26,422 [DEBUG] aws_s3.py:80 -- PUT Object lithops.jobs/8459f3-0-M000/00000/output.pickle - Size: 891.0B - OK
    2022-09-28 20:53:26,423 [INFO] jobrunner.py:313 -- Process finished
    2022-09-28 20:53:26,430 [DEBUG] handler.py:182 -- JobRunner process finished
]

Activation: 'aitorarjona/copc:0.6' (83d2093d-b7b3-4f45-bbe2-f6ea731e7550)
[
    2022-09-28 20:52:54,422 [INFO] handler.py:152 -- Lithops v2.7.0 - Starting AWS Lambda execution
    2022-09-28 20:52:54,422 [INFO] handler.py:153 -- Execution ID: 8459f3-0-M000/00001
    2022-09-28 20:52:54,422 [DEBUG] aws_s3.py:33 -- Creating S3 client
    2022-09-28 20:52:54,426 [INFO] aws_s3.py:59 -- S3 client created - Region: us-east-1
    2022-09-28 20:52:54,426 [DEBUG] handler.py:165 -- Runtime: aitorarjona/copc:0.6 - Memory: 1769MB - Timeout: 595 seconds
    2022-09-28 20:52:54,478 [DEBUG] aws_s3.py:80 -- PUT Object lithops.jobs/8459f3-0-M000/00001/83d2093d-b7b3-4f45-bbe2-f6ea731e7550.init - Size: 0.0B - OK
    2022-09-28 20:52:54,478 [DEBUG] handler.py:178 -- Starting JobRunner process
    2022-09-28 20:52:54,483 [DEBUG] jobrunner.py:203 -- Process started
    2022-09-28 20:52:55,199 [INFO] jobrunner.py:233 -- Going to execute 'partition_las_lithops_wrapper()'
    ---------------------- FUNCTION LOG ----------------------
    >>> partition_las - start - 1664398377.732994 - laz/CA_YosemiteNP_2019/USGS_LPC_CA_YosemiteNP_2019_D19_11SKB4986.laz
    0.0%
    3.9457841368034927%
    7.891568273606985%
    11.837352410410478%
    15.78313654721397%
    19.728920684017464%
    23.674704820820956%
    27.62048895762445%
    31.56627309442794%
    35.51205723123144%
    39.45784136803493%
    43.403625504838416%
    47.34940964164191%
    51.2951937784454%
    55.2409779152489%
    59.18676205205239%
    63.13254618885588%
    67.07833032565938%
    71.02411446246288%
    74.96989859926636%
    78.91568273606985%
    82.86146687287335%
    86.80725100967683%
    90.75303514648033%
    94.69881928328383%
    98.64460342008732%
    100.0%
    >>> partition_las - end - 1664398408.1985066 - laz/CA_YosemiteNP_2019/USGS_LPC_CA_YosemiteNP_2019_D19_11SKB4986.laz
    2022-09-28 20:53:28,984 [DEBUG] aws_s3.py:80 -- PUT Object lithops.jobs/tmp/8459f3-0-M000-00001/cloudobject_1 - Size: 15.7MiB - OK
    2022-09-28 20:53:29,098 [DEBUG] aws_s3.py:80 -- PUT Object lithops.jobs/tmp/8459f3-0-M000-00001/cloudobject_0 - Size: 16.5MiB - OK
    2022-09-28 20:53:29,144 [DEBUG] aws_s3.py:80 -- PUT Object lithops.jobs/tmp/8459f3-0-M000-00001/cloudobject_2 - Size: 15.9MiB - OK
    2022-09-28 20:53:29,164 [DEBUG] aws_s3.py:80 -- PUT Object lithops.jobs/tmp/8459f3-0-M000-00001/cloudobject_3 - Size: 14.4MiB - OK
    2022-09-28 20:53:29,165 [DEBUG] aws_s3.py:80 -- PUT Object lithops.jobs/tmp/8459f3-0-M000-00001/cloudobject_6 - Size: 14.1MiB - OK
    2022-09-28 20:53:29,188 [DEBUG] aws_s3.py:80 -- PUT Object lithops.jobs/tmp/8459f3-0-M000-00001/cloudobject_4 - Size: 14.5MiB - OK
    2022-09-28 20:53:29,203 [DEBUG] aws_s3.py:80 -- PUT Object lithops.jobs/tmp/8459f3-0-M000-00001/cloudobject_8 - Size: 15.2MiB - OK
    2022-09-28 20:53:29,217 [DEBUG] aws_s3.py:80 -- PUT Object lithops.jobs/tmp/8459f3-0-M000-00001/cloudobject_7 - Size: 15.5MiB - OK
    2022-09-28 20:53:29,229 [DEBUG] aws_s3.py:80 -- PUT Object lithops.jobs/tmp/8459f3-0-M000-00001/cloudobject_5 - Size: 15.2MiB - OK
    ----------------------------------------------------------
    2022-09-28 20:53:29,240 [INFO] jobrunner.py:239 -- Success function execution
    2022-09-28 20:53:29,240 [DEBUG] jobrunner.py:253 -- Pickling result
    2022-09-28 20:53:29,241 [INFO] jobrunner.py:308 -- Storing function result - Size: 891.0B
    2022-09-28 20:53:29,280 [DEBUG] aws_s3.py:80 -- PUT Object lithops.jobs/8459f3-0-M000/00001/output.pickle - Size: 891.0B - OK
    2022-09-28 20:53:29,281 [INFO] jobrunner.py:313 -- Process finished
    2022-09-28 20:53:29,289 [DEBUG] handler.py:182 -- JobRunner process finished
]

Activation: 'aitorarjona/copc:0.6' (b7206ca7-57e8-4d51-bb21-6d110708ccc8)
[
    2022-09-28 20:52:54,344 [INFO] handler.py:152 -- Lithops v2.7.0 - Starting AWS Lambda execution
    2022-09-28 20:52:54,344 [INFO] handler.py:153 -- Execution ID: 8459f3-0-M000/00002
    2022-09-28 20:52:54,344 [DEBUG] aws_s3.py:33 -- Creating S3 client
    2022-09-28 20:52:54,348 [INFO] aws_s3.py:59 -- S3 client created - Region: us-east-1
    2022-09-28 20:52:54,348 [DEBUG] handler.py:165 -- Runtime: aitorarjona/copc:0.6 - Memory: 1769MB - Timeout: 595 seconds
    2022-09-28 20:52:54,397 [DEBUG] aws_s3.py:80 -- PUT Object lithops.jobs/8459f3-0-M000/00002/b7206ca7-57e8-4d51-bb21-6d110708ccc8.init - Size: 0.0B - OK
    2022-09-28 20:52:54,397 [DEBUG] handler.py:178 -- Starting JobRunner process
    2022-09-28 20:52:54,402 [DEBUG] jobrunner.py:203 -- Process started
    2022-09-28 20:52:55,012 [INFO] jobrunner.py:233 -- Going to execute 'partition_las_lithops_wrapper()'
    ---------------------- FUNCTION LOG ----------------------
    >>> partition_las - start - 1664398376.7666938 - laz/CA_YosemiteNP_2019/USGS_LPC_CA_YosemiteNP_2019_D19_11SKB5274.laz
    0.0%
    3.5644224445122794%
    7.128844889024559%
    10.693267333536838%
    14.257689778049118%
    17.822112222561397%
    21.386534667073676%
    24.950957111585957%
    28.515379556098235%
    32.07980200061051%
    35.644224445122795%
    39.20864688963508%
    42.77306933414735%
    46.33749177865963%
    49.901914223171914%
    53.46633666768419%
    57.03075911219647%
    60.595181556708745%
    64.15960400122103%
    67.72402644573332%
    71.28844889024559%
    74.85287133475786%
    78.41729377927015%
    81.98171622378243%
    85.5461386682947%
    89.11056111280699%
    92.67498355731927%
    96.23940600183154%
    99.80382844634383%
    100.0%
    >>> partition_las - end - 1664398407.3587477 - laz/CA_YosemiteNP_2019/USGS_LPC_CA_YosemiteNP_2019_D19_11SKB5274.laz
    2022-09-28 20:53:27,954 [DEBUG] aws_s3.py:80 -- PUT Object lithops.jobs/tmp/8459f3-0-M000-00002/cloudobject_3 - Size: 10.9MiB - OK
    2022-09-28 20:53:28,076 [DEBUG] aws_s3.py:80 -- PUT Object lithops.jobs/tmp/8459f3-0-M000-00002/cloudobject_0 - Size: 13.8MiB - OK
    2022-09-28 20:53:28,173 [DEBUG] aws_s3.py:80 -- PUT Object lithops.jobs/tmp/8459f3-0-M000-00002/cloudobject_6 - Size: 13.5MiB - OK
    2022-09-28 20:53:28,191 [DEBUG] aws_s3.py:80 -- PUT Object lithops.jobs/tmp/8459f3-0-M000-00002/cloudobject_4 - Size: 18.2MiB - OK
    2022-09-28 20:53:28,198 [DEBUG] aws_s3.py:80 -- PUT Object lithops.jobs/tmp/8459f3-0-M000-00002/cloudobject_1 - Size: 15.9MiB - OK
    2022-09-28 20:53:28,199 [DEBUG] aws_s3.py:80 -- PUT Object lithops.jobs/tmp/8459f3-0-M000-00002/cloudobject_7 - Size: 13.6MiB - OK
    2022-09-28 20:53:28,227 [DEBUG] aws_s3.py:80 -- PUT Object lithops.jobs/tmp/8459f3-0-M000-00002/cloudobject_2 - Size: 16.7MiB - OK
    2022-09-28 20:53:28,232 [DEBUG] aws_s3.py:80 -- PUT Object lithops.jobs/tmp/8459f3-0-M000-00002/cloudobject_8 - Size: 13.6MiB - OK
    2022-09-28 20:53:28,250 [DEBUG] aws_s3.py:80 -- PUT Object lithops.jobs/tmp/8459f3-0-M000-00002/cloudobject_5 - Size: 15.3MiB - OK
    ----------------------------------------------------------
    2022-09-28 20:53:28,261 [INFO] jobrunner.py:239 -- Success function execution
    2022-09-28 20:53:28,261 [DEBUG] jobrunner.py:253 -- Pickling result
    2022-09-28 20:53:28,261 [INFO] jobrunner.py:308 -- Storing function result - Size: 891.0B
    2022-09-28 20:53:28,292 [DEBUG] aws_s3.py:80 -- PUT Object lithops.jobs/8459f3-0-M000/00002/output.pickle - Size: 891.0B - OK
    2022-09-28 20:53:28,293 [INFO] jobrunner.py:313 -- Process finished
    2022-09-28 20:53:28,299 [DEBUG] handler.py:182 -- JobRunner process finished
]

Activation: 'aitorarjona/copc:0.6' (1cbd56d4-4b83-46be-a98e-d88382a1a8e5)
[
    2022-09-28 20:52:54,402 [INFO] handler.py:152 -- Lithops v2.7.0 - Starting AWS Lambda execution
    2022-09-28 20:52:54,402 [INFO] handler.py:153 -- Execution ID: 8459f3-0-M000/00003
    2022-09-28 20:52:54,402 [DEBUG] aws_s3.py:33 -- Creating S3 client
    2022-09-28 20:52:54,406 [INFO] aws_s3.py:59 -- S3 client created - Region: us-east-1
    2022-09-28 20:52:54,406 [DEBUG] handler.py:165 -- Runtime: aitorarjona/copc:0.6 - Memory: 1769MB - Timeout: 595 seconds
    2022-09-28 20:52:54,473 [DEBUG] aws_s3.py:80 -- PUT Object lithops.jobs/8459f3-0-M000/00003/1cbd56d4-4b83-46be-a98e-d88382a1a8e5.init - Size: 0.0B - OK
    2022-09-28 20:52:54,473 [DEBUG] handler.py:178 -- Starting JobRunner process
    2022-09-28 20:52:54,478 [DEBUG] jobrunner.py:203 -- Process started
    2022-09-28 20:52:55,117 [INFO] jobrunner.py:233 -- Going to execute 'partition_las_lithops_wrapper()'
    ---------------------- FUNCTION LOG ----------------------
    >>> partition_las - start - 1664398377.2883718 - laz/CA_YosemiteNP_2019/USGS_LPC_CA_YosemiteNP_2019_D19_11SKB5483.laz
    0.0%
    3.731704200645077%
    7.463408401290154%
    11.195112601935232%
    14.926816802580309%
    18.65852100322539%
    22.390225203870465%
    26.12192940451554%
    29.853633605160617%
    33.5853378058057%
    37.31704200645078%
    41.048746207095846%
    44.78045040774093%
    48.512154608386005%
    52.24385880903108%
    55.97556300967616%
    59.707267210321234%
    63.43897141096632%
    67.1706756116114%
    70.90237981225647%
    74.63408401290155%
    78.36578821354662%
    82.09749241419169%
    85.82919661483677%
    89.56090081548186%
    93.29260501612693%
    97.02430921677201%
    100.0%
    >>> partition_las - end - 1664398407.7140715 - laz/CA_YosemiteNP_2019/USGS_LPC_CA_YosemiteNP_2019_D19_11SKB5483.laz
    2022-09-28 20:53:28,237 [DEBUG] aws_s3.py:80 -- PUT Object lithops.jobs/tmp/8459f3-0-M000-00003/cloudobject_4 - Size: 11.4MiB - OK
    2022-09-28 20:53:28,526 [DEBUG] aws_s3.py:80 -- PUT Object lithops.jobs/tmp/8459f3-0-M000-00003/cloudobject_1 - Size: 17.0MiB - OK
    2022-09-28 20:53:28,528 [DEBUG] aws_s3.py:80 -- PUT Object lithops.jobs/tmp/8459f3-0-M000-00003/cloudobject_0 - Size: 17.2MiB - OK
    2022-09-28 20:53:28,547 [DEBUG] aws_s3.py:80 -- PUT Object lithops.jobs/tmp/8459f3-0-M000-00003/cloudobject_3 - Size: 15.0MiB - OK
    2022-09-28 20:53:28,560 [DEBUG] aws_s3.py:80 -- PUT Object lithops.jobs/tmp/8459f3-0-M000-00003/cloudobject_5 - Size: 10.9MiB - OK
    2022-09-28 20:53:28,610 [DEBUG] aws_s3.py:80 -- PUT Object lithops.jobs/tmp/8459f3-0-M000-00003/cloudobject_6 - Size: 13.6MiB - OK
    2022-09-28 20:53:28,626 [DEBUG] aws_s3.py:80 -- PUT Object lithops.jobs/tmp/8459f3-0-M000-00003/cloudobject_8 - Size: 14.4MiB - OK
    2022-09-28 20:53:28,661 [DEBUG] aws_s3.py:80 -- PUT Object lithops.jobs/tmp/8459f3-0-M000-00003/cloudobject_2 - Size: 19.9MiB - OK
    2022-09-28 20:53:28,673 [DEBUG] aws_s3.py:80 -- PUT Object lithops.jobs/tmp/8459f3-0-M000-00003/cloudobject_7 - Size: 13.9MiB - OK
    ----------------------------------------------------------
    2022-09-28 20:53:28,684 [INFO] jobrunner.py:239 -- Success function execution
    2022-09-28 20:53:28,684 [DEBUG] jobrunner.py:253 -- Pickling result
    2022-09-28 20:53:28,684 [INFO] jobrunner.py:308 -- Storing function result - Size: 891.0B
    2022-09-28 20:53:28,712 [DEBUG] aws_s3.py:80 -- PUT Object lithops.jobs/8459f3-0-M000/00003/output.pickle - Size: 891.0B - OK
    2022-09-28 20:53:28,713 [INFO] jobrunner.py:313 -- Process finished
    2022-09-28 20:53:28,719 [DEBUG] handler.py:182 -- JobRunner process finished
]

Activation: 'aitorarjona/copc:0.6' (d8f019c0-d2c1-4079-b6e0-7ebc78b00200)
[
    2022-09-28 20:52:54,611 [INFO] handler.py:152 -- Lithops v2.7.0 - Starting AWS Lambda execution
    2022-09-28 20:52:54,611 [INFO] handler.py:153 -- Execution ID: 8459f3-0-M000/00006
    2022-09-28 20:52:54,612 [DEBUG] aws_s3.py:33 -- Creating S3 client
    2022-09-28 20:52:54,616 [INFO] aws_s3.py:59 -- S3 client created - Region: us-east-1
    2022-09-28 20:52:54,616 [DEBUG] handler.py:165 -- Runtime: aitorarjona/copc:0.6 - Memory: 1769MB - Timeout: 595 seconds
    2022-09-28 20:52:54,669 [DEBUG] aws_s3.py:80 -- PUT Object lithops.jobs/8459f3-0-M000/00006/d8f019c0-d2c1-4079-b6e0-7ebc78b00200.init - Size: 0.0B - OK
    2022-09-28 20:52:54,669 [DEBUG] handler.py:178 -- Starting JobRunner process
    2022-09-28 20:52:54,674 [DEBUG] jobrunner.py:203 -- Process started
    2022-09-28 20:52:55,537 [INFO] jobrunner.py:233 -- Going to execute 'partition_las_lithops_wrapper()'
    ---------------------- FUNCTION LOG ----------------------
    >>> partition_las - start - 1664398377.1257088 - laz/CA_YosemiteNP_2019/USGS_LPC_CA_YosemiteNP_2019_D19_11SKB5681.laz
    0.0%
    3.8547839661494456%
    7.709567932298891%
    11.564351898448336%
    15.419135864597783%
    19.27391983074723%
    23.128703796896673%
    26.98348776304612%
    30.838271729195565%
    34.693055695345016%
    38.54783966149446%
    42.402623627643905%
    46.257407593793346%
    50.1121915599428%
    53.96697552609224%
    57.82175949224169%
    61.67654345839113%
    65.53132742454058%
    69.38611139069003%
    73.24089535683947%
    77.09567932298891%
    80.95046328913837%
    84.80524725528781%
    88.66003122143725%
    92.51481518758669%
    96.36959915373615%
    100.0%
    >>> partition_las - end - 1664398407.5988886 - laz/CA_YosemiteNP_2019/USGS_LPC_CA_YosemiteNP_2019_D19_11SKB5681.laz
    2022-09-28 20:53:28,144 [DEBUG] aws_s3.py:80 -- PUT Object lithops.jobs/tmp/8459f3-0-M000-00006/cloudobject_0 - Size: 14.4MiB - OK
    2022-09-28 20:53:28,174 [DEBUG] aws_s3.py:80 -- PUT Object lithops.jobs/tmp/8459f3-0-M000-00006/cloudobject_1 - Size: 14.3MiB - OK
    2022-09-28 20:53:28,303 [DEBUG] aws_s3.py:80 -- PUT Object lithops.jobs/tmp/8459f3-0-M000-00006/cloudobject_8 - Size: 15.5MiB - OK
    2022-09-28 20:53:28,575 [DEBUG] aws_s3.py:80 -- PUT Object lithops.jobs/tmp/8459f3-0-M000-00006/cloudobject_5 - Size: 16.4MiB - OK
    2022-09-28 20:53:28,578 [DEBUG] aws_s3.py:80 -- PUT Object lithops.jobs/tmp/8459f3-0-M000-00006/cloudobject_4 - Size: 12.9MiB - OK
    2022-09-28 20:53:28,579 [DEBUG] aws_s3.py:80 -- PUT Object lithops.jobs/tmp/8459f3-0-M000-00006/cloudobject_3 - Size: 14.7MiB - OK
    2022-09-28 20:53:28,595 [DEBUG] aws_s3.py:80 -- PUT Object lithops.jobs/tmp/8459f3-0-M000-00006/cloudobject_6 - Size: 15.8MiB - OK
    2022-09-28 20:53:28,600 [DEBUG] aws_s3.py:80 -- PUT Object lithops.jobs/tmp/8459f3-0-M000-00006/cloudobject_7 - Size: 14.5MiB - OK
    2022-09-28 20:53:28,627 [DEBUG] aws_s3.py:80 -- PUT Object lithops.jobs/tmp/8459f3-0-M000-00006/cloudobject_2 - Size: 13.1MiB - OK
    ----------------------------------------------------------
    2022-09-28 20:53:28,641 [INFO] jobrunner.py:239 -- Success function execution
    2022-09-28 20:53:28,641 [DEBUG] jobrunner.py:253 -- Pickling result
    2022-09-28 20:53:28,641 [INFO] jobrunner.py:308 -- Storing function result - Size: 891.0B
    2022-09-28 20:53:28,673 [DEBUG] aws_s3.py:80 -- PUT Object lithops.jobs/8459f3-0-M000/00006/output.pickle - Size: 891.0B - OK
    2022-09-28 20:53:28,674 [INFO] jobrunner.py:313 -- Process finished
    2022-09-28 20:53:28,689 [DEBUG] handler.py:182 -- JobRunner process finished
]

Activation: 'aitorarjona/copc:0.6' (f7c0ba40-7a28-48b8-82dd-79ba4c64680a)
[
    2022-09-28 20:52:54,555 [INFO] handler.py:152 -- Lithops v2.7.0 - Starting AWS Lambda execution
    2022-09-28 20:52:54,555 [INFO] handler.py:153 -- Execution ID: 8459f3-0-M000/00004
    2022-09-28 20:52:54,556 [DEBUG] aws_s3.py:33 -- Creating S3 client
    2022-09-28 20:52:54,560 [INFO] aws_s3.py:59 -- S3 client created - Region: us-east-1
    2022-09-28 20:52:54,560 [DEBUG] handler.py:165 -- Runtime: aitorarjona/copc:0.6 - Memory: 1769MB - Timeout: 595 seconds
    2022-09-28 20:52:54,612 [DEBUG] aws_s3.py:80 -- PUT Object lithops.jobs/8459f3-0-M000/00004/f7c0ba40-7a28-48b8-82dd-79ba4c64680a.init - Size: 0.0B - OK
    2022-09-28 20:52:54,612 [DEBUG] handler.py:178 -- Starting JobRunner process
    2022-09-28 20:52:54,617 [DEBUG] jobrunner.py:203 -- Process started
    2022-09-28 20:52:55,331 [INFO] jobrunner.py:233 -- Going to execute 'partition_las_lithops_wrapper()'
    ---------------------- FUNCTION LOG ----------------------
    >>> partition_las - start - 1664398376.8702466 - laz/CA_YosemiteNP_2019/USGS_LPC_CA_YosemiteNP_2019_D19_11SKB5573.laz
    0.0%
    3.6872658724443466%
    7.374531744888693%
    11.06179761733304%
    14.749063489777386%
    18.436329362221734%
    22.12359523466608%
    25.810861107110426%
    29.498126979554772%
    33.185392851999126%
    36.87265872444347%
    40.55992459688781%
    44.24719046933216%
    47.93445634177651%
    51.62172221422085%
    55.3089880866652%
    58.996253959109545%
    62.683519831553895%
    66.37078570399825%
    70.0580515764426%
    73.74531744888694%
    77.43258332133128%
    81.11984919377562%
    84.80711506621998%
    88.49438093866432%
    92.18164681110868%
    95.86891268355302%
    99.55617855599736%
    100.0%
    >>> partition_las - end - 1664398409.4060843 - laz/CA_YosemiteNP_2019/USGS_LPC_CA_YosemiteNP_2019_D19_11SKB5573.laz
    2022-09-28 20:53:30,092 [DEBUG] aws_s3.py:80 -- PUT Object lithops.jobs/tmp/8459f3-0-M000-00004/cloudobject_1 - Size: 12.6MiB - OK
    2022-09-28 20:53:30,192 [DEBUG] aws_s3.py:80 -- PUT Object lithops.jobs/tmp/8459f3-0-M000-00004/cloudobject_4 - Size: 12.0MiB - OK
    2022-09-28 20:53:30,259 [DEBUG] aws_s3.py:80 -- PUT Object lithops.jobs/tmp/8459f3-0-M000-00004/cloudobject_2 - Size: 13.5MiB - OK
    2022-09-28 20:53:30,283 [DEBUG] aws_s3.py:80 -- PUT Object lithops.jobs/tmp/8459f3-0-M000-00004/cloudobject_5 - Size: 13.4MiB - OK
    2022-09-28 20:53:30,293 [DEBUG] aws_s3.py:80 -- PUT Object lithops.jobs/tmp/8459f3-0-M000-00004/cloudobject_0 - Size: 18.1MiB - OK
    2022-09-28 20:53:30,314 [DEBUG] aws_s3.py:80 -- PUT Object lithops.jobs/tmp/8459f3-0-M000-00004/cloudobject_3 - Size: 16.9MiB - OK
    2022-09-28 20:53:30,334 [DEBUG] aws_s3.py:80 -- PUT Object lithops.jobs/tmp/8459f3-0-M000-00004/cloudobject_8 - Size: 14.2MiB - OK
    2022-09-28 20:53:30,335 [DEBUG] aws_s3.py:80 -- PUT Object lithops.jobs/tmp/8459f3-0-M000-00004/cloudobject_7 - Size: 13.5MiB - OK
    2022-09-28 20:53:30,346 [DEBUG] aws_s3.py:80 -- PUT Object lithops.jobs/tmp/8459f3-0-M000-00004/cloudobject_6 - Size: 16.0MiB - OK
    ----------------------------------------------------------
    2022-09-28 20:53:30,358 [INFO] jobrunner.py:239 -- Success function execution
    2022-09-28 20:53:30,358 [DEBUG] jobrunner.py:253 -- Pickling result
    2022-09-28 20:53:30,358 [INFO] jobrunner.py:308 -- Storing function result - Size: 891.0B
    2022-09-28 20:53:30,394 [DEBUG] aws_s3.py:80 -- PUT Object lithops.jobs/8459f3-0-M000/00004/output.pickle - Size: 891.0B - OK
    2022-09-28 20:53:30,395 [INFO] jobrunner.py:313 -- Process finished
    2022-09-28 20:53:30,401 [DEBUG] handler.py:182 -- JobRunner process finished
]

Activation: 'aitorarjona/copc:0.6' (9c65bde0-df7c-4546-9940-9c5817ffd93f)
[
    2022-09-28 20:52:54,345 [INFO] handler.py:152 -- Lithops v2.7.0 - Starting AWS Lambda execution
    2022-09-28 20:52:54,345 [INFO] handler.py:153 -- Execution ID: 8459f3-0-M000/00007
    2022-09-28 20:52:54,345 [DEBUG] aws_s3.py:33 -- Creating S3 client
    2022-09-28 20:52:54,349 [INFO] aws_s3.py:59 -- S3 client created - Region: us-east-1
    2022-09-28 20:52:54,349 [DEBUG] handler.py:165 -- Runtime: aitorarjona/copc:0.6 - Memory: 1769MB - Timeout: 595 seconds
    2022-09-28 20:52:54,398 [DEBUG] aws_s3.py:80 -- PUT Object lithops.jobs/8459f3-0-M000/00007/9c65bde0-df7c-4546-9940-9c5817ffd93f.init - Size: 0.0B - OK
    2022-09-28 20:52:54,398 [DEBUG] handler.py:178 -- Starting JobRunner process
    2022-09-28 20:52:54,403 [DEBUG] jobrunner.py:203 -- Process started
    2022-09-28 20:52:55,035 [INFO] jobrunner.py:233 -- Going to execute 'partition_las_lithops_wrapper()'
    ---------------------- FUNCTION LOG ----------------------
    >>> partition_las - start - 1664398377.4287252 - laz/CA_YosemiteNP_2019/USGS_LPC_CA_YosemiteNP_2019_D19_11SKB5967.laz
    0.0%
    3.5726510560631484%
    7.145302112126297%
    10.717953168189444%
    14.290604224252593%
    17.86325528031574%
    21.43590633637889%
    25.00855739244204%
    28.581208448505187%
    32.15385950456833%
    35.72651056063148%
    39.299161616694626%
    42.87181267275778%
    46.44446372882092%
    50.01711478488408%
    53.58976584094722%
    57.162416897010374%
    60.73506795307352%
    64.30771900913666%
    67.88037006519981%
    71.45302112126296%
    75.02567217732611%
    78.59832323338925%
    82.1709742894524%
    85.74362534551555%
    89.3162764015787%
    92.88892745764184%
    96.46157851370499%
    100.0%
    >>> partition_las - end - 1664398408.3404164 - laz/CA_YosemiteNP_2019/USGS_LPC_CA_YosemiteNP_2019_D19_11SKB5967.laz
    2022-09-28 20:53:28,792 [DEBUG] aws_s3.py:80 -- PUT Object lithops.jobs/tmp/8459f3-0-M000-00007/cloudobject_0 - Size: 8.8MiB - OK
    2022-09-28 20:53:29,075 [DEBUG] aws_s3.py:80 -- PUT Object lithops.jobs/tmp/8459f3-0-M000-00007/cloudobject_3 - Size: 14.9MiB - OK
    2022-09-28 20:53:29,093 [DEBUG] aws_s3.py:80 -- PUT Object lithops.jobs/tmp/8459f3-0-M000-00007/cloudobject_6 - Size: 8.6MiB - OK
    2022-09-28 20:53:29,132 [DEBUG] aws_s3.py:80 -- PUT Object lithops.jobs/tmp/8459f3-0-M000-00007/cloudobject_1 - Size: 14.6MiB - OK
    2022-09-28 20:53:29,222 [DEBUG] aws_s3.py:80 -- PUT Object lithops.jobs/tmp/8459f3-0-M000-00007/cloudobject_2 - Size: 18.6MiB - OK
    2022-09-28 20:53:29,232 [DEBUG] aws_s3.py:80 -- PUT Object lithops.jobs/tmp/8459f3-0-M000-00007/cloudobject_5 - Size: 16.9MiB - OK
    2022-09-28 20:53:29,304 [DEBUG] aws_s3.py:80 -- PUT Object lithops.jobs/tmp/8459f3-0-M000-00007/cloudobject_4 - Size: 19.1MiB - OK
    2022-09-28 20:53:29,347 [DEBUG] aws_s3.py:80 -- PUT Object lithops.jobs/tmp/8459f3-0-M000-00007/cloudobject_7 - Size: 17.8MiB - OK
    2022-09-28 20:53:29,353 [DEBUG] aws_s3.py:80 -- PUT Object lithops.jobs/tmp/8459f3-0-M000-00007/cloudobject_8 - Size: 18.4MiB - OK
    ----------------------------------------------------------
    2022-09-28 20:53:29,365 [INFO] jobrunner.py:239 -- Success function execution
    2022-09-28 20:53:29,365 [DEBUG] jobrunner.py:253 -- Pickling result
    2022-09-28 20:53:29,366 [INFO] jobrunner.py:308 -- Storing function result - Size: 891.0B
    2022-09-28 20:53:29,428 [DEBUG] aws_s3.py:80 -- PUT Object lithops.jobs/8459f3-0-M000/00007/output.pickle - Size: 891.0B - OK
    2022-09-28 20:53:29,429 [INFO] jobrunner.py:313 -- Process finished
    2022-09-28 20:53:29,436 [DEBUG] handler.py:182 -- JobRunner process finished
]

Activation: 'aitorarjona/copc:0.6' (b62431d9-5b8b-4aa8-be13-0e9dd2ad9d87)
[
    2022-09-28 20:52:54,682 [INFO] handler.py:152 -- Lithops v2.7.0 - Starting AWS Lambda execution
    2022-09-28 20:52:54,683 [INFO] handler.py:153 -- Execution ID: 8459f3-0-M000/00008
    2022-09-28 20:52:54,683 [DEBUG] aws_s3.py:33 -- Creating S3 client
    2022-09-28 20:52:54,688 [INFO] aws_s3.py:59 -- S3 client created - Region: us-east-1
    2022-09-28 20:52:54,688 [DEBUG] handler.py:165 -- Runtime: aitorarjona/copc:0.6 - Memory: 1769MB - Timeout: 595 seconds
    2022-09-28 20:52:54,737 [DEBUG] aws_s3.py:80 -- PUT Object lithops.jobs/8459f3-0-M000/00008/b62431d9-5b8b-4aa8-be13-0e9dd2ad9d87.init - Size: 0.0B - OK
    2022-09-28 20:52:54,738 [DEBUG] handler.py:178 -- Starting JobRunner process
    2022-09-28 20:52:54,742 [DEBUG] jobrunner.py:203 -- Process started
    2022-09-28 20:52:55,554 [INFO] jobrunner.py:233 -- Going to execute 'partition_las_lithops_wrapper()'
    ---------------------- FUNCTION LOG ----------------------
    >>> partition_las - start - 1664398377.4154835 - laz/CA_YosemiteNP_2019/USGS_LPC_CA_YosemiteNP_2019_D19_11SKB6686.laz
    0.0%
    3.545846554908675%
    7.09169310981735%
    10.637539664726024%
    14.1833862196347%
    17.729232774543373%
    21.275079329452048%
    24.820925884360726%
    28.3667724392694%
    31.912618994178075%
    35.458465549086746%
    39.004312103995424%
    42.550158658904095%
    46.096005213812774%
    49.64185176872145%
    53.18769832363013%
    56.7335448785388%
    60.27939143344747%
    63.82523798835615%
    67.37108454326483%
    70.91693109817349%
    74.46277765308218%
    78.00862420799085%
    81.55447076289953%
    85.10031731780819%
    88.64616387271688%
    92.19201042762555%
    95.73785698253423%
    99.2837035374429%
    100.0%
    >>> partition_las - end - 1664398410.088062 - laz/CA_YosemiteNP_2019/USGS_LPC_CA_YosemiteNP_2019_D19_11SKB6686.laz
    2022-09-28 20:53:30,603 [DEBUG] aws_s3.py:80 -- PUT Object lithops.jobs/tmp/8459f3-0-M000-00008/cloudobject_1 - Size: 11.4MiB - OK
    2022-09-28 20:53:30,636 [DEBUG] aws_s3.py:80 -- PUT Object lithops.jobs/tmp/8459f3-0-M000-00008/cloudobject_0 - Size: 16.1MiB - OK
    2022-09-28 20:53:30,852 [DEBUG] aws_s3.py:80 -- PUT Object lithops.jobs/tmp/8459f3-0-M000-00008/cloudobject_6 - Size: 10.2MiB - OK
    2022-09-28 20:53:30,904 [DEBUG] aws_s3.py:80 -- PUT Object lithops.jobs/tmp/8459f3-0-M000-00008/cloudobject_5 - Size: 13.2MiB - OK
    2022-09-28 20:53:30,917 [DEBUG] aws_s3.py:80 -- PUT Object lithops.jobs/tmp/8459f3-0-M000-00008/cloudobject_2 - Size: 20.9MiB - OK
    2022-09-28 20:53:30,946 [DEBUG] aws_s3.py:80 -- PUT Object lithops.jobs/tmp/8459f3-0-M000-00008/cloudobject_4 - Size: 14.3MiB - OK
    2022-09-28 20:53:30,967 [DEBUG] aws_s3.py:80 -- PUT Object lithops.jobs/tmp/8459f3-0-M000-00008/cloudobject_3 - Size: 21.4MiB - OK
    2022-09-28 20:53:30,969 [DEBUG] aws_s3.py:80 -- PUT Object lithops.jobs/tmp/8459f3-0-M000-00008/cloudobject_7 - Size: 11.4MiB - OK
    2022-09-28 20:53:30,986 [DEBUG] aws_s3.py:80 -- PUT Object lithops.jobs/tmp/8459f3-0-M000-00008/cloudobject_8 - Size: 14.0MiB - OK
    ----------------------------------------------------------
    2022-09-28 20:53:30,999 [INFO] jobrunner.py:239 -- Success function execution
    2022-09-28 20:53:30,999 [DEBUG] jobrunner.py:253 -- Pickling result
    2022-09-28 20:53:31,000 [INFO] jobrunner.py:308 -- Storing function result - Size: 891.0B
    2022-09-28 20:53:31,047 [DEBUG] aws_s3.py:80 -- PUT Object lithops.jobs/8459f3-0-M000/00008/output.pickle - Size: 891.0B - OK
    2022-09-28 20:53:31,047 [INFO] jobrunner.py:313 -- Process finished
    2022-09-28 20:53:31,053 [DEBUG] handler.py:182 -- JobRunner process finished
]

Activation: 'aitorarjona/copc:0.6' (72c47602-ebf2-4e4d-9979-c98f6bc03fc3)
[
    2022-09-28 20:52:54,628 [INFO] handler.py:152 -- Lithops v2.7.0 - Starting AWS Lambda execution
    2022-09-28 20:52:54,628 [INFO] handler.py:153 -- Execution ID: 8459f3-0-M000/00009
    2022-09-28 20:52:54,628 [DEBUG] aws_s3.py:33 -- Creating S3 client
    2022-09-28 20:52:54,632 [INFO] aws_s3.py:59 -- S3 client created - Region: us-east-1
    2022-09-28 20:52:54,632 [DEBUG] handler.py:165 -- Runtime: aitorarjona/copc:0.6 - Memory: 1769MB - Timeout: 595 seconds
    2022-09-28 20:52:54,686 [DEBUG] aws_s3.py:80 -- PUT Object lithops.jobs/8459f3-0-M000/00009/72c47602-ebf2-4e4d-9979-c98f6bc03fc3.init - Size: 0.0B - OK
    2022-09-28 20:52:54,686 [DEBUG] handler.py:178 -- Starting JobRunner process
    2022-09-28 20:52:54,691 [DEBUG] jobrunner.py:203 -- Process started
    2022-09-28 20:52:55,433 [INFO] jobrunner.py:233 -- Going to execute 'partition_las_lithops_wrapper()'
    ---------------------- FUNCTION LOG ----------------------
    >>> partition_las - start - 1664398377.0098324 - laz/CA_YosemiteNP_2019/USGS_LPC_CA_YosemiteNP_2019_D19_11SKB6687.laz
    0.0%
    3.50357802906218%
    7.00715605812436%
    10.51073408718654%
    14.01431211624872%
    17.5178901453109%
    21.02146817437308%
    24.52504620343526%
    28.02862423249744%
    31.53220226155962%
    35.0357802906218%
    38.53935831968398%
    42.04293634874616%
    45.546514377808336%
    49.05009240687052%
    52.553670435932695%
    56.05724846499488%
    59.56082649405705%
    63.06440452311924%
    66.56798255218142%
    70.0715605812436%
    73.57513861030579%
    77.07871663936795%
    80.58229466843014%
    84.08587269749232%
    87.5894507265545%
    91.09302875561667%
    94.59660678467885%
    98.10018481374104%
    100.0%
    >>> partition_las - end - 1664398410.0655518 - laz/CA_YosemiteNP_2019/USGS_LPC_CA_YosemiteNP_2019_D19_11SKB6687.laz
    2022-09-28 20:53:30,637 [DEBUG] aws_s3.py:80 -- PUT Object lithops.jobs/tmp/8459f3-0-M000-00009/cloudobject_1 - Size: 16.7MiB - OK
    2022-09-28 20:53:30,752 [DEBUG] aws_s3.py:80 -- PUT Object lithops.jobs/tmp/8459f3-0-M000-00009/cloudobject_2 - Size: 15.7MiB - OK
    2022-09-28 20:53:30,778 [DEBUG] aws_s3.py:80 -- PUT Object lithops.jobs/tmp/8459f3-0-M000-00009/cloudobject_4 - Size: 12.9MiB - OK
    2022-09-28 20:53:30,779 [DEBUG] aws_s3.py:80 -- PUT Object lithops.jobs/tmp/8459f3-0-M000-00009/cloudobject_6 - Size: 16.4MiB - OK
    2022-09-28 20:53:30,821 [DEBUG] aws_s3.py:80 -- PUT Object lithops.jobs/tmp/8459f3-0-M000-00009/cloudobject_5 - Size: 12.8MiB - OK
    2022-09-28 20:53:30,901 [DEBUG] aws_s3.py:80 -- PUT Object lithops.jobs/tmp/8459f3-0-M000-00009/cloudobject_3 - Size: 13.6MiB - OK
    2022-09-28 20:53:30,941 [DEBUG] aws_s3.py:80 -- PUT Object lithops.jobs/tmp/8459f3-0-M000-00009/cloudobject_0 - Size: 18.5MiB - OK
    2022-09-28 20:53:31,014 [DEBUG] aws_s3.py:80 -- PUT Object lithops.jobs/tmp/8459f3-0-M000-00009/cloudobject_8 - Size: 14.0MiB - OK
    2022-09-28 20:53:31,505 [DEBUG] aws_s3.py:80 -- PUT Object lithops.jobs/tmp/8459f3-0-M000-00009/cloudobject_7 - Size: 13.8MiB - OK
    ----------------------------------------------------------
    2022-09-28 20:53:31,513 [INFO] jobrunner.py:239 -- Success function execution
    2022-09-28 20:53:31,513 [DEBUG] jobrunner.py:253 -- Pickling result
    2022-09-28 20:53:31,514 [INFO] jobrunner.py:308 -- Storing function result - Size: 891.0B
    2022-09-28 20:53:31,545 [DEBUG] aws_s3.py:80 -- PUT Object lithops.jobs/8459f3-0-M000/00009/output.pickle - Size: 891.0B - OK
    2022-09-28 20:53:31,546 [INFO] jobrunner.py:313 -- Process finished
    2022-09-28 20:53:31,557 [DEBUG] handler.py:182 -- JobRunner process finished
]

Activation: 'aitorarjona/copc:0.6' (7d6d8207-4fb5-4cdc-921b-a3e314641ea4)
[
    2022-09-28 20:52:54,574 [INFO] handler.py:152 -- Lithops v2.7.0 - Starting AWS Lambda execution
    2022-09-28 20:52:54,574 [INFO] handler.py:153 -- Execution ID: 8459f3-0-M000/00012
    2022-09-28 20:52:54,574 [DEBUG] aws_s3.py:33 -- Creating S3 client
    2022-09-28 20:52:54,578 [INFO] aws_s3.py:59 -- S3 client created - Region: us-east-1
    2022-09-28 20:52:54,578 [DEBUG] handler.py:165 -- Runtime: aitorarjona/copc:0.6 - Memory: 1769MB - Timeout: 595 seconds
    2022-09-28 20:52:54,620 [DEBUG] aws_s3.py:80 -- PUT Object lithops.jobs/8459f3-0-M000/00012/7d6d8207-4fb5-4cdc-921b-a3e314641ea4.init - Size: 0.0B - OK
    2022-09-28 20:52:54,621 [DEBUG] handler.py:178 -- Starting JobRunner process
    2022-09-28 20:52:54,625 [DEBUG] jobrunner.py:203 -- Process started
    2022-09-28 20:52:55,319 [INFO] jobrunner.py:233 -- Going to execute 'partition_las_lithops_wrapper()'
    ---------------------- FUNCTION LOG ----------------------
    >>> partition_las - start - 1664398377.0957608 - laz/CA_YosemiteNP_2019/USGS_LPC_CA_YosemiteNP_2019_D19_11SKB6974.laz
    0.0%
    3.545368844220393%
    7.090737688440786%
    10.636106532661179%
    14.181475376881572%
    17.726844221101963%
    21.272213065322358%
    24.81758190954275%
    28.362950753763144%
    31.908319597983535%
    35.45368844220393%
    38.99905728642432%
    42.544426130644716%
    46.08979497486511%
    49.6351638190855%
    53.18053266330589%
    56.72590150752629%
    60.27127035174667%
    63.81663919596707%
    67.36200804018746%
    70.90737688440785%
    74.45274572862826%
    77.99811457284864%
    81.54348341706904%
    85.08885226128943%
    88.63422110550982%
    92.17958994973021%
    95.7249587939506%
    99.270327638171%
    100.0%
    >>> partition_las - end - 1664398410.302333 - laz/CA_YosemiteNP_2019/USGS_LPC_CA_YosemiteNP_2019_D19_11SKB6974.laz
    2022-09-28 20:53:31,025 [DEBUG] aws_s3.py:80 -- PUT Object lithops.jobs/tmp/8459f3-0-M000-00012/cloudobject_3 - Size: 14.0MiB - OK
    2022-09-28 20:53:31,037 [DEBUG] aws_s3.py:80 -- PUT Object lithops.jobs/tmp/8459f3-0-M000-00012/cloudobject_1 - Size: 15.3MiB - OK
    2022-09-28 20:53:31,128 [DEBUG] aws_s3.py:80 -- PUT Object lithops.jobs/tmp/8459f3-0-M000-00012/cloudobject_2 - Size: 16.7MiB - OK
    2022-09-28 20:53:31,150 [DEBUG] aws_s3.py:80 -- PUT Object lithops.jobs/tmp/8459f3-0-M000-00012/cloudobject_4 - Size: 13.6MiB - OK
    2022-09-28 20:53:31,208 [DEBUG] aws_s3.py:80 -- PUT Object lithops.jobs/tmp/8459f3-0-M000-00012/cloudobject_5 - Size: 16.3MiB - OK
    2022-09-28 20:53:31,210 [DEBUG] aws_s3.py:80 -- PUT Object lithops.jobs/tmp/8459f3-0-M000-00012/cloudobject_6 - Size: 15.2MiB - OK
    2022-09-28 20:53:31,236 [DEBUG] aws_s3.py:80 -- PUT Object lithops.jobs/tmp/8459f3-0-M000-00012/cloudobject_7 - Size: 16.0MiB - OK
    2022-09-28 20:53:31,252 [DEBUG] aws_s3.py:80 -- PUT Object lithops.jobs/tmp/8459f3-0-M000-00012/cloudobject_0 - Size: 15.5MiB - OK
    2022-09-28 20:53:31,403 [DEBUG] aws_s3.py:80 -- PUT Object lithops.jobs/tmp/8459f3-0-M000-00012/cloudobject_8 - Size: 18.2MiB - OK
    ----------------------------------------------------------
    2022-09-28 20:53:31,416 [INFO] jobrunner.py:239 -- Success function execution
    2022-09-28 20:53:31,416 [DEBUG] jobrunner.py:253 -- Pickling result
    2022-09-28 20:53:31,416 [INFO] jobrunner.py:308 -- Storing function result - Size: 891.0B
    2022-09-28 20:53:31,456 [DEBUG] aws_s3.py:80 -- PUT Object lithops.jobs/8459f3-0-M000/00012/output.pickle - Size: 891.0B - OK
    2022-09-28 20:53:31,457 [INFO] jobrunner.py:313 -- Process finished
    2022-09-28 20:53:31,464 [DEBUG] handler.py:182 -- JobRunner process finished
]

Activation: 'aitorarjona/copc:0.6' (6c013af5-462c-4516-af54-a7df9a7bedb2)
[
    2022-09-28 20:52:54,604 [INFO] handler.py:152 -- Lithops v2.7.0 - Starting AWS Lambda execution
    2022-09-28 20:52:54,604 [INFO] handler.py:153 -- Execution ID: 8459f3-0-M000/00010
    2022-09-28 20:52:54,604 [DEBUG] aws_s3.py:33 -- Creating S3 client
    2022-09-28 20:52:54,608 [INFO] aws_s3.py:59 -- S3 client created - Region: us-east-1
    2022-09-28 20:52:54,608 [DEBUG] handler.py:165 -- Runtime: aitorarjona/copc:0.6 - Memory: 1769MB - Timeout: 595 seconds
    2022-09-28 20:52:54,666 [DEBUG] aws_s3.py:80 -- PUT Object lithops.jobs/8459f3-0-M000/00010/6c013af5-462c-4516-af54-a7df9a7bedb2.init - Size: 0.0B - OK
    2022-09-28 20:52:54,666 [DEBUG] handler.py:178 -- Starting JobRunner process
    2022-09-28 20:52:54,671 [DEBUG] jobrunner.py:203 -- Process started
    2022-09-28 20:52:55,423 [INFO] jobrunner.py:233 -- Going to execute 'partition_las_lithops_wrapper()'
    ---------------------- FUNCTION LOG ----------------------
    >>> partition_las - start - 1664398377.4589813 - laz/CA_YosemiteNP_2019/USGS_LPC_CA_YosemiteNP_2019_D19_11SKB6790.laz
    0.0%
    3.549384233301594%
    7.098768466603188%
    10.64815269990478%
    14.197536933206376%
    17.746921166507967%
    21.29630539980956%
    24.845689633111153%
    28.39507386641275%
    31.94445809971434%
    35.493842333015934%
    39.04322656631753%
    42.59261079961912%
    46.14199503292072%
    49.691379266222306%
    53.2407634995239%
    56.7901477328255%
    60.33953196612709%
    63.88891619942868%
    67.43830043273029%
    70.98768466603187%
    74.53706889933346%
    78.08645313263506%
    81.63583736593665%
    85.18522159923825%
    88.73460583253984%
    92.28399006584144%
    95.83337429914303%
    99.38275853244461%
    100.0%
    >>> partition_las - end - 1664398410.8830261 - laz/CA_YosemiteNP_2019/USGS_LPC_CA_YosemiteNP_2019_D19_11SKB6790.laz
    2022-09-28 20:53:31,480 [DEBUG] aws_s3.py:80 -- PUT Object lithops.jobs/tmp/8459f3-0-M000-00010/cloudobject_3 - Size: 14.8MiB - OK
    2022-09-28 20:53:31,539 [DEBUG] aws_s3.py:80 -- PUT Object lithops.jobs/tmp/8459f3-0-M000-00010/cloudobject_2 - Size: 13.1MiB - OK
    2022-09-28 20:53:31,771 [DEBUG] aws_s3.py:80 -- PUT Object lithops.jobs/tmp/8459f3-0-M000-00010/cloudobject_1 - Size: 15.6MiB - OK
    2022-09-28 20:53:31,839 [DEBUG] aws_s3.py:80 -- PUT Object lithops.jobs/tmp/8459f3-0-M000-00010/cloudobject_7 - Size: 14.1MiB - OK
    2022-09-28 20:53:31,847 [DEBUG] aws_s3.py:80 -- PUT Object lithops.jobs/tmp/8459f3-0-M000-00010/cloudobject_8 - Size: 11.1MiB - OK
    2022-09-28 20:53:31,850 [DEBUG] aws_s3.py:80 -- PUT Object lithops.jobs/tmp/8459f3-0-M000-00010/cloudobject_6 - Size: 16.4MiB - OK
    2022-09-28 20:53:31,868 [DEBUG] aws_s3.py:80 -- PUT Object lithops.jobs/tmp/8459f3-0-M000-00010/cloudobject_4 - Size: 16.8MiB - OK
    2022-09-28 20:53:31,933 [DEBUG] aws_s3.py:80 -- PUT Object lithops.jobs/tmp/8459f3-0-M000-00010/cloudobject_0 - Size: 18.7MiB - OK
    2022-09-28 20:53:31,940 [DEBUG] aws_s3.py:80 -- PUT Object lithops.jobs/tmp/8459f3-0-M000-00010/cloudobject_5 - Size: 19.2MiB - OK
    ----------------------------------------------------------
    2022-09-28 20:53:31,956 [INFO] jobrunner.py:239 -- Success function execution
    2022-09-28 20:53:31,956 [DEBUG] jobrunner.py:253 -- Pickling result
    2022-09-28 20:53:31,956 [INFO] jobrunner.py:308 -- Storing function result - Size: 891.0B
    2022-09-28 20:53:31,992 [DEBUG] aws_s3.py:80 -- PUT Object lithops.jobs/8459f3-0-M000/00010/output.pickle - Size: 891.0B - OK
    2022-09-28 20:53:31,993 [INFO] jobrunner.py:313 -- Process finished
    2022-09-28 20:53:32,003 [DEBUG] handler.py:182 -- JobRunner process finished
]

Activation: 'aitorarjona/copc:0.6' (50e87586-ba10-422b-92d0-e78fadacbedc)
[
    2022-09-28 20:52:54,583 [INFO] handler.py:152 -- Lithops v2.7.0 - Starting AWS Lambda execution
    2022-09-28 20:52:54,583 [INFO] handler.py:153 -- Execution ID: 8459f3-0-M000/00011
    2022-09-28 20:52:54,583 [DEBUG] aws_s3.py:33 -- Creating S3 client
    2022-09-28 20:52:54,587 [INFO] aws_s3.py:59 -- S3 client created - Region: us-east-1
    2022-09-28 20:52:54,588 [DEBUG] handler.py:165 -- Runtime: aitorarjona/copc:0.6 - Memory: 1769MB - Timeout: 595 seconds
    2022-09-28 20:52:54,630 [DEBUG] aws_s3.py:80 -- PUT Object lithops.jobs/8459f3-0-M000/00011/50e87586-ba10-422b-92d0-e78fadacbedc.init - Size: 0.0B - OK
    2022-09-28 20:52:54,630 [DEBUG] handler.py:178 -- Starting JobRunner process
    2022-09-28 20:52:54,635 [DEBUG] jobrunner.py:203 -- Process started
    2022-09-28 20:52:55,315 [INFO] jobrunner.py:233 -- Going to execute 'partition_las_lithops_wrapper()'
    ---------------------- FUNCTION LOG ----------------------
    >>> partition_las - start - 1664398377.1754112 - laz/CA_YosemiteNP_2019/USGS_LPC_CA_YosemiteNP_2019_D19_11SKB6892.laz
    0.0%
    3.042586968088861%
    6.085173936177722%
    9.127760904266584%
    12.170347872355444%
    15.212934840444307%
    18.255521808533167%
    21.298108776622026%
    24.34069574471089%
    27.38328271279975%
    30.425869680888614%
    33.46845664897747%
    36.511043617066335%
    39.55363058515519%
    42.59621755324405%
    45.638804521332915%
    48.68139148942178%
    51.72397845751063%
    54.7665654255995%
    57.80915239368836%
    60.85173936177723%
    63.89432632986608%
    66.93691329795494%
    69.9795002660438%
    73.02208723413267%
    76.06467420222152%
    79.10726117031038%
    82.14984813839925%
    85.1924351064881%
    88.23502207457697%
    91.27760904266583%
    94.3201960107547%
    97.36278297884355%
    100.0%
    >>> partition_las - end - 1664398415.70705 - laz/CA_YosemiteNP_2019/USGS_LPC_CA_YosemiteNP_2019_D19_11SKB6892.laz
    2022-09-28 20:53:36,447 [DEBUG] aws_s3.py:80 -- PUT Object lithops.jobs/tmp/8459f3-0-M000-00011/cloudobject_1 - Size: 19.7MiB - OK
    2022-09-28 20:53:36,459 [DEBUG] aws_s3.py:80 -- PUT Object lithops.jobs/tmp/8459f3-0-M000-00011/cloudobject_2 - Size: 18.8MiB - OK
    2022-09-28 20:53:36,522 [DEBUG] aws_s3.py:80 -- PUT Object lithops.jobs/tmp/8459f3-0-M000-00011/cloudobject_6 - Size: 10.4MiB - OK
    2022-09-28 20:53:36,680 [DEBUG] aws_s3.py:80 -- PUT Object lithops.jobs/tmp/8459f3-0-M000-00011/cloudobject_5 - Size: 22.1MiB - OK
    2022-09-28 20:53:36,714 [DEBUG] aws_s3.py:80 -- PUT Object lithops.jobs/tmp/8459f3-0-M000-00011/cloudobject_4 - Size: 18.3MiB - OK
    2022-09-28 20:53:36,726 [DEBUG] aws_s3.py:80 -- PUT Object lithops.jobs/tmp/8459f3-0-M000-00011/cloudobject_8 - Size: 18.2MiB - OK
    2022-09-28 20:53:36,756 [DEBUG] aws_s3.py:80 -- PUT Object lithops.jobs/tmp/8459f3-0-M000-00011/cloudobject_0 - Size: 17.7MiB - OK
    2022-09-28 20:53:36,768 [DEBUG] aws_s3.py:80 -- PUT Object lithops.jobs/tmp/8459f3-0-M000-00011/cloudobject_7 - Size: 15.6MiB - OK
    2022-09-28 20:53:36,797 [DEBUG] aws_s3.py:80 -- PUT Object lithops.jobs/tmp/8459f3-0-M000-00011/cloudobject_3 - Size: 18.1MiB - OK
    ----------------------------------------------------------
    2022-09-28 20:53:36,812 [INFO] jobrunner.py:239 -- Success function execution
    2022-09-28 20:53:36,812 [DEBUG] jobrunner.py:253 -- Pickling result
    2022-09-28 20:53:36,812 [INFO] jobrunner.py:308 -- Storing function result - Size: 891.0B
    2022-09-28 20:53:36,848 [DEBUG] aws_s3.py:80 -- PUT Object lithops.jobs/8459f3-0-M000/00011/output.pickle - Size: 891.0B - OK
    2022-09-28 20:53:36,849 [INFO] jobrunner.py:313 -- Process finished
    2022-09-28 20:53:36,855 [DEBUG] handler.py:182 -- JobRunner process finished
]

Activation: 'aitorarjona/copc:0.6' (444efb67-0ec9-405f-a8a6-5793b7f78f36)
[
    2022-09-28 20:52:54,795 [INFO] handler.py:152 -- Lithops v2.7.0 - Starting AWS Lambda execution
    2022-09-28 20:52:54,795 [INFO] handler.py:153 -- Execution ID: 8459f3-0-M000/00005
    2022-09-28 20:52:54,795 [DEBUG] aws_s3.py:33 -- Creating S3 client
    2022-09-28 20:52:54,799 [INFO] aws_s3.py:59 -- S3 client created - Region: us-east-1
    2022-09-28 20:52:54,800 [DEBUG] handler.py:165 -- Runtime: aitorarjona/copc:0.6 - Memory: 1769MB - Timeout: 595 seconds
    2022-09-28 20:52:54,846 [DEBUG] aws_s3.py:80 -- PUT Object lithops.jobs/8459f3-0-M000/00005/444efb67-0ec9-405f-a8a6-5793b7f78f36.init - Size: 0.0B - OK
    2022-09-28 20:52:54,846 [DEBUG] handler.py:178 -- Starting JobRunner process
    2022-09-28 20:52:54,851 [DEBUG] jobrunner.py:203 -- Process started
    2022-09-28 20:52:55,633 [INFO] jobrunner.py:233 -- Going to execute 'partition_las_lithops_wrapper()'
    ---------------------- FUNCTION LOG ----------------------
    >>> partition_las - start - 1664398377.9628668 - laz/CA_YosemiteNP_2019/USGS_LPC_CA_YosemiteNP_2019_D19_11SKB5579.laz
    0.0%
    2.992172148520534%
    5.984344297041068%
    8.976516445561602%
    11.968688594082137%
    14.96086074260267%
    17.953032891123204%
    20.94520503964374%
    23.937377188164273%
    26.929549336684804%
    29.92172148520534%
    32.91389363372587%
    35.90606578224641%
    38.898237930766946%
    41.89041007928748%
    44.88258222780801%
    47.874754376328546%
    50.86692652484908%
    53.85909867336961%
    56.85127082189014%
    59.84344297041068%
    62.83561511893121%
    65.82778726745174%
    68.81995941597228%
    71.81213156449282%
    74.80430371301335%
    77.79647586153389%
    80.78864801005442%
    83.78082015857495%
    86.77299230709549%
    89.76516445561602%
    92.75733660413655%
    95.74950875265709%
    98.74168090117762%
    100.0%
    >>> partition_las - end - 1664398417.340775 - laz/CA_YosemiteNP_2019/USGS_LPC_CA_YosemiteNP_2019_D19_11SKB5579.laz
    2022-09-28 20:53:37,866 [DEBUG] aws_s3.py:80 -- PUT Object lithops.jobs/tmp/8459f3-0-M000-00005/cloudobject_1 - Size: 14.5MiB - OK
    2022-09-28 20:53:38,093 [DEBUG] aws_s3.py:80 -- PUT Object lithops.jobs/tmp/8459f3-0-M000-00005/cloudobject_4 - Size: 17.2MiB - OK
    2022-09-28 20:53:38,200 [DEBUG] aws_s3.py:80 -- PUT Object lithops.jobs/tmp/8459f3-0-M000-00005/cloudobject_3 - Size: 16.3MiB - OK
    2022-09-28 20:53:38,308 [DEBUG] aws_s3.py:80 -- PUT Object lithops.jobs/tmp/8459f3-0-M000-00005/cloudobject_6 - Size: 17.2MiB - OK
    2022-09-28 20:53:38,346 [DEBUG] aws_s3.py:80 -- PUT Object lithops.jobs/tmp/8459f3-0-M000-00005/cloudobject_2 - Size: 16.1MiB - OK
    2022-09-28 20:53:38,381 [DEBUG] aws_s3.py:80 -- PUT Object lithops.jobs/tmp/8459f3-0-M000-00005/cloudobject_7 - Size: 21.2MiB - OK
    2022-09-28 20:53:38,424 [DEBUG] aws_s3.py:80 -- PUT Object lithops.jobs/tmp/8459f3-0-M000-00005/cloudobject_5 - Size: 21.1MiB - OK
    2022-09-28 20:53:38,455 [DEBUG] aws_s3.py:80 -- PUT Object lithops.jobs/tmp/8459f3-0-M000-00005/cloudobject_8 - Size: 16.9MiB - OK
    2022-09-28 20:53:38,529 [DEBUG] aws_s3.py:80 -- PUT Object lithops.jobs/tmp/8459f3-0-M000-00005/cloudobject_0 - Size: 21.0MiB - OK
    ----------------------------------------------------------
    2022-09-28 20:53:38,543 [INFO] jobrunner.py:239 -- Success function execution
    2022-09-28 20:53:38,544 [DEBUG] jobrunner.py:253 -- Pickling result
    2022-09-28 20:53:38,544 [INFO] jobrunner.py:308 -- Storing function result - Size: 891.0B
    2022-09-28 20:53:38,570 [DEBUG] aws_s3.py:80 -- PUT Object lithops.jobs/8459f3-0-M000/00005/output.pickle - Size: 891.0B - OK
    2022-09-28 20:53:38,572 [INFO] jobrunner.py:313 -- Process finished
    2022-09-28 20:53:38,579 [DEBUG] handler.py:182 -- JobRunner process finished
]

