Activation: 'aitorarjona/copc:0.6' (9dba1292-7d4c-409e-84f1-b9b93aee3632)
[
    2022-09-28 21:04:13,203 [INFO] handler.py:152 -- Lithops v2.7.0 - Starting AWS Lambda execution
    2022-09-28 21:04:13,203 [INFO] handler.py:153 -- Execution ID: 183be7-0-M001/00000
    2022-09-28 21:04:13,203 [DEBUG] aws_s3.py:33 -- Creating S3 client
    2022-09-28 21:04:13,207 [INFO] aws_s3.py:59 -- S3 client created - Region: us-east-1
    2022-09-28 21:04:13,207 [DEBUG] handler.py:165 -- Runtime: aitorarjona/copc:0.6 - Memory: 1769MB - Timeout: 595 seconds
    2022-09-28 21:04:13,260 [DEBUG] aws_s3.py:80 -- PUT Object lithops.jobs/183be7-0-M001/00000/9dba1292-7d4c-409e-84f1-b9b93aee3632.init - Size: 0.0B - OK
    2022-09-28 21:04:13,262 [DEBUG] handler.py:178 -- Starting JobRunner process
    2022-09-28 21:04:13,265 [DEBUG] jobrunner.py:203 -- Process started
    2022-09-28 21:04:13,634 [INFO] jobrunner.py:233 -- Going to execute 'merge_dem_partitions_lithops_wrapper()'
    ---------------------- FUNCTION LOG ----------------------
    >>> merge_dem_partitions - start - 1664399053.846465 - copc/CA_YosemiteNP_2019/USGS_LPC_CA_YosemiteNP_2019_D19_11SKB4884.laz
    Merging copc/CA_YosemiteNP_2019/USGS_LPC_CA_YosemiteNP_2019_D19_11SKB4884.laz...
    Done merging copc/CA_YosemiteNP_2019/USGS_LPC_CA_YosemiteNP_2019_D19_11SKB4884.laz
    >>> merge_dem_partitions - end - 1664399054.2863278 - copc/CA_YosemiteNP_2019/USGS_LPC_CA_YosemiteNP_2019_D19_11SKB4884.laz
    ----------------------------------------------------------
    2022-09-28 21:04:14,287 [INFO] jobrunner.py:239 -- Success function execution
    2022-09-28 21:04:14,288 [DEBUG] jobrunner.py:253 -- Pickling result
    2022-09-28 21:04:14,288 [INFO] jobrunner.py:308 -- Storing function result - Size: 98.0B
    2022-09-28 21:04:14,309 [DEBUG] aws_s3.py:80 -- PUT Object lithops.jobs/183be7-0-M001/00000/output.pickle - Size: 98.0B - OK
    2022-09-28 21:04:14,310 [INFO] jobrunner.py:313 -- Process finished
    2022-09-28 21:04:14,316 [DEBUG] handler.py:182 -- JobRunner process finished
]

Activation: 'aitorarjona/copc:0.6' (7dc6b79a-321b-4f76-9bcb-868249fcb823)
[
    2022-09-28 21:04:13,211 [INFO] handler.py:152 -- Lithops v2.7.0 - Starting AWS Lambda execution
    2022-09-28 21:04:13,211 [INFO] handler.py:153 -- Execution ID: 183be7-0-M001/00001
    2022-09-28 21:04:13,211 [DEBUG] aws_s3.py:33 -- Creating S3 client
    2022-09-28 21:04:13,215 [INFO] aws_s3.py:59 -- S3 client created - Region: us-east-1
    2022-09-28 21:04:13,215 [DEBUG] handler.py:165 -- Runtime: aitorarjona/copc:0.6 - Memory: 1769MB - Timeout: 595 seconds
    2022-09-28 21:04:13,265 [DEBUG] aws_s3.py:80 -- PUT Object lithops.jobs/183be7-0-M001/00001/7dc6b79a-321b-4f76-9bcb-868249fcb823.init - Size: 0.0B - OK
    2022-09-28 21:04:13,266 [DEBUG] handler.py:178 -- Starting JobRunner process
    2022-09-28 21:04:13,269 [DEBUG] jobrunner.py:203 -- Process started
    2022-09-28 21:04:13,645 [INFO] jobrunner.py:233 -- Going to execute 'merge_dem_partitions_lithops_wrapper()'
    ---------------------- FUNCTION LOG ----------------------
    >>> merge_dem_partitions - start - 1664399053.837849 - copc/CA_YosemiteNP_2019/USGS_LPC_CA_YosemiteNP_2019_D19_11SKB4986.laz
    Merging copc/CA_YosemiteNP_2019/USGS_LPC_CA_YosemiteNP_2019_D19_11SKB4986.laz...
    Done merging copc/CA_YosemiteNP_2019/USGS_LPC_CA_YosemiteNP_2019_D19_11SKB4986.laz
    >>> merge_dem_partitions - end - 1664399054.2982025 - copc/CA_YosemiteNP_2019/USGS_LPC_CA_YosemiteNP_2019_D19_11SKB4986.laz
    ----------------------------------------------------------
    2022-09-28 21:04:14,299 [INFO] jobrunner.py:239 -- Success function execution
    2022-09-28 21:04:14,300 [DEBUG] jobrunner.py:253 -- Pickling result
    2022-09-28 21:04:14,300 [INFO] jobrunner.py:308 -- Storing function result - Size: 98.0B
    2022-09-28 21:04:14,326 [DEBUG] aws_s3.py:80 -- PUT Object lithops.jobs/183be7-0-M001/00001/output.pickle - Size: 98.0B - OK
    2022-09-28 21:04:14,327 [INFO] jobrunner.py:313 -- Process finished
    2022-09-28 21:04:14,334 [DEBUG] handler.py:182 -- JobRunner process finished
]

Activation: 'aitorarjona/copc:0.6' (23c603f2-46a9-4c96-895e-d80f2c1881f5)
[
    2022-09-28 21:04:13,305 [INFO] handler.py:152 -- Lithops v2.7.0 - Starting AWS Lambda execution
    2022-09-28 21:04:13,305 [INFO] handler.py:153 -- Execution ID: 183be7-0-M001/00002
    2022-09-28 21:04:13,305 [DEBUG] aws_s3.py:33 -- Creating S3 client
    2022-09-28 21:04:13,309 [INFO] aws_s3.py:59 -- S3 client created - Region: us-east-1
    2022-09-28 21:04:13,309 [DEBUG] handler.py:165 -- Runtime: aitorarjona/copc:0.6 - Memory: 1769MB - Timeout: 595 seconds
    2022-09-28 21:04:13,358 [DEBUG] aws_s3.py:80 -- PUT Object lithops.jobs/183be7-0-M001/00002/23c603f2-46a9-4c96-895e-d80f2c1881f5.init - Size: 0.0B - OK
    2022-09-28 21:04:13,359 [DEBUG] handler.py:178 -- Starting JobRunner process
    2022-09-28 21:04:13,362 [DEBUG] jobrunner.py:203 -- Process started
    2022-09-28 21:04:13,731 [INFO] jobrunner.py:233 -- Going to execute 'merge_dem_partitions_lithops_wrapper()'
    ---------------------- FUNCTION LOG ----------------------
    >>> merge_dem_partitions - start - 1664399053.9266043 - copc/CA_YosemiteNP_2019/USGS_LPC_CA_YosemiteNP_2019_D19_11SKB5274.laz
    Merging copc/CA_YosemiteNP_2019/USGS_LPC_CA_YosemiteNP_2019_D19_11SKB5274.laz...
    Done merging copc/CA_YosemiteNP_2019/USGS_LPC_CA_YosemiteNP_2019_D19_11SKB5274.laz
    >>> merge_dem_partitions - end - 1664399054.3727605 - copc/CA_YosemiteNP_2019/USGS_LPC_CA_YosemiteNP_2019_D19_11SKB5274.laz
    ----------------------------------------------------------
    2022-09-28 21:04:14,374 [INFO] jobrunner.py:239 -- Success function execution
    2022-09-28 21:04:14,374 [DEBUG] jobrunner.py:253 -- Pickling result
    2022-09-28 21:04:14,374 [INFO] jobrunner.py:308 -- Storing function result - Size: 98.0B
    2022-09-28 21:04:14,397 [DEBUG] aws_s3.py:80 -- PUT Object lithops.jobs/183be7-0-M001/00002/output.pickle - Size: 98.0B - OK
    2022-09-28 21:04:14,398 [INFO] jobrunner.py:313 -- Process finished
    2022-09-28 21:04:14,405 [DEBUG] handler.py:182 -- JobRunner process finished
]

Activation: 'aitorarjona/copc:0.6' (fd91e166-ce75-4ab5-a035-a8c6f3eedf55)
[
    2022-09-28 21:04:13,337 [INFO] handler.py:152 -- Lithops v2.7.0 - Starting AWS Lambda execution
    2022-09-28 21:04:13,337 [INFO] handler.py:153 -- Execution ID: 183be7-0-M001/00003
    2022-09-28 21:04:13,337 [DEBUG] aws_s3.py:33 -- Creating S3 client
    2022-09-28 21:04:13,341 [INFO] aws_s3.py:59 -- S3 client created - Region: us-east-1
    2022-09-28 21:04:13,341 [DEBUG] handler.py:165 -- Runtime: aitorarjona/copc:0.6 - Memory: 1769MB - Timeout: 595 seconds
    2022-09-28 21:04:13,396 [DEBUG] aws_s3.py:80 -- PUT Object lithops.jobs/183be7-0-M001/00003/fd91e166-ce75-4ab5-a035-a8c6f3eedf55.init - Size: 0.0B - OK
    2022-09-28 21:04:13,396 [DEBUG] handler.py:178 -- Starting JobRunner process
    2022-09-28 21:04:13,399 [DEBUG] jobrunner.py:203 -- Process started
    2022-09-28 21:04:13,791 [INFO] jobrunner.py:233 -- Going to execute 'merge_dem_partitions_lithops_wrapper()'
    ---------------------- FUNCTION LOG ----------------------
    >>> merge_dem_partitions - start - 1664399054.0230625 - copc/CA_YosemiteNP_2019/USGS_LPC_CA_YosemiteNP_2019_D19_11SKB5483.laz
    Merging copc/CA_YosemiteNP_2019/USGS_LPC_CA_YosemiteNP_2019_D19_11SKB5483.laz...
    Done merging copc/CA_YosemiteNP_2019/USGS_LPC_CA_YosemiteNP_2019_D19_11SKB5483.laz
    >>> merge_dem_partitions - end - 1664399054.5104406 - copc/CA_YosemiteNP_2019/USGS_LPC_CA_YosemiteNP_2019_D19_11SKB5483.laz
    ----------------------------------------------------------
    2022-09-28 21:04:14,512 [INFO] jobrunner.py:239 -- Success function execution
    2022-09-28 21:04:14,512 [DEBUG] jobrunner.py:253 -- Pickling result
    2022-09-28 21:04:14,512 [INFO] jobrunner.py:308 -- Storing function result - Size: 98.0B
    2022-09-28 21:04:14,529 [DEBUG] aws_s3.py:80 -- PUT Object lithops.jobs/183be7-0-M001/00003/output.pickle - Size: 98.0B - OK
    2022-09-28 21:04:14,529 [INFO] jobrunner.py:313 -- Process finished
    2022-09-28 21:04:14,536 [DEBUG] handler.py:182 -- JobRunner process finished
]

Activation: 'aitorarjona/copc:0.6' (25ef1b2c-ac4b-4468-b0ce-8229f1bcdea4)
[
    2022-09-28 21:04:13,320 [INFO] handler.py:152 -- Lithops v2.7.0 - Starting AWS Lambda execution
    2022-09-28 21:04:13,320 [INFO] handler.py:153 -- Execution ID: 183be7-0-M001/00006
    2022-09-28 21:04:13,320 [DEBUG] aws_s3.py:33 -- Creating S3 client
    2022-09-28 21:04:13,324 [INFO] aws_s3.py:59 -- S3 client created - Region: us-east-1
    2022-09-28 21:04:13,324 [DEBUG] handler.py:165 -- Runtime: aitorarjona/copc:0.6 - Memory: 1769MB - Timeout: 595 seconds
    2022-09-28 21:04:13,377 [DEBUG] aws_s3.py:80 -- PUT Object lithops.jobs/183be7-0-M001/00006/25ef1b2c-ac4b-4468-b0ce-8229f1bcdea4.init - Size: 0.0B - OK
    2022-09-28 21:04:13,378 [DEBUG] handler.py:178 -- Starting JobRunner process
    2022-09-28 21:04:13,381 [DEBUG] jobrunner.py:203 -- Process started
    2022-09-28 21:04:13,763 [INFO] jobrunner.py:233 -- Going to execute 'merge_dem_partitions_lithops_wrapper()'
    ---------------------- FUNCTION LOG ----------------------
    >>> merge_dem_partitions - start - 1664399054.0252023 - copc/CA_YosemiteNP_2019/USGS_LPC_CA_YosemiteNP_2019_D19_11SKB5681.laz
    Merging copc/CA_YosemiteNP_2019/USGS_LPC_CA_YosemiteNP_2019_D19_11SKB5681.laz...
    Done merging copc/CA_YosemiteNP_2019/USGS_LPC_CA_YosemiteNP_2019_D19_11SKB5681.laz
    >>> merge_dem_partitions - end - 1664399054.4933205 - copc/CA_YosemiteNP_2019/USGS_LPC_CA_YosemiteNP_2019_D19_11SKB5681.laz
    ----------------------------------------------------------
    2022-09-28 21:04:14,494 [INFO] jobrunner.py:239 -- Success function execution
    2022-09-28 21:04:14,495 [DEBUG] jobrunner.py:253 -- Pickling result
    2022-09-28 21:04:14,495 [INFO] jobrunner.py:308 -- Storing function result - Size: 98.0B
    2022-09-28 21:04:14,526 [DEBUG] aws_s3.py:80 -- PUT Object lithops.jobs/183be7-0-M001/00006/output.pickle - Size: 98.0B - OK
    2022-09-28 21:04:14,526 [INFO] jobrunner.py:313 -- Process finished
    2022-09-28 21:04:14,533 [DEBUG] handler.py:182 -- JobRunner process finished
]

Activation: 'aitorarjona/copc:0.6' (23b0a5d2-886a-4cee-a742-145b2e536ae4)
[
    2022-09-28 21:04:13,210 [INFO] handler.py:152 -- Lithops v2.7.0 - Starting AWS Lambda execution
    2022-09-28 21:04:13,212 [INFO] handler.py:153 -- Execution ID: 183be7-0-M001/00007
    2022-09-28 21:04:13,212 [DEBUG] aws_s3.py:33 -- Creating S3 client
    2022-09-28 21:04:13,216 [INFO] aws_s3.py:59 -- S3 client created - Region: us-east-1
    2022-09-28 21:04:13,216 [DEBUG] handler.py:165 -- Runtime: aitorarjona/copc:0.6 - Memory: 1769MB - Timeout: 595 seconds
    2022-09-28 21:04:13,263 [DEBUG] aws_s3.py:80 -- PUT Object lithops.jobs/183be7-0-M001/00007/23b0a5d2-886a-4cee-a742-145b2e536ae4.init - Size: 0.0B - OK
    2022-09-28 21:04:13,264 [DEBUG] handler.py:178 -- Starting JobRunner process
    2022-09-28 21:04:13,267 [DEBUG] jobrunner.py:203 -- Process started
    2022-09-28 21:04:13,671 [INFO] jobrunner.py:233 -- Going to execute 'merge_dem_partitions_lithops_wrapper()'
    ---------------------- FUNCTION LOG ----------------------
    >>> merge_dem_partitions - start - 1664399053.8698494 - copc/CA_YosemiteNP_2019/USGS_LPC_CA_YosemiteNP_2019_D19_11SKB5967.laz
    Merging copc/CA_YosemiteNP_2019/USGS_LPC_CA_YosemiteNP_2019_D19_11SKB5967.laz...
    Done merging copc/CA_YosemiteNP_2019/USGS_LPC_CA_YosemiteNP_2019_D19_11SKB5967.laz
    >>> merge_dem_partitions - end - 1664399054.3434527 - copc/CA_YosemiteNP_2019/USGS_LPC_CA_YosemiteNP_2019_D19_11SKB5967.laz
    ----------------------------------------------------------
    2022-09-28 21:04:14,345 [INFO] jobrunner.py:239 -- Success function execution
    2022-09-28 21:04:14,345 [DEBUG] jobrunner.py:253 -- Pickling result
    2022-09-28 21:04:14,345 [INFO] jobrunner.py:308 -- Storing function result - Size: 98.0B
    2022-09-28 21:04:14,368 [DEBUG] aws_s3.py:80 -- PUT Object lithops.jobs/183be7-0-M001/00007/output.pickle - Size: 98.0B - OK
    2022-09-28 21:04:14,368 [INFO] jobrunner.py:313 -- Process finished
    2022-09-28 21:04:14,375 [DEBUG] handler.py:182 -- JobRunner process finished
]

Activation: 'aitorarjona/copc:0.6' (31b7dd4b-4934-4080-9105-663ac3e74d61)
[
    2022-09-28 21:04:13,216 [INFO] handler.py:152 -- Lithops v2.7.0 - Starting AWS Lambda execution
    2022-09-28 21:04:13,217 [INFO] handler.py:153 -- Execution ID: 183be7-0-M001/00005
    2022-09-28 21:04:13,217 [DEBUG] aws_s3.py:33 -- Creating S3 client
    2022-09-28 21:04:13,221 [INFO] aws_s3.py:59 -- S3 client created - Region: us-east-1
    2022-09-28 21:04:13,221 [DEBUG] handler.py:165 -- Runtime: aitorarjona/copc:0.6 - Memory: 1769MB - Timeout: 595 seconds
    2022-09-28 21:04:13,320 [DEBUG] aws_s3.py:80 -- PUT Object lithops.jobs/183be7-0-M001/00005/31b7dd4b-4934-4080-9105-663ac3e74d61.init - Size: 0.0B - OK
    2022-09-28 21:04:13,321 [DEBUG] handler.py:178 -- Starting JobRunner process
    2022-09-28 21:04:13,324 [DEBUG] jobrunner.py:203 -- Process started
    2022-09-28 21:04:13,692 [INFO] jobrunner.py:233 -- Going to execute 'merge_dem_partitions_lithops_wrapper()'
    ---------------------- FUNCTION LOG ----------------------
    >>> merge_dem_partitions - start - 1664399053.9102862 - copc/CA_YosemiteNP_2019/USGS_LPC_CA_YosemiteNP_2019_D19_11SKB5579.laz
    Merging copc/CA_YosemiteNP_2019/USGS_LPC_CA_YosemiteNP_2019_D19_11SKB5579.laz...
    Done merging copc/CA_YosemiteNP_2019/USGS_LPC_CA_YosemiteNP_2019_D19_11SKB5579.laz
    >>> merge_dem_partitions - end - 1664399054.3508081 - copc/CA_YosemiteNP_2019/USGS_LPC_CA_YosemiteNP_2019_D19_11SKB5579.laz
    ----------------------------------------------------------
    2022-09-28 21:04:14,352 [INFO] jobrunner.py:239 -- Success function execution
    2022-09-28 21:04:14,352 [DEBUG] jobrunner.py:253 -- Pickling result
    2022-09-28 21:04:14,352 [INFO] jobrunner.py:308 -- Storing function result - Size: 98.0B
    2022-09-28 21:04:14,372 [DEBUG] aws_s3.py:80 -- PUT Object lithops.jobs/183be7-0-M001/00005/output.pickle - Size: 98.0B - OK
    2022-09-28 21:04:14,372 [INFO] jobrunner.py:313 -- Process finished
    2022-09-28 21:04:14,379 [DEBUG] handler.py:182 -- JobRunner process finished
]

Activation: 'aitorarjona/copc:0.6' (67a343bb-1201-4de4-8053-ea148cb37827)
[
    2022-09-28 21:04:13,335 [INFO] handler.py:152 -- Lithops v2.7.0 - Starting AWS Lambda execution
    2022-09-28 21:04:13,335 [INFO] handler.py:153 -- Execution ID: 183be7-0-M001/00010
    2022-09-28 21:04:13,335 [DEBUG] aws_s3.py:33 -- Creating S3 client
    2022-09-28 21:04:13,339 [INFO] aws_s3.py:59 -- S3 client created - Region: us-east-1
    2022-09-28 21:04:13,339 [DEBUG] handler.py:165 -- Runtime: aitorarjona/copc:0.6 - Memory: 1769MB - Timeout: 595 seconds
    2022-09-28 21:04:13,411 [DEBUG] aws_s3.py:80 -- PUT Object lithops.jobs/183be7-0-M001/00010/67a343bb-1201-4de4-8053-ea148cb37827.init - Size: 0.0B - OK
    2022-09-28 21:04:13,411 [DEBUG] handler.py:178 -- Starting JobRunner process
    2022-09-28 21:04:13,414 [DEBUG] jobrunner.py:203 -- Process started
    2022-09-28 21:04:13,812 [INFO] jobrunner.py:233 -- Going to execute 'merge_dem_partitions_lithops_wrapper()'
    ---------------------- FUNCTION LOG ----------------------
    >>> merge_dem_partitions - start - 1664399054.0341291 - copc/CA_YosemiteNP_2019/USGS_LPC_CA_YosemiteNP_2019_D19_11SKB6790.laz
    Merging copc/CA_YosemiteNP_2019/USGS_LPC_CA_YosemiteNP_2019_D19_11SKB6790.laz...
    Done merging copc/CA_YosemiteNP_2019/USGS_LPC_CA_YosemiteNP_2019_D19_11SKB6790.laz
    >>> merge_dem_partitions - end - 1664399054.4945138 - copc/CA_YosemiteNP_2019/USGS_LPC_CA_YosemiteNP_2019_D19_11SKB6790.laz
    ----------------------------------------------------------
    2022-09-28 21:04:14,498 [INFO] jobrunner.py:239 -- Success function execution
    2022-09-28 21:04:14,498 [DEBUG] jobrunner.py:253 -- Pickling result
    2022-09-28 21:04:14,498 [INFO] jobrunner.py:308 -- Storing function result - Size: 98.0B
    2022-09-28 21:04:14,534 [DEBUG] aws_s3.py:80 -- PUT Object lithops.jobs/183be7-0-M001/00010/output.pickle - Size: 98.0B - OK
    2022-09-28 21:04:14,535 [INFO] jobrunner.py:313 -- Process finished
    2022-09-28 21:04:14,542 [DEBUG] handler.py:182 -- JobRunner process finished
]

Activation: 'aitorarjona/copc:0.6' (c4f1ffa5-e9e1-4fac-97df-22394b9da098)
[
    2022-09-28 21:04:13,220 [INFO] handler.py:152 -- Lithops v2.7.0 - Starting AWS Lambda execution
    2022-09-28 21:04:13,220 [INFO] handler.py:153 -- Execution ID: 183be7-0-M001/00008
    2022-09-28 21:04:13,221 [DEBUG] aws_s3.py:33 -- Creating S3 client
    2022-09-28 21:04:13,226 [INFO] aws_s3.py:59 -- S3 client created - Region: us-east-1
    2022-09-28 21:04:13,226 [DEBUG] handler.py:165 -- Runtime: aitorarjona/copc:0.6 - Memory: 1769MB - Timeout: 595 seconds
    2022-09-28 21:04:13,272 [DEBUG] aws_s3.py:80 -- PUT Object lithops.jobs/183be7-0-M001/00008/c4f1ffa5-e9e1-4fac-97df-22394b9da098.init - Size: 0.0B - OK
    2022-09-28 21:04:13,273 [DEBUG] handler.py:178 -- Starting JobRunner process
    2022-09-28 21:04:13,276 [DEBUG] jobrunner.py:203 -- Process started
    2022-09-28 21:04:13,667 [INFO] jobrunner.py:233 -- Going to execute 'merge_dem_partitions_lithops_wrapper()'
    ---------------------- FUNCTION LOG ----------------------
    >>> merge_dem_partitions - start - 1664399053.858246 - copc/CA_YosemiteNP_2019/USGS_LPC_CA_YosemiteNP_2019_D19_11SKB6686.laz
    Merging copc/CA_YosemiteNP_2019/USGS_LPC_CA_YosemiteNP_2019_D19_11SKB6686.laz...
    Done merging copc/CA_YosemiteNP_2019/USGS_LPC_CA_YosemiteNP_2019_D19_11SKB6686.laz
    >>> merge_dem_partitions - end - 1664399054.286192 - copc/CA_YosemiteNP_2019/USGS_LPC_CA_YosemiteNP_2019_D19_11SKB6686.laz
    ----------------------------------------------------------
    2022-09-28 21:04:14,287 [INFO] jobrunner.py:239 -- Success function execution
    2022-09-28 21:04:14,288 [DEBUG] jobrunner.py:253 -- Pickling result
    2022-09-28 21:04:14,288 [INFO] jobrunner.py:308 -- Storing function result - Size: 98.0B
    2022-09-28 21:04:14,309 [DEBUG] aws_s3.py:80 -- PUT Object lithops.jobs/183be7-0-M001/00008/output.pickle - Size: 98.0B - OK
    2022-09-28 21:04:14,309 [INFO] jobrunner.py:313 -- Process finished
    2022-09-28 21:04:14,316 [DEBUG] handler.py:182 -- JobRunner process finished
]

Activation: 'aitorarjona/copc:0.6' (76b74516-c522-4fa5-a0c4-b7edcb5e0aea)
[
    2022-09-28 21:04:13,339 [INFO] handler.py:152 -- Lithops v2.7.0 - Starting AWS Lambda execution
    2022-09-28 21:04:13,339 [INFO] handler.py:153 -- Execution ID: 183be7-0-M001/00011
    2022-09-28 21:04:13,339 [DEBUG] aws_s3.py:33 -- Creating S3 client
    2022-09-28 21:04:13,343 [INFO] aws_s3.py:59 -- S3 client created - Region: us-east-1
    2022-09-28 21:04:13,343 [DEBUG] handler.py:165 -- Runtime: aitorarjona/copc:0.6 - Memory: 1769MB - Timeout: 595 seconds
    2022-09-28 21:04:13,369 [DEBUG] aws_s3.py:80 -- PUT Object lithops.jobs/183be7-0-M001/00011/76b74516-c522-4fa5-a0c4-b7edcb5e0aea.init - Size: 0.0B - OK
    2022-09-28 21:04:13,370 [DEBUG] handler.py:178 -- Starting JobRunner process
    2022-09-28 21:04:13,372 [DEBUG] jobrunner.py:203 -- Process started
    2022-09-28 21:04:13,725 [INFO] jobrunner.py:233 -- Going to execute 'merge_dem_partitions_lithops_wrapper()'
    ---------------------- FUNCTION LOG ----------------------
    >>> merge_dem_partitions - start - 1664399053.9133823 - copc/CA_YosemiteNP_2019/USGS_LPC_CA_YosemiteNP_2019_D19_11SKB6892.laz
    Merging copc/CA_YosemiteNP_2019/USGS_LPC_CA_YosemiteNP_2019_D19_11SKB6892.laz...
    Done merging copc/CA_YosemiteNP_2019/USGS_LPC_CA_YosemiteNP_2019_D19_11SKB6892.laz
    >>> merge_dem_partitions - end - 1664399054.3228486 - copc/CA_YosemiteNP_2019/USGS_LPC_CA_YosemiteNP_2019_D19_11SKB6892.laz
    ----------------------------------------------------------
    2022-09-28 21:04:14,324 [INFO] jobrunner.py:239 -- Success function execution
    2022-09-28 21:04:14,324 [DEBUG] jobrunner.py:253 -- Pickling result
    2022-09-28 21:04:14,326 [INFO] jobrunner.py:308 -- Storing function result - Size: 98.0B
    2022-09-28 21:04:14,371 [DEBUG] aws_s3.py:80 -- PUT Object lithops.jobs/183be7-0-M001/00011/output.pickle - Size: 98.0B - OK
    2022-09-28 21:04:14,371 [INFO] jobrunner.py:313 -- Process finished
    2022-09-28 21:04:14,378 [DEBUG] handler.py:182 -- JobRunner process finished
]

Activation: 'aitorarjona/copc:0.6' (744806cc-0b0d-4f66-aa86-83af81284f79)
[
    2022-09-28 21:04:13,187 [INFO] handler.py:152 -- Lithops v2.7.0 - Starting AWS Lambda execution
    2022-09-28 21:04:13,187 [INFO] handler.py:153 -- Execution ID: 183be7-0-M001/00009
    2022-09-28 21:04:13,187 [DEBUG] aws_s3.py:33 -- Creating S3 client
    2022-09-28 21:04:13,191 [INFO] aws_s3.py:59 -- S3 client created - Region: us-east-1
    2022-09-28 21:04:13,191 [DEBUG] handler.py:165 -- Runtime: aitorarjona/copc:0.6 - Memory: 1769MB - Timeout: 595 seconds
    2022-09-28 21:04:13,220 [DEBUG] aws_s3.py:80 -- PUT Object lithops.jobs/183be7-0-M001/00009/744806cc-0b0d-4f66-aa86-83af81284f79.init - Size: 0.0B - OK
    2022-09-28 21:04:13,220 [DEBUG] handler.py:178 -- Starting JobRunner process
    2022-09-28 21:04:13,223 [DEBUG] jobrunner.py:203 -- Process started
    2022-09-28 21:04:13,609 [INFO] jobrunner.py:233 -- Going to execute 'merge_dem_partitions_lithops_wrapper()'
    ---------------------- FUNCTION LOG ----------------------
    >>> merge_dem_partitions - start - 1664399053.8284543 - copc/CA_YosemiteNP_2019/USGS_LPC_CA_YosemiteNP_2019_D19_11SKB6687.laz
    Merging copc/CA_YosemiteNP_2019/USGS_LPC_CA_YosemiteNP_2019_D19_11SKB6687.laz...
    Done merging copc/CA_YosemiteNP_2019/USGS_LPC_CA_YosemiteNP_2019_D19_11SKB6687.laz
    >>> merge_dem_partitions - end - 1664399054.3215754 - copc/CA_YosemiteNP_2019/USGS_LPC_CA_YosemiteNP_2019_D19_11SKB6687.laz
    ----------------------------------------------------------
    2022-09-28 21:04:14,323 [INFO] jobrunner.py:239 -- Success function execution
    2022-09-28 21:04:14,323 [DEBUG] jobrunner.py:253 -- Pickling result
    2022-09-28 21:04:14,323 [INFO] jobrunner.py:308 -- Storing function result - Size: 98.0B
    2022-09-28 21:04:14,352 [DEBUG] aws_s3.py:80 -- PUT Object lithops.jobs/183be7-0-M001/00009/output.pickle - Size: 98.0B - OK
    2022-09-28 21:04:14,352 [INFO] jobrunner.py:313 -- Process finished
    2022-09-28 21:04:14,358 [DEBUG] handler.py:182 -- JobRunner process finished
]

Activation: 'aitorarjona/copc:0.6' (d5b686c5-f4cf-4d4e-9df9-c930c4b907fe)
[
    2022-09-28 21:04:13,323 [INFO] handler.py:152 -- Lithops v2.7.0 - Starting AWS Lambda execution
    2022-09-28 21:04:13,323 [INFO] handler.py:153 -- Execution ID: 183be7-0-M001/00012
    2022-09-28 21:04:13,324 [DEBUG] aws_s3.py:33 -- Creating S3 client
    2022-09-28 21:04:13,327 [INFO] aws_s3.py:59 -- S3 client created - Region: us-east-1
    2022-09-28 21:04:13,328 [DEBUG] handler.py:165 -- Runtime: aitorarjona/copc:0.6 - Memory: 1769MB - Timeout: 595 seconds
    2022-09-28 21:04:13,379 [DEBUG] aws_s3.py:80 -- PUT Object lithops.jobs/183be7-0-M001/00012/d5b686c5-f4cf-4d4e-9df9-c930c4b907fe.init - Size: 0.0B - OK
    2022-09-28 21:04:13,379 [DEBUG] handler.py:178 -- Starting JobRunner process
    2022-09-28 21:04:13,382 [DEBUG] jobrunner.py:203 -- Process started
    2022-09-28 21:04:13,758 [INFO] jobrunner.py:233 -- Going to execute 'merge_dem_partitions_lithops_wrapper()'
    ---------------------- FUNCTION LOG ----------------------
    >>> merge_dem_partitions - start - 1664399053.9361033 - copc/CA_YosemiteNP_2019/USGS_LPC_CA_YosemiteNP_2019_D19_11SKB6974.laz
    Merging copc/CA_YosemiteNP_2019/USGS_LPC_CA_YosemiteNP_2019_D19_11SKB6974.laz...
    Done merging copc/CA_YosemiteNP_2019/USGS_LPC_CA_YosemiteNP_2019_D19_11SKB6974.laz
    >>> merge_dem_partitions - end - 1664399054.3907003 - copc/CA_YosemiteNP_2019/USGS_LPC_CA_YosemiteNP_2019_D19_11SKB6974.laz
    ----------------------------------------------------------
    2022-09-28 21:04:14,392 [INFO] jobrunner.py:239 -- Success function execution
    2022-09-28 21:04:14,392 [DEBUG] jobrunner.py:253 -- Pickling result
    2022-09-28 21:04:14,392 [INFO] jobrunner.py:308 -- Storing function result - Size: 98.0B
    2022-09-28 21:04:14,417 [DEBUG] aws_s3.py:80 -- PUT Object lithops.jobs/183be7-0-M001/00012/output.pickle - Size: 98.0B - OK
    2022-09-28 21:04:14,417 [INFO] jobrunner.py:313 -- Process finished
    2022-09-28 21:04:14,424 [DEBUG] handler.py:182 -- JobRunner process finished
]

Activation: 'aitorarjona/copc:0.6' (6927dcea-09e2-4227-b2dc-3a138565893e)
[
    2022-09-28 21:04:13,313 [INFO] handler.py:152 -- Lithops v2.7.0 - Starting AWS Lambda execution
    2022-09-28 21:04:13,313 [INFO] handler.py:153 -- Execution ID: 183be7-0-M001/00004
    2022-09-28 21:04:13,313 [DEBUG] aws_s3.py:33 -- Creating S3 client
    2022-09-28 21:04:13,317 [INFO] aws_s3.py:59 -- S3 client created - Region: us-east-1
    2022-09-28 21:04:13,317 [DEBUG] handler.py:165 -- Runtime: aitorarjona/copc:0.6 - Memory: 1769MB - Timeout: 595 seconds
    2022-09-28 21:04:13,372 [DEBUG] aws_s3.py:80 -- PUT Object lithops.jobs/183be7-0-M001/00004/6927dcea-09e2-4227-b2dc-3a138565893e.init - Size: 0.0B - OK
    2022-09-28 21:04:13,373 [DEBUG] handler.py:178 -- Starting JobRunner process
    2022-09-28 21:04:13,376 [DEBUG] jobrunner.py:203 -- Process started
    2022-09-28 21:04:13,824 [INFO] jobrunner.py:233 -- Going to execute 'merge_dem_partitions_lithops_wrapper()'
    ---------------------- FUNCTION LOG ----------------------
    >>> merge_dem_partitions - start - 1664399054.0812345 - copc/CA_YosemiteNP_2019/USGS_LPC_CA_YosemiteNP_2019_D19_11SKB5573.laz
    Merging copc/CA_YosemiteNP_2019/USGS_LPC_CA_YosemiteNP_2019_D19_11SKB5573.laz...
    Done merging copc/CA_YosemiteNP_2019/USGS_LPC_CA_YosemiteNP_2019_D19_11SKB5573.laz
    >>> merge_dem_partitions - end - 1664399054.534954 - copc/CA_YosemiteNP_2019/USGS_LPC_CA_YosemiteNP_2019_D19_11SKB5573.laz
    ----------------------------------------------------------
    2022-09-28 21:04:14,536 [INFO] jobrunner.py:239 -- Success function execution
    2022-09-28 21:04:14,537 [DEBUG] jobrunner.py:253 -- Pickling result
    2022-09-28 21:04:14,537 [INFO] jobrunner.py:308 -- Storing function result - Size: 98.0B
    2022-09-28 21:04:14,562 [DEBUG] aws_s3.py:80 -- PUT Object lithops.jobs/183be7-0-M001/00004/output.pickle - Size: 98.0B - OK
    2022-09-28 21:04:14,562 [INFO] jobrunner.py:313 -- Process finished
    2022-09-28 21:04:14,569 [DEBUG] handler.py:182 -- JobRunner process finished
]

