Activation: '786929956471.dkr.ecr.us-east-1.amazonaws.com/lithops_v2-7-0_276k/aitorarjona/copc:0.6' (3fc8957c3724)
[
    2022-10-05 22:29:45,522 [INFO] handler.py:152 -- Lithops v2.7.1.dev0 - Starting Localhost execution
    2022-10-05 22:29:45,522 [INFO] handler.py:153 -- Execution ID: 02ae79-0-M001/00000
    2022-10-05 22:29:45,522 [DEBUG] aws_s3.py:33 -- Creating S3 client
    2022-10-05 22:29:45,528 [INFO] aws_s3.py:59 -- S3 client created - Region: us-east-1
    2022-10-05 22:29:45,528 [DEBUG] handler.py:168 -- Runtime: 786929956471.dkr.ecr.us-east-1.amazonaws.com/lithops_v2-7-0_276k/aitorarjona/copc:0.6 - Timeout: 1800 seconds
    2022-10-05 22:29:45,583 [DEBUG] aws_s3.py:80 -- PUT Object lithops.jobs/02ae79-0-M001/00000/3fc8957c3724.init - Size: 0.0B - OK
    2022-10-05 22:29:45,583 [DEBUG] handler.py:178 -- Starting JobRunner process
    2022-10-05 22:29:45,588 [DEBUG] jobrunner.py:203 -- Process started
    2022-10-05 22:29:46,023 [INFO] jobrunner.py:233 -- Going to execute 'merge_dem_partitions_lithops_wrapper()'
    ---------------------- FUNCTION LOG ----------------------
    >>> merge_dem_partitions - start - 1665008986.151652 - copc/CA_YosemiteNP_2019/USGS_LPC_CA_YosemiteNP_2019_D19_11SKB4884.laz
    Merging copc/CA_YosemiteNP_2019/USGS_LPC_CA_YosemiteNP_2019_D19_11SKB4884.laz...
    Done merging copc/CA_YosemiteNP_2019/USGS_LPC_CA_YosemiteNP_2019_D19_11SKB4884.laz
    >>> merge_dem_partitions - end - 1665008986.2992458 - copc/CA_YosemiteNP_2019/USGS_LPC_CA_YosemiteNP_2019_D19_11SKB4884.laz
    ----------------------------------------------------------
    2022-10-05 22:29:46,301 [INFO] jobrunner.py:239 -- Success function execution
    2022-10-05 22:29:46,301 [DEBUG] jobrunner.py:253 -- Pickling result
    2022-10-05 22:29:46,301 [INFO] jobrunner.py:308 -- Storing function result - Size: 98.0B
    2022-10-05 22:29:46,326 [DEBUG] aws_s3.py:80 -- PUT Object lithops.jobs/02ae79-0-M001/00000/output.pickle - Size: 98.0B - OK
    2022-10-05 22:29:46,327 [INFO] jobrunner.py:313 -- Process finished
    2022-10-05 22:29:46,335 [DEBUG] handler.py:182 -- JobRunner process finished
]

Activation: '786929956471.dkr.ecr.us-east-1.amazonaws.com/lithops_v2-7-0_276k/aitorarjona/copc:0.6' (3fc8957c3724)
[
    2022-10-05 22:29:45,524 [INFO] handler.py:152 -- Lithops v2.7.1.dev0 - Starting Localhost execution
    2022-10-05 22:29:45,524 [INFO] handler.py:153 -- Execution ID: 02ae79-0-M001/00001
    2022-10-05 22:29:45,525 [DEBUG] aws_s3.py:33 -- Creating S3 client
    2022-10-05 22:29:45,532 [INFO] aws_s3.py:59 -- S3 client created - Region: us-east-1
    2022-10-05 22:29:45,533 [DEBUG] handler.py:168 -- Runtime: 786929956471.dkr.ecr.us-east-1.amazonaws.com/lithops_v2-7-0_276k/aitorarjona/copc:0.6 - Timeout: 1800 seconds
    2022-10-05 22:29:45,594 [DEBUG] aws_s3.py:80 -- PUT Object lithops.jobs/02ae79-0-M001/00001/3fc8957c3724.init - Size: 0.0B - OK
    2022-10-05 22:29:45,595 [DEBUG] handler.py:178 -- Starting JobRunner process
    2022-10-05 22:29:45,599 [DEBUG] jobrunner.py:203 -- Process started
    2022-10-05 22:29:46,016 [INFO] jobrunner.py:233 -- Going to execute 'merge_dem_partitions_lithops_wrapper()'
    ---------------------- FUNCTION LOG ----------------------
    >>> merge_dem_partitions - start - 1665008986.1511557 - copc/CA_YosemiteNP_2019/USGS_LPC_CA_YosemiteNP_2019_D19_11SKB4986.laz
    Merging copc/CA_YosemiteNP_2019/USGS_LPC_CA_YosemiteNP_2019_D19_11SKB4986.laz...
    Done merging copc/CA_YosemiteNP_2019/USGS_LPC_CA_YosemiteNP_2019_D19_11SKB4986.laz
    >>> merge_dem_partitions - end - 1665008986.279847 - copc/CA_YosemiteNP_2019/USGS_LPC_CA_YosemiteNP_2019_D19_11SKB4986.laz
    ----------------------------------------------------------
    2022-10-05 22:29:46,281 [INFO] jobrunner.py:239 -- Success function execution
    2022-10-05 22:29:46,281 [DEBUG] jobrunner.py:253 -- Pickling result
    2022-10-05 22:29:46,281 [INFO] jobrunner.py:308 -- Storing function result - Size: 98.0B
    2022-10-05 22:29:46,308 [DEBUG] aws_s3.py:80 -- PUT Object lithops.jobs/02ae79-0-M001/00001/output.pickle - Size: 98.0B - OK
    2022-10-05 22:29:46,308 [INFO] jobrunner.py:313 -- Process finished
    2022-10-05 22:29:46,320 [DEBUG] handler.py:182 -- JobRunner process finished
]

Activation: '786929956471.dkr.ecr.us-east-1.amazonaws.com/lithops_v2-7-0_276k/aitorarjona/copc:0.6' (3fc8957c3724)
[
    2022-10-05 22:29:45,526 [INFO] handler.py:152 -- Lithops v2.7.1.dev0 - Starting Localhost execution
    2022-10-05 22:29:45,526 [INFO] handler.py:153 -- Execution ID: 02ae79-0-M001/00003
    2022-10-05 22:29:45,527 [DEBUG] aws_s3.py:33 -- Creating S3 client
    2022-10-05 22:29:45,532 [INFO] aws_s3.py:59 -- S3 client created - Region: us-east-1
    2022-10-05 22:29:45,532 [DEBUG] handler.py:168 -- Runtime: 786929956471.dkr.ecr.us-east-1.amazonaws.com/lithops_v2-7-0_276k/aitorarjona/copc:0.6 - Timeout: 1800 seconds
    2022-10-05 22:29:45,592 [DEBUG] aws_s3.py:80 -- PUT Object lithops.jobs/02ae79-0-M001/00003/3fc8957c3724.init - Size: 0.0B - OK
    2022-10-05 22:29:45,592 [DEBUG] handler.py:178 -- Starting JobRunner process
    2022-10-05 22:29:45,596 [DEBUG] jobrunner.py:203 -- Process started
    2022-10-05 22:29:46,032 [INFO] jobrunner.py:233 -- Going to execute 'merge_dem_partitions_lithops_wrapper()'
    ---------------------- FUNCTION LOG ----------------------
    >>> merge_dem_partitions - start - 1665008986.1867733 - copc/CA_YosemiteNP_2019/USGS_LPC_CA_YosemiteNP_2019_D19_11SKB5483.laz
    Merging copc/CA_YosemiteNP_2019/USGS_LPC_CA_YosemiteNP_2019_D19_11SKB5483.laz...
    Done merging copc/CA_YosemiteNP_2019/USGS_LPC_CA_YosemiteNP_2019_D19_11SKB5483.laz
    >>> merge_dem_partitions - end - 1665008986.3284929 - copc/CA_YosemiteNP_2019/USGS_LPC_CA_YosemiteNP_2019_D19_11SKB5483.laz
    ----------------------------------------------------------
    2022-10-05 22:29:46,330 [INFO] jobrunner.py:239 -- Success function execution
    2022-10-05 22:29:46,330 [DEBUG] jobrunner.py:253 -- Pickling result
    2022-10-05 22:29:46,330 [INFO] jobrunner.py:308 -- Storing function result - Size: 98.0B
    2022-10-05 22:29:46,352 [DEBUG] aws_s3.py:80 -- PUT Object lithops.jobs/02ae79-0-M001/00003/output.pickle - Size: 98.0B - OK
    2022-10-05 22:29:46,353 [INFO] jobrunner.py:313 -- Process finished
    2022-10-05 22:29:46,361 [DEBUG] handler.py:182 -- JobRunner process finished
]

Activation: '786929956471.dkr.ecr.us-east-1.amazonaws.com/lithops_v2-7-0_276k/aitorarjona/copc:0.6' (3fc8957c3724)
[
    2022-10-05 22:29:45,526 [INFO] handler.py:152 -- Lithops v2.7.1.dev0 - Starting Localhost execution
    2022-10-05 22:29:45,526 [INFO] handler.py:153 -- Execution ID: 02ae79-0-M001/00002
    2022-10-05 22:29:45,527 [DEBUG] aws_s3.py:33 -- Creating S3 client
    2022-10-05 22:29:45,534 [INFO] aws_s3.py:59 -- S3 client created - Region: us-east-1
    2022-10-05 22:29:45,534 [DEBUG] handler.py:168 -- Runtime: 786929956471.dkr.ecr.us-east-1.amazonaws.com/lithops_v2-7-0_276k/aitorarjona/copc:0.6 - Timeout: 1800 seconds
    2022-10-05 22:29:45,596 [DEBUG] aws_s3.py:80 -- PUT Object lithops.jobs/02ae79-0-M001/00002/3fc8957c3724.init - Size: 0.0B - OK
    2022-10-05 22:29:45,596 [DEBUG] handler.py:178 -- Starting JobRunner process
    2022-10-05 22:29:45,601 [DEBUG] jobrunner.py:203 -- Process started
    2022-10-05 22:29:45,949 [INFO] jobrunner.py:233 -- Going to execute 'merge_dem_partitions_lithops_wrapper()'
    ---------------------- FUNCTION LOG ----------------------
    >>> merge_dem_partitions - start - 1665008986.0855584 - copc/CA_YosemiteNP_2019/USGS_LPC_CA_YosemiteNP_2019_D19_11SKB5274.laz
    Merging copc/CA_YosemiteNP_2019/USGS_LPC_CA_YosemiteNP_2019_D19_11SKB5274.laz...
    Done merging copc/CA_YosemiteNP_2019/USGS_LPC_CA_YosemiteNP_2019_D19_11SKB5274.laz
    >>> merge_dem_partitions - end - 1665008986.2113333 - copc/CA_YosemiteNP_2019/USGS_LPC_CA_YosemiteNP_2019_D19_11SKB5274.laz
    ----------------------------------------------------------
    2022-10-05 22:29:46,212 [INFO] jobrunner.py:239 -- Success function execution
    2022-10-05 22:29:46,212 [DEBUG] jobrunner.py:253 -- Pickling result
    2022-10-05 22:29:46,212 [INFO] jobrunner.py:308 -- Storing function result - Size: 98.0B
    2022-10-05 22:29:46,242 [DEBUG] aws_s3.py:80 -- PUT Object lithops.jobs/02ae79-0-M001/00002/output.pickle - Size: 98.0B - OK
    2022-10-05 22:29:46,242 [INFO] jobrunner.py:313 -- Process finished
    2022-10-05 22:29:46,249 [DEBUG] handler.py:182 -- JobRunner process finished
]

Activation: '786929956471.dkr.ecr.us-east-1.amazonaws.com/lithops_v2-7-0_276k/aitorarjona/copc:0.6' (3fc8957c3724)
[
    2022-10-05 22:29:45,528 [INFO] handler.py:152 -- Lithops v2.7.1.dev0 - Starting Localhost execution
    2022-10-05 22:29:45,528 [INFO] handler.py:153 -- Execution ID: 02ae79-0-M001/00004
    2022-10-05 22:29:45,528 [DEBUG] aws_s3.py:33 -- Creating S3 client
    2022-10-05 22:29:45,534 [INFO] aws_s3.py:59 -- S3 client created - Region: us-east-1
    2022-10-05 22:29:45,534 [DEBUG] handler.py:168 -- Runtime: 786929956471.dkr.ecr.us-east-1.amazonaws.com/lithops_v2-7-0_276k/aitorarjona/copc:0.6 - Timeout: 1800 seconds
    2022-10-05 22:29:45,584 [DEBUG] aws_s3.py:80 -- PUT Object lithops.jobs/02ae79-0-M001/00004/3fc8957c3724.init - Size: 0.0B - OK
    2022-10-05 22:29:45,584 [DEBUG] handler.py:178 -- Starting JobRunner process
    2022-10-05 22:29:45,588 [DEBUG] jobrunner.py:203 -- Process started
    2022-10-05 22:29:46,017 [INFO] jobrunner.py:233 -- Going to execute 'merge_dem_partitions_lithops_wrapper()'
    ---------------------- FUNCTION LOG ----------------------
    >>> merge_dem_partitions - start - 1665008986.1398973 - copc/CA_YosemiteNP_2019/USGS_LPC_CA_YosemiteNP_2019_D19_11SKB5573.laz
    Merging copc/CA_YosemiteNP_2019/USGS_LPC_CA_YosemiteNP_2019_D19_11SKB5573.laz...
    Done merging copc/CA_YosemiteNP_2019/USGS_LPC_CA_YosemiteNP_2019_D19_11SKB5573.laz
    >>> merge_dem_partitions - end - 1665008986.2557735 - copc/CA_YosemiteNP_2019/USGS_LPC_CA_YosemiteNP_2019_D19_11SKB5573.laz
    ----------------------------------------------------------
    2022-10-05 22:29:46,257 [INFO] jobrunner.py:239 -- Success function execution
    2022-10-05 22:29:46,257 [DEBUG] jobrunner.py:253 -- Pickling result
    2022-10-05 22:29:46,257 [INFO] jobrunner.py:308 -- Storing function result - Size: 98.0B
    2022-10-05 22:29:46,281 [DEBUG] aws_s3.py:80 -- PUT Object lithops.jobs/02ae79-0-M001/00004/output.pickle - Size: 98.0B - OK
    2022-10-05 22:29:46,282 [INFO] jobrunner.py:313 -- Process finished
    2022-10-05 22:29:46,291 [DEBUG] handler.py:182 -- JobRunner process finished
]

Activation: '786929956471.dkr.ecr.us-east-1.amazonaws.com/lithops_v2-7-0_276k/aitorarjona/copc:0.6' (3fc8957c3724)
[
    2022-10-05 22:29:45,530 [INFO] handler.py:152 -- Lithops v2.7.1.dev0 - Starting Localhost execution
    2022-10-05 22:29:45,531 [INFO] handler.py:153 -- Execution ID: 02ae79-0-M001/00005
    2022-10-05 22:29:45,531 [DEBUG] aws_s3.py:33 -- Creating S3 client
    2022-10-05 22:29:45,539 [INFO] aws_s3.py:59 -- S3 client created - Region: us-east-1
    2022-10-05 22:29:45,539 [DEBUG] handler.py:168 -- Runtime: 786929956471.dkr.ecr.us-east-1.amazonaws.com/lithops_v2-7-0_276k/aitorarjona/copc:0.6 - Timeout: 1800 seconds
    2022-10-05 22:29:45,596 [DEBUG] aws_s3.py:80 -- PUT Object lithops.jobs/02ae79-0-M001/00005/3fc8957c3724.init - Size: 0.0B - OK
    2022-10-05 22:29:45,596 [DEBUG] handler.py:178 -- Starting JobRunner process
    2022-10-05 22:29:45,600 [DEBUG] jobrunner.py:203 -- Process started
    2022-10-05 22:29:45,947 [INFO] jobrunner.py:233 -- Going to execute 'merge_dem_partitions_lithops_wrapper()'
    ---------------------- FUNCTION LOG ----------------------
    >>> merge_dem_partitions - start - 1665008986.067855 - copc/CA_YosemiteNP_2019/USGS_LPC_CA_YosemiteNP_2019_D19_11SKB5579.laz
    Merging copc/CA_YosemiteNP_2019/USGS_LPC_CA_YosemiteNP_2019_D19_11SKB5579.laz...
    Done merging copc/CA_YosemiteNP_2019/USGS_LPC_CA_YosemiteNP_2019_D19_11SKB5579.laz
    >>> merge_dem_partitions - end - 1665008986.1941187 - copc/CA_YosemiteNP_2019/USGS_LPC_CA_YosemiteNP_2019_D19_11SKB5579.laz
    ----------------------------------------------------------
    2022-10-05 22:29:46,195 [INFO] jobrunner.py:239 -- Success function execution
    2022-10-05 22:29:46,195 [DEBUG] jobrunner.py:253 -- Pickling result
    2022-10-05 22:29:46,195 [INFO] jobrunner.py:308 -- Storing function result - Size: 98.0B
    2022-10-05 22:29:46,218 [DEBUG] aws_s3.py:80 -- PUT Object lithops.jobs/02ae79-0-M001/00005/output.pickle - Size: 98.0B - OK
    2022-10-05 22:29:46,218 [INFO] jobrunner.py:313 -- Process finished
    2022-10-05 22:29:46,225 [DEBUG] handler.py:182 -- JobRunner process finished
]

Activation: '786929956471.dkr.ecr.us-east-1.amazonaws.com/lithops_v2-7-0_276k/aitorarjona/copc:0.6' (3fc8957c3724)
[
    2022-10-05 22:29:45,533 [INFO] handler.py:152 -- Lithops v2.7.1.dev0 - Starting Localhost execution
    2022-10-05 22:29:45,533 [INFO] handler.py:153 -- Execution ID: 02ae79-0-M001/00007
    2022-10-05 22:29:45,534 [DEBUG] aws_s3.py:33 -- Creating S3 client
    2022-10-05 22:29:45,541 [INFO] aws_s3.py:59 -- S3 client created - Region: us-east-1
    2022-10-05 22:29:45,542 [DEBUG] handler.py:168 -- Runtime: 786929956471.dkr.ecr.us-east-1.amazonaws.com/lithops_v2-7-0_276k/aitorarjona/copc:0.6 - Timeout: 1800 seconds
    2022-10-05 22:29:45,603 [DEBUG] aws_s3.py:80 -- PUT Object lithops.jobs/02ae79-0-M001/00007/3fc8957c3724.init - Size: 0.0B - OK
    2022-10-05 22:29:45,603 [DEBUG] handler.py:178 -- Starting JobRunner process
    2022-10-05 22:29:45,608 [DEBUG] jobrunner.py:203 -- Process started
    2022-10-05 22:29:46,029 [INFO] jobrunner.py:233 -- Going to execute 'merge_dem_partitions_lithops_wrapper()'
    ---------------------- FUNCTION LOG ----------------------
    >>> merge_dem_partitions - start - 1665008986.1774678 - copc/CA_YosemiteNP_2019/USGS_LPC_CA_YosemiteNP_2019_D19_11SKB5967.laz
    Merging copc/CA_YosemiteNP_2019/USGS_LPC_CA_YosemiteNP_2019_D19_11SKB5967.laz...
    Done merging copc/CA_YosemiteNP_2019/USGS_LPC_CA_YosemiteNP_2019_D19_11SKB5967.laz
    >>> merge_dem_partitions - end - 1665008986.3041604 - copc/CA_YosemiteNP_2019/USGS_LPC_CA_YosemiteNP_2019_D19_11SKB5967.laz
    ----------------------------------------------------------
    2022-10-05 22:29:46,305 [INFO] jobrunner.py:239 -- Success function execution
    2022-10-05 22:29:46,305 [DEBUG] jobrunner.py:253 -- Pickling result
    2022-10-05 22:29:46,305 [INFO] jobrunner.py:308 -- Storing function result - Size: 98.0B
    2022-10-05 22:29:46,330 [DEBUG] aws_s3.py:80 -- PUT Object lithops.jobs/02ae79-0-M001/00007/output.pickle - Size: 98.0B - OK
    2022-10-05 22:29:46,330 [INFO] jobrunner.py:313 -- Process finished
    2022-10-05 22:29:46,337 [DEBUG] handler.py:182 -- JobRunner process finished
]

Activation: '786929956471.dkr.ecr.us-east-1.amazonaws.com/lithops_v2-7-0_276k/aitorarjona/copc:0.6' (3fc8957c3724)
[
    2022-10-05 22:29:45,530 [INFO] handler.py:152 -- Lithops v2.7.1.dev0 - Starting Localhost execution
    2022-10-05 22:29:45,531 [INFO] handler.py:153 -- Execution ID: 02ae79-0-M001/00006
    2022-10-05 22:29:45,531 [DEBUG] aws_s3.py:33 -- Creating S3 client
    2022-10-05 22:29:45,537 [INFO] aws_s3.py:59 -- S3 client created - Region: us-east-1
    2022-10-05 22:29:45,538 [DEBUG] handler.py:168 -- Runtime: 786929956471.dkr.ecr.us-east-1.amazonaws.com/lithops_v2-7-0_276k/aitorarjona/copc:0.6 - Timeout: 1800 seconds
    2022-10-05 22:29:45,602 [DEBUG] aws_s3.py:80 -- PUT Object lithops.jobs/02ae79-0-M001/00006/3fc8957c3724.init - Size: 0.0B - OK
    2022-10-05 22:29:45,602 [DEBUG] handler.py:178 -- Starting JobRunner process
    2022-10-05 22:29:45,606 [DEBUG] jobrunner.py:203 -- Process started
    2022-10-05 22:29:46,011 [INFO] jobrunner.py:233 -- Going to execute 'merge_dem_partitions_lithops_wrapper()'
    ---------------------- FUNCTION LOG ----------------------
    >>> merge_dem_partitions - start - 1665008986.1936862 - copc/CA_YosemiteNP_2019/USGS_LPC_CA_YosemiteNP_2019_D19_11SKB5681.laz
    Merging copc/CA_YosemiteNP_2019/USGS_LPC_CA_YosemiteNP_2019_D19_11SKB5681.laz...
    Done merging copc/CA_YosemiteNP_2019/USGS_LPC_CA_YosemiteNP_2019_D19_11SKB5681.laz
    >>> merge_dem_partitions - end - 1665008986.3315399 - copc/CA_YosemiteNP_2019/USGS_LPC_CA_YosemiteNP_2019_D19_11SKB5681.laz
    ----------------------------------------------------------
    2022-10-05 22:29:46,332 [INFO] jobrunner.py:239 -- Success function execution
    2022-10-05 22:29:46,333 [DEBUG] jobrunner.py:253 -- Pickling result
    2022-10-05 22:29:46,333 [INFO] jobrunner.py:308 -- Storing function result - Size: 98.0B
    2022-10-05 22:29:46,358 [DEBUG] aws_s3.py:80 -- PUT Object lithops.jobs/02ae79-0-M001/00006/output.pickle - Size: 98.0B - OK
    2022-10-05 22:29:46,358 [INFO] jobrunner.py:313 -- Process finished
    2022-10-05 22:29:46,365 [DEBUG] handler.py:182 -- JobRunner process finished
]

Activation: '786929956471.dkr.ecr.us-east-1.amazonaws.com/lithops_v2-7-0_276k/aitorarjona/copc:0.6' (3fc8957c3724)
[
    2022-10-05 22:29:45,542 [INFO] handler.py:152 -- Lithops v2.7.1.dev0 - Starting Localhost execution
    2022-10-05 22:29:45,542 [INFO] handler.py:153 -- Execution ID: 02ae79-0-M001/00011
    2022-10-05 22:29:45,543 [DEBUG] aws_s3.py:33 -- Creating S3 client
    2022-10-05 22:29:45,549 [INFO] aws_s3.py:59 -- S3 client created - Region: us-east-1
    2022-10-05 22:29:45,550 [DEBUG] handler.py:168 -- Runtime: 786929956471.dkr.ecr.us-east-1.amazonaws.com/lithops_v2-7-0_276k/aitorarjona/copc:0.6 - Timeout: 1800 seconds
    2022-10-05 22:29:45,609 [DEBUG] aws_s3.py:80 -- PUT Object lithops.jobs/02ae79-0-M001/00011/3fc8957c3724.init - Size: 0.0B - OK
    2022-10-05 22:29:45,610 [DEBUG] handler.py:178 -- Starting JobRunner process
    2022-10-05 22:29:45,615 [DEBUG] jobrunner.py:203 -- Process started
    2022-10-05 22:29:46,007 [INFO] jobrunner.py:233 -- Going to execute 'merge_dem_partitions_lithops_wrapper()'
    ---------------------- FUNCTION LOG ----------------------
    >>> merge_dem_partitions - start - 1665008986.1753366 - copc/CA_YosemiteNP_2019/USGS_LPC_CA_YosemiteNP_2019_D19_11SKB6892.laz
    Merging copc/CA_YosemiteNP_2019/USGS_LPC_CA_YosemiteNP_2019_D19_11SKB6892.laz...
    Done merging copc/CA_YosemiteNP_2019/USGS_LPC_CA_YosemiteNP_2019_D19_11SKB6892.laz
    >>> merge_dem_partitions - end - 1665008986.3476954 - copc/CA_YosemiteNP_2019/USGS_LPC_CA_YosemiteNP_2019_D19_11SKB6892.laz
    ----------------------------------------------------------
    2022-10-05 22:29:46,349 [INFO] jobrunner.py:239 -- Success function execution
    2022-10-05 22:29:46,349 [DEBUG] jobrunner.py:253 -- Pickling result
    2022-10-05 22:29:46,349 [INFO] jobrunner.py:308 -- Storing function result - Size: 98.0B
    2022-10-05 22:29:46,375 [DEBUG] aws_s3.py:80 -- PUT Object lithops.jobs/02ae79-0-M001/00011/output.pickle - Size: 98.0B - OK
    2022-10-05 22:29:46,375 [INFO] jobrunner.py:313 -- Process finished
    2022-10-05 22:29:46,382 [DEBUG] handler.py:182 -- JobRunner process finished
]

Activation: '786929956471.dkr.ecr.us-east-1.amazonaws.com/lithops_v2-7-0_276k/aitorarjona/copc:0.6' (3fc8957c3724)
[
    2022-10-05 22:29:45,536 [INFO] handler.py:152 -- Lithops v2.7.1.dev0 - Starting Localhost execution
    2022-10-05 22:29:45,536 [INFO] handler.py:153 -- Execution ID: 02ae79-0-M001/00008
    2022-10-05 22:29:45,537 [DEBUG] aws_s3.py:33 -- Creating S3 client
    2022-10-05 22:29:45,544 [INFO] aws_s3.py:59 -- S3 client created - Region: us-east-1
    2022-10-05 22:29:45,544 [DEBUG] handler.py:168 -- Runtime: 786929956471.dkr.ecr.us-east-1.amazonaws.com/lithops_v2-7-0_276k/aitorarjona/copc:0.6 - Timeout: 1800 seconds
    2022-10-05 22:29:45,603 [DEBUG] aws_s3.py:80 -- PUT Object lithops.jobs/02ae79-0-M001/00008/3fc8957c3724.init - Size: 0.0B - OK
    2022-10-05 22:29:45,603 [DEBUG] handler.py:178 -- Starting JobRunner process
    2022-10-05 22:29:45,608 [DEBUG] jobrunner.py:203 -- Process started
    2022-10-05 22:29:45,953 [INFO] jobrunner.py:233 -- Going to execute 'merge_dem_partitions_lithops_wrapper()'
    ---------------------- FUNCTION LOG ----------------------
    >>> merge_dem_partitions - start - 1665008986.077348 - copc/CA_YosemiteNP_2019/USGS_LPC_CA_YosemiteNP_2019_D19_11SKB6686.laz
    Merging copc/CA_YosemiteNP_2019/USGS_LPC_CA_YosemiteNP_2019_D19_11SKB6686.laz...
    Done merging copc/CA_YosemiteNP_2019/USGS_LPC_CA_YosemiteNP_2019_D19_11SKB6686.laz
    >>> merge_dem_partitions - end - 1665008986.1988041 - copc/CA_YosemiteNP_2019/USGS_LPC_CA_YosemiteNP_2019_D19_11SKB6686.laz
    ----------------------------------------------------------
    2022-10-05 22:29:46,200 [INFO] jobrunner.py:239 -- Success function execution
    2022-10-05 22:29:46,200 [DEBUG] jobrunner.py:253 -- Pickling result
    2022-10-05 22:29:46,200 [INFO] jobrunner.py:308 -- Storing function result - Size: 98.0B
    2022-10-05 22:29:46,223 [DEBUG] aws_s3.py:80 -- PUT Object lithops.jobs/02ae79-0-M001/00008/output.pickle - Size: 98.0B - OK
    2022-10-05 22:29:46,224 [INFO] jobrunner.py:313 -- Process finished
    2022-10-05 22:29:46,231 [DEBUG] handler.py:182 -- JobRunner process finished
]

Activation: '786929956471.dkr.ecr.us-east-1.amazonaws.com/lithops_v2-7-0_276k/aitorarjona/copc:0.6' (3fc8957c3724)
[
    2022-10-05 22:29:45,540 [INFO] handler.py:152 -- Lithops v2.7.1.dev0 - Starting Localhost execution
    2022-10-05 22:29:45,540 [INFO] handler.py:153 -- Execution ID: 02ae79-0-M001/00010
    2022-10-05 22:29:45,540 [DEBUG] aws_s3.py:33 -- Creating S3 client
    2022-10-05 22:29:45,546 [INFO] aws_s3.py:59 -- S3 client created - Region: us-east-1
    2022-10-05 22:29:45,546 [DEBUG] handler.py:168 -- Runtime: 786929956471.dkr.ecr.us-east-1.amazonaws.com/lithops_v2-7-0_276k/aitorarjona/copc:0.6 - Timeout: 1800 seconds
    2022-10-05 22:29:45,600 [DEBUG] aws_s3.py:80 -- PUT Object lithops.jobs/02ae79-0-M001/00010/3fc8957c3724.init - Size: 0.0B - OK
    2022-10-05 22:29:45,600 [DEBUG] handler.py:178 -- Starting JobRunner process
    2022-10-05 22:29:45,605 [DEBUG] jobrunner.py:203 -- Process started
    2022-10-05 22:29:46,015 [INFO] jobrunner.py:233 -- Going to execute 'merge_dem_partitions_lithops_wrapper()'
    ---------------------- FUNCTION LOG ----------------------
    >>> merge_dem_partitions - start - 1665008986.1861415 - copc/CA_YosemiteNP_2019/USGS_LPC_CA_YosemiteNP_2019_D19_11SKB6790.laz
    Merging copc/CA_YosemiteNP_2019/USGS_LPC_CA_YosemiteNP_2019_D19_11SKB6790.laz...
    Done merging copc/CA_YosemiteNP_2019/USGS_LPC_CA_YosemiteNP_2019_D19_11SKB6790.laz
    >>> merge_dem_partitions - end - 1665008986.3468525 - copc/CA_YosemiteNP_2019/USGS_LPC_CA_YosemiteNP_2019_D19_11SKB6790.laz
    ----------------------------------------------------------
    2022-10-05 22:29:46,348 [INFO] jobrunner.py:239 -- Success function execution
    2022-10-05 22:29:46,348 [DEBUG] jobrunner.py:253 -- Pickling result
    2022-10-05 22:29:46,348 [INFO] jobrunner.py:308 -- Storing function result - Size: 98.0B
    2022-10-05 22:29:46,385 [DEBUG] aws_s3.py:80 -- PUT Object lithops.jobs/02ae79-0-M001/00010/output.pickle - Size: 98.0B - OK
    2022-10-05 22:29:46,386 [INFO] jobrunner.py:313 -- Process finished
    2022-10-05 22:29:46,392 [DEBUG] handler.py:182 -- JobRunner process finished
]

Activation: '786929956471.dkr.ecr.us-east-1.amazonaws.com/lithops_v2-7-0_276k/aitorarjona/copc:0.6' (3fc8957c3724)
[
    2022-10-05 22:29:45,544 [INFO] handler.py:152 -- Lithops v2.7.1.dev0 - Starting Localhost execution
    2022-10-05 22:29:45,544 [INFO] handler.py:153 -- Execution ID: 02ae79-0-M001/00012
    2022-10-05 22:29:45,544 [DEBUG] aws_s3.py:33 -- Creating S3 client
    2022-10-05 22:29:45,551 [INFO] aws_s3.py:59 -- S3 client created - Region: us-east-1
    2022-10-05 22:29:45,552 [DEBUG] handler.py:168 -- Runtime: 786929956471.dkr.ecr.us-east-1.amazonaws.com/lithops_v2-7-0_276k/aitorarjona/copc:0.6 - Timeout: 1800 seconds
    2022-10-05 22:29:45,606 [DEBUG] aws_s3.py:80 -- PUT Object lithops.jobs/02ae79-0-M001/00012/3fc8957c3724.init - Size: 0.0B - OK
    2022-10-05 22:29:45,606 [DEBUG] handler.py:178 -- Starting JobRunner process
    2022-10-05 22:29:45,611 [DEBUG] jobrunner.py:203 -- Process started
    2022-10-05 22:29:45,988 [INFO] jobrunner.py:233 -- Going to execute 'merge_dem_partitions_lithops_wrapper()'
    ---------------------- FUNCTION LOG ----------------------
    >>> merge_dem_partitions - start - 1665008986.1531777 - copc/CA_YosemiteNP_2019/USGS_LPC_CA_YosemiteNP_2019_D19_11SKB6974.laz
    Merging copc/CA_YosemiteNP_2019/USGS_LPC_CA_YosemiteNP_2019_D19_11SKB6974.laz...
    Done merging copc/CA_YosemiteNP_2019/USGS_LPC_CA_YosemiteNP_2019_D19_11SKB6974.laz
    >>> merge_dem_partitions - end - 1665008986.2834337 - copc/CA_YosemiteNP_2019/USGS_LPC_CA_YosemiteNP_2019_D19_11SKB6974.laz
    ----------------------------------------------------------
    2022-10-05 22:29:46,285 [INFO] jobrunner.py:239 -- Success function execution
    2022-10-05 22:29:46,285 [DEBUG] jobrunner.py:253 -- Pickling result
    2022-10-05 22:29:46,285 [INFO] jobrunner.py:308 -- Storing function result - Size: 98.0B
    2022-10-05 22:29:46,308 [DEBUG] aws_s3.py:80 -- PUT Object lithops.jobs/02ae79-0-M001/00012/output.pickle - Size: 98.0B - OK
    2022-10-05 22:29:46,308 [INFO] jobrunner.py:313 -- Process finished
    2022-10-05 22:29:46,316 [DEBUG] handler.py:182 -- JobRunner process finished
]

Activation: '786929956471.dkr.ecr.us-east-1.amazonaws.com/lithops_v2-7-0_276k/aitorarjona/copc:0.6' (3fc8957c3724)
[
    2022-10-05 22:29:45,538 [INFO] handler.py:152 -- Lithops v2.7.1.dev0 - Starting Localhost execution
    2022-10-05 22:29:45,538 [INFO] handler.py:153 -- Execution ID: 02ae79-0-M001/00009
    2022-10-05 22:29:45,539 [DEBUG] aws_s3.py:33 -- Creating S3 client
    2022-10-05 22:29:45,546 [INFO] aws_s3.py:59 -- S3 client created - Region: us-east-1
    2022-10-05 22:29:45,546 [DEBUG] handler.py:168 -- Runtime: 786929956471.dkr.ecr.us-east-1.amazonaws.com/lithops_v2-7-0_276k/aitorarjona/copc:0.6 - Timeout: 1800 seconds
    2022-10-05 22:29:45,594 [DEBUG] aws_s3.py:80 -- PUT Object lithops.jobs/02ae79-0-M001/00009/3fc8957c3724.init - Size: 0.0B - OK
    2022-10-05 22:29:45,594 [DEBUG] handler.py:178 -- Starting JobRunner process
    2022-10-05 22:29:45,598 [DEBUG] jobrunner.py:203 -- Process started
    2022-10-05 22:29:46,028 [INFO] jobrunner.py:233 -- Going to execute 'merge_dem_partitions_lithops_wrapper()'
    ---------------------- FUNCTION LOG ----------------------
    >>> merge_dem_partitions - start - 1665008986.1973526 - copc/CA_YosemiteNP_2019/USGS_LPC_CA_YosemiteNP_2019_D19_11SKB6687.laz
    Merging copc/CA_YosemiteNP_2019/USGS_LPC_CA_YosemiteNP_2019_D19_11SKB6687.laz...
    Done merging copc/CA_YosemiteNP_2019/USGS_LPC_CA_YosemiteNP_2019_D19_11SKB6687.laz
    >>> merge_dem_partitions - end - 1665008986.347028 - copc/CA_YosemiteNP_2019/USGS_LPC_CA_YosemiteNP_2019_D19_11SKB6687.laz
    ----------------------------------------------------------
    2022-10-05 22:29:46,348 [INFO] jobrunner.py:239 -- Success function execution
    2022-10-05 22:29:46,348 [DEBUG] jobrunner.py:253 -- Pickling result
    2022-10-05 22:29:46,348 [INFO] jobrunner.py:308 -- Storing function result - Size: 98.0B
    2022-10-05 22:29:46,374 [DEBUG] aws_s3.py:80 -- PUT Object lithops.jobs/02ae79-0-M001/00009/output.pickle - Size: 98.0B - OK
    2022-10-05 22:29:46,374 [INFO] jobrunner.py:313 -- Process finished
    2022-10-05 22:29:46,381 [DEBUG] handler.py:182 -- JobRunner process finished
]

