Activation: '786929956471.dkr.ecr.us-east-1.amazonaws.com/lithops_v2-7-0_276k/aitorarjona/copc:0.6' (129fc9834101)
[
    2022-10-05 22:24:23,529 [INFO] handler.py:152 -- Lithops v2.7.1.dev0 - Starting Localhost execution
    2022-10-05 22:24:23,529 [INFO] handler.py:153 -- Execution ID: 58dc57-0-M000/00000
    2022-10-05 22:24:23,530 [DEBUG] aws_s3.py:33 -- Creating S3 client
    2022-10-05 22:24:23,535 [INFO] aws_s3.py:59 -- S3 client created - Region: us-east-1
    2022-10-05 22:24:23,535 [DEBUG] handler.py:168 -- Runtime: 786929956471.dkr.ecr.us-east-1.amazonaws.com/lithops_v2-7-0_276k/aitorarjona/copc:0.6 - Timeout: 1800 seconds
    2022-10-05 22:24:23,596 [DEBUG] aws_s3.py:80 -- PUT Object lithops.jobs/58dc57-0-M000/00000/129fc9834101.init - Size: 0.0B - OK
    2022-10-05 22:24:23,597 [DEBUG] handler.py:178 -- Starting JobRunner process
    2022-10-05 22:24:23,601 [DEBUG] jobrunner.py:203 -- Process started
    2022-10-05 22:24:24,005 [INFO] jobrunner.py:233 -- Going to execute 'partition_las_lithops_wrapper()'
    ---------------------- FUNCTION LOG ----------------------
    >>> partition_las - start - 1665008666.5090482 - laz/CA_YosemiteNP_2019/USGS_LPC_CA_YosemiteNP_2019_D19_11SKB4884.laz
    0.0%
    4.101718517515876%
    8.203437035031753%
    12.305155552547628%
    16.406874070063505%
    20.50859258757938%
    24.610311105095256%
    28.712029622611134%
    32.81374814012701%
    36.91546665764289%
    41.01718517515876%
    45.118903692674635%
    49.22062221019051%
    53.32234072770638%
    57.42405924522227%
    61.525777762738144%
    65.62749628025402%
    69.7292147977699%
    73.83093331528578%
    77.93265183280165%
    82.03437035031752%
    86.13608886783341%
    90.23780738534927%
    94.33952590286515%
    98.44124442038103%
    100.0%
    >>> partition_las - end - 1665008695.612423 - laz/CA_YosemiteNP_2019/USGS_LPC_CA_YosemiteNP_2019_D19_11SKB4884.laz
    2022-10-05 22:24:56,158 [DEBUG] aws_s3.py:80 -- PUT Object lithops.jobs/tmp/58dc57-0-M000-00000/cloudobject_5 - Size: 11.5MiB - OK
    2022-10-05 22:24:56,234 [DEBUG] aws_s3.py:80 -- PUT Object lithops.jobs/tmp/58dc57-0-M000-00000/cloudobject_1 - Size: 12.3MiB - OK
    2022-10-05 22:24:56,252 [DEBUG] aws_s3.py:80 -- PUT Object lithops.jobs/tmp/58dc57-0-M000-00000/cloudobject_7 - Size: 14.4MiB - OK
    2022-10-05 22:24:56,282 [DEBUG] aws_s3.py:80 -- PUT Object lithops.jobs/tmp/58dc57-0-M000-00000/cloudobject_8 - Size: 13.2MiB - OK
    2022-10-05 22:24:56,314 [DEBUG] aws_s3.py:80 -- PUT Object lithops.jobs/tmp/58dc57-0-M000-00000/cloudobject_2 - Size: 14.6MiB - OK
    2022-10-05 22:24:56,330 [DEBUG] aws_s3.py:80 -- PUT Object lithops.jobs/tmp/58dc57-0-M000-00000/cloudobject_6 - Size: 18.0MiB - OK
    2022-10-05 22:24:56,339 [DEBUG] aws_s3.py:80 -- PUT Object lithops.jobs/tmp/58dc57-0-M000-00000/cloudobject_3 - Size: 13.2MiB - OK
    2022-10-05 22:24:56,341 [DEBUG] aws_s3.py:80 -- PUT Object lithops.jobs/tmp/58dc57-0-M000-00000/cloudobject_0 - Size: 15.8MiB - OK
    2022-10-05 22:24:56,342 [DEBUG] aws_s3.py:80 -- PUT Object lithops.jobs/tmp/58dc57-0-M000-00000/cloudobject_4 - Size: 12.4MiB - OK
    ----------------------------------------------------------
    2022-10-05 22:24:56,357 [INFO] jobrunner.py:239 -- Success function execution
    2022-10-05 22:24:56,358 [DEBUG] jobrunner.py:253 -- Pickling result
    2022-10-05 22:24:56,358 [INFO] jobrunner.py:308 -- Storing function result - Size: 891.0B
    2022-10-05 22:24:56,401 [DEBUG] aws_s3.py:80 -- PUT Object lithops.jobs/58dc57-0-M000/00000/output.pickle - Size: 891.0B - OK
    2022-10-05 22:24:56,401 [INFO] jobrunner.py:313 -- Process finished
    2022-10-05 22:24:56,424 [DEBUG] handler.py:182 -- JobRunner process finished
]

Activation: '786929956471.dkr.ecr.us-east-1.amazonaws.com/lithops_v2-7-0_276k/aitorarjona/copc:0.6' (129fc9834101)
[
    2022-10-05 22:24:23,547 [INFO] handler.py:152 -- Lithops v2.7.1.dev0 - Starting Localhost execution
    2022-10-05 22:24:23,547 [INFO] handler.py:153 -- Execution ID: 58dc57-0-M000/00010
    2022-10-05 22:24:23,547 [DEBUG] aws_s3.py:33 -- Creating S3 client
    2022-10-05 22:24:23,553 [INFO] aws_s3.py:59 -- S3 client created - Region: us-east-1
    2022-10-05 22:24:23,553 [DEBUG] handler.py:168 -- Runtime: 786929956471.dkr.ecr.us-east-1.amazonaws.com/lithops_v2-7-0_276k/aitorarjona/copc:0.6 - Timeout: 1800 seconds
    2022-10-05 22:24:23,607 [DEBUG] aws_s3.py:80 -- PUT Object lithops.jobs/58dc57-0-M000/00010/129fc9834101.init - Size: 0.0B - OK
    2022-10-05 22:24:23,607 [DEBUG] handler.py:178 -- Starting JobRunner process
    2022-10-05 22:24:23,611 [DEBUG] jobrunner.py:203 -- Process started
    2022-10-05 22:24:24,016 [INFO] jobrunner.py:233 -- Going to execute 'partition_las_lithops_wrapper()'
    ---------------------- FUNCTION LOG ----------------------
    >>> partition_las - start - 1665008666.0215964 - laz/CA_YosemiteNP_2019/USGS_LPC_CA_YosemiteNP_2019_D19_11SKB6790.laz
    0.0%
    3.549384233301594%
    7.098768466603188%
    10.64815269990478%
    14.197536933206376%
    17.746921166507967%
    21.29630539980956%
    24.845689633111153%
    28.39507386641275%
    31.94445809971434%
    35.493842333015934%
    39.04322656631753%
    42.59261079961912%
    46.14199503292072%
    49.691379266222306%
    53.2407634995239%
    56.7901477328255%
    60.33953196612709%
    63.88891619942868%
    67.43830043273029%
    70.98768466603187%
    74.53706889933346%
    78.08645313263506%
    81.63583736593665%
    85.18522159923825%
    88.73460583253984%
    92.28399006584144%
    95.83337429914303%
    99.38275853244461%
    100.0%
    >>> partition_las - end - 1665008698.1550374 - laz/CA_YosemiteNP_2019/USGS_LPC_CA_YosemiteNP_2019_D19_11SKB6790.laz
    2022-10-05 22:24:58,687 [DEBUG] aws_s3.py:80 -- PUT Object lithops.jobs/tmp/58dc57-0-M000-00010/cloudobject_1 - Size: 15.6MiB - OK
    2022-10-05 22:24:58,860 [DEBUG] aws_s3.py:80 -- PUT Object lithops.jobs/tmp/58dc57-0-M000-00010/cloudobject_8 - Size: 11.1MiB - OK
    2022-10-05 22:24:58,868 [DEBUG] aws_s3.py:80 -- PUT Object lithops.jobs/tmp/58dc57-0-M000-00010/cloudobject_3 - Size: 14.8MiB - OK
    2022-10-05 22:24:59,021 [DEBUG] aws_s3.py:80 -- PUT Object lithops.jobs/tmp/58dc57-0-M000-00010/cloudobject_0 - Size: 18.7MiB - OK
    2022-10-05 22:24:59,028 [DEBUG] aws_s3.py:80 -- PUT Object lithops.jobs/tmp/58dc57-0-M000-00010/cloudobject_4 - Size: 16.8MiB - OK
    2022-10-05 22:24:59,049 [DEBUG] aws_s3.py:80 -- PUT Object lithops.jobs/tmp/58dc57-0-M000-00010/cloudobject_5 - Size: 19.2MiB - OK
    2022-10-05 22:24:59,072 [DEBUG] aws_s3.py:80 -- PUT Object lithops.jobs/tmp/58dc57-0-M000-00010/cloudobject_6 - Size: 16.4MiB - OK
    2022-10-05 22:24:59,075 [DEBUG] aws_s3.py:80 -- PUT Object lithops.jobs/tmp/58dc57-0-M000-00010/cloudobject_7 - Size: 14.1MiB - OK
    2022-10-05 22:24:59,105 [DEBUG] aws_s3.py:80 -- PUT Object lithops.jobs/tmp/58dc57-0-M000-00010/cloudobject_2 - Size: 13.1MiB - OK
    ----------------------------------------------------------
    2022-10-05 22:24:59,127 [INFO] jobrunner.py:239 -- Success function execution
    2022-10-05 22:24:59,127 [DEBUG] jobrunner.py:253 -- Pickling result
    2022-10-05 22:24:59,127 [INFO] jobrunner.py:308 -- Storing function result - Size: 891.0B
    2022-10-05 22:24:59,169 [DEBUG] aws_s3.py:80 -- PUT Object lithops.jobs/58dc57-0-M000/00010/output.pickle - Size: 891.0B - OK
    2022-10-05 22:24:59,170 [INFO] jobrunner.py:313 -- Process finished
    2022-10-05 22:24:59,191 [DEBUG] handler.py:182 -- JobRunner process finished
]

Activation: '786929956471.dkr.ecr.us-east-1.amazonaws.com/lithops_v2-7-0_276k/aitorarjona/copc:0.6' (129fc9834101)
[
    2022-10-05 22:24:23,530 [INFO] handler.py:152 -- Lithops v2.7.1.dev0 - Starting Localhost execution
    2022-10-05 22:24:23,531 [INFO] handler.py:153 -- Execution ID: 58dc57-0-M000/00001
    2022-10-05 22:24:23,531 [DEBUG] aws_s3.py:33 -- Creating S3 client
    2022-10-05 22:24:23,536 [INFO] aws_s3.py:59 -- S3 client created - Region: us-east-1
    2022-10-05 22:24:23,536 [DEBUG] handler.py:168 -- Runtime: 786929956471.dkr.ecr.us-east-1.amazonaws.com/lithops_v2-7-0_276k/aitorarjona/copc:0.6 - Timeout: 1800 seconds
    2022-10-05 22:24:23,604 [DEBUG] aws_s3.py:80 -- PUT Object lithops.jobs/58dc57-0-M000/00001/129fc9834101.init - Size: 0.0B - OK
    2022-10-05 22:24:23,604 [DEBUG] handler.py:178 -- Starting JobRunner process
    2022-10-05 22:24:23,609 [DEBUG] jobrunner.py:203 -- Process started
    2022-10-05 22:24:24,040 [INFO] jobrunner.py:233 -- Going to execute 'partition_las_lithops_wrapper()'
    ---------------------- FUNCTION LOG ----------------------
    >>> partition_las - start - 1665008666.3432574 - laz/CA_YosemiteNP_2019/USGS_LPC_CA_YosemiteNP_2019_D19_11SKB4986.laz
    0.0%
    3.9457841368034927%
    7.891568273606985%
    11.837352410410478%
    15.78313654721397%
    19.728920684017464%
    23.674704820820956%
    27.62048895762445%
    31.56627309442794%
    35.51205723123144%
    39.45784136803493%
    43.403625504838416%
    47.34940964164191%
    51.2951937784454%
    55.2409779152489%
    59.18676205205239%
    63.13254618885588%
    67.07833032565938%
    71.02411446246288%
    74.96989859926636%
    78.91568273606985%
    82.86146687287335%
    86.80725100967683%
    90.75303514648033%
    94.69881928328383%
    98.64460342008732%
    100.0%
    >>> partition_las - end - 1665008696.5030353 - laz/CA_YosemiteNP_2019/USGS_LPC_CA_YosemiteNP_2019_D19_11SKB4986.laz
    2022-10-05 22:24:57,150 [DEBUG] aws_s3.py:80 -- PUT Object lithops.jobs/tmp/58dc57-0-M000-00001/cloudobject_2 - Size: 15.9MiB - OK
    2022-10-05 22:24:57,294 [DEBUG] aws_s3.py:80 -- PUT Object lithops.jobs/tmp/58dc57-0-M000-00001/cloudobject_3 - Size: 14.4MiB - OK
    2022-10-05 22:24:57,309 [DEBUG] aws_s3.py:80 -- PUT Object lithops.jobs/tmp/58dc57-0-M000-00001/cloudobject_6 - Size: 14.1MiB - OK
    2022-10-05 22:24:57,334 [DEBUG] aws_s3.py:80 -- PUT Object lithops.jobs/tmp/58dc57-0-M000-00001/cloudobject_4 - Size: 14.5MiB - OK
    2022-10-05 22:24:57,341 [DEBUG] aws_s3.py:80 -- PUT Object lithops.jobs/tmp/58dc57-0-M000-00001/cloudobject_7 - Size: 15.5MiB - OK
    2022-10-05 22:24:57,342 [DEBUG] aws_s3.py:80 -- PUT Object lithops.jobs/tmp/58dc57-0-M000-00001/cloudobject_1 - Size: 15.7MiB - OK
    2022-10-05 22:24:57,371 [DEBUG] aws_s3.py:80 -- PUT Object lithops.jobs/tmp/58dc57-0-M000-00001/cloudobject_0 - Size: 16.5MiB - OK
    2022-10-05 22:24:57,385 [DEBUG] aws_s3.py:80 -- PUT Object lithops.jobs/tmp/58dc57-0-M000-00001/cloudobject_5 - Size: 15.2MiB - OK
    2022-10-05 22:24:57,386 [DEBUG] aws_s3.py:80 -- PUT Object lithops.jobs/tmp/58dc57-0-M000-00001/cloudobject_8 - Size: 15.2MiB - OK
    ----------------------------------------------------------
    2022-10-05 22:24:57,432 [INFO] jobrunner.py:239 -- Success function execution
    2022-10-05 22:24:57,433 [DEBUG] jobrunner.py:253 -- Pickling result
    2022-10-05 22:24:57,434 [INFO] jobrunner.py:308 -- Storing function result - Size: 891.0B
    2022-10-05 22:24:57,475 [DEBUG] aws_s3.py:80 -- PUT Object lithops.jobs/58dc57-0-M000/00001/output.pickle - Size: 891.0B - OK
    2022-10-05 22:24:57,476 [INFO] jobrunner.py:313 -- Process finished
    2022-10-05 22:24:57,537 [DEBUG] handler.py:182 -- JobRunner process finished
]

Activation: '786929956471.dkr.ecr.us-east-1.amazonaws.com/lithops_v2-7-0_276k/aitorarjona/copc:0.6' (129fc9834101)
[
    2022-10-05 22:24:23,538 [INFO] handler.py:152 -- Lithops v2.7.1.dev0 - Starting Localhost execution
    2022-10-05 22:24:23,538 [INFO] handler.py:153 -- Execution ID: 58dc57-0-M000/00006
    2022-10-05 22:24:23,538 [DEBUG] aws_s3.py:33 -- Creating S3 client
    2022-10-05 22:24:23,544 [INFO] aws_s3.py:59 -- S3 client created - Region: us-east-1
    2022-10-05 22:24:23,544 [DEBUG] handler.py:168 -- Runtime: 786929956471.dkr.ecr.us-east-1.amazonaws.com/lithops_v2-7-0_276k/aitorarjona/copc:0.6 - Timeout: 1800 seconds
    2022-10-05 22:24:23,607 [DEBUG] aws_s3.py:80 -- PUT Object lithops.jobs/58dc57-0-M000/00006/129fc9834101.init - Size: 0.0B - OK
    2022-10-05 22:24:23,607 [DEBUG] handler.py:178 -- Starting JobRunner process
    2022-10-05 22:24:23,612 [DEBUG] jobrunner.py:203 -- Process started
    2022-10-05 22:24:23,999 [INFO] jobrunner.py:233 -- Going to execute 'partition_las_lithops_wrapper()'
    ---------------------- FUNCTION LOG ----------------------
    >>> partition_las - start - 1665008665.473607 - laz/CA_YosemiteNP_2019/USGS_LPC_CA_YosemiteNP_2019_D19_11SKB5681.laz
    0.0%
    3.8547839661494456%
    7.709567932298891%
    11.564351898448336%
    15.419135864597783%
    19.27391983074723%
    23.128703796896673%
    26.98348776304612%
    30.838271729195565%
    34.693055695345016%
    38.54783966149446%
    42.402623627643905%
    46.257407593793346%
    50.1121915599428%
    53.96697552609224%
    57.82175949224169%
    61.67654345839113%
    65.53132742454058%
    69.38611139069003%
    73.24089535683947%
    77.09567932298891%
    80.95046328913837%
    84.80524725528781%
    88.66003122143725%
    92.51481518758669%
    96.36959915373615%
    100.0%
    >>> partition_las - end - 1665008696.6905212 - laz/CA_YosemiteNP_2019/USGS_LPC_CA_YosemiteNP_2019_D19_11SKB5681.laz
    2022-10-05 22:24:57,463 [DEBUG] aws_s3.py:80 -- PUT Object lithops.jobs/tmp/58dc57-0-M000-00006/cloudobject_4 - Size: 12.9MiB - OK
    2022-10-05 22:24:57,545 [DEBUG] aws_s3.py:80 -- PUT Object lithops.jobs/tmp/58dc57-0-M000-00006/cloudobject_2 - Size: 13.1MiB - OK
    2022-10-05 22:24:57,563 [DEBUG] aws_s3.py:80 -- PUT Object lithops.jobs/tmp/58dc57-0-M000-00006/cloudobject_0 - Size: 14.4MiB - OK
    2022-10-05 22:24:57,648 [DEBUG] aws_s3.py:80 -- PUT Object lithops.jobs/tmp/58dc57-0-M000-00006/cloudobject_5 - Size: 16.4MiB - OK
    2022-10-05 22:24:57,653 [DEBUG] aws_s3.py:80 -- PUT Object lithops.jobs/tmp/58dc57-0-M000-00006/cloudobject_1 - Size: 14.3MiB - OK
    2022-10-05 22:24:57,750 [DEBUG] aws_s3.py:80 -- PUT Object lithops.jobs/tmp/58dc57-0-M000-00006/cloudobject_3 - Size: 14.7MiB - OK
    2022-10-05 22:24:57,778 [DEBUG] aws_s3.py:80 -- PUT Object lithops.jobs/tmp/58dc57-0-M000-00006/cloudobject_7 - Size: 14.5MiB - OK
    2022-10-05 22:24:57,789 [DEBUG] aws_s3.py:80 -- PUT Object lithops.jobs/tmp/58dc57-0-M000-00006/cloudobject_6 - Size: 15.8MiB - OK
    2022-10-05 22:24:57,832 [DEBUG] aws_s3.py:80 -- PUT Object lithops.jobs/tmp/58dc57-0-M000-00006/cloudobject_8 - Size: 15.5MiB - OK
    ----------------------------------------------------------
    2022-10-05 22:24:57,848 [INFO] jobrunner.py:239 -- Success function execution
    2022-10-05 22:24:57,849 [DEBUG] jobrunner.py:253 -- Pickling result
    2022-10-05 22:24:57,849 [INFO] jobrunner.py:308 -- Storing function result - Size: 891.0B
    2022-10-05 22:24:57,874 [DEBUG] aws_s3.py:80 -- PUT Object lithops.jobs/58dc57-0-M000/00006/output.pickle - Size: 891.0B - OK
    2022-10-05 22:24:57,875 [INFO] jobrunner.py:313 -- Process finished
    2022-10-05 22:24:57,915 [DEBUG] handler.py:182 -- JobRunner process finished
]

Activation: '786929956471.dkr.ecr.us-east-1.amazonaws.com/lithops_v2-7-0_276k/aitorarjona/copc:0.6' (129fc9834101)
[
    2022-10-05 22:24:23,534 [INFO] handler.py:152 -- Lithops v2.7.1.dev0 - Starting Localhost execution
    2022-10-05 22:24:23,535 [INFO] handler.py:153 -- Execution ID: 58dc57-0-M000/00003
    2022-10-05 22:24:23,535 [DEBUG] aws_s3.py:33 -- Creating S3 client
    2022-10-05 22:24:23,542 [INFO] aws_s3.py:59 -- S3 client created - Region: us-east-1
    2022-10-05 22:24:23,543 [DEBUG] handler.py:168 -- Runtime: 786929956471.dkr.ecr.us-east-1.amazonaws.com/lithops_v2-7-0_276k/aitorarjona/copc:0.6 - Timeout: 1800 seconds
    2022-10-05 22:24:23,606 [DEBUG] aws_s3.py:80 -- PUT Object lithops.jobs/58dc57-0-M000/00003/129fc9834101.init - Size: 0.0B - OK
    2022-10-05 22:24:23,606 [DEBUG] handler.py:178 -- Starting JobRunner process
    2022-10-05 22:24:23,610 [DEBUG] jobrunner.py:203 -- Process started
    2022-10-05 22:24:24,015 [INFO] jobrunner.py:233 -- Going to execute 'partition_las_lithops_wrapper()'
    ---------------------- FUNCTION LOG ----------------------
    >>> partition_las - start - 1665008665.6426258 - laz/CA_YosemiteNP_2019/USGS_LPC_CA_YosemiteNP_2019_D19_11SKB5483.laz
    0.0%
    3.731704200645077%
    7.463408401290154%
    11.195112601935232%
    14.926816802580309%
    18.65852100322539%
    22.390225203870465%
    26.12192940451554%
    29.853633605160617%
    33.5853378058057%
    37.31704200645078%
    41.048746207095846%
    44.78045040774093%
    48.512154608386005%
    52.24385880903108%
    55.97556300967616%
    59.707267210321234%
    63.43897141096632%
    67.1706756116114%
    70.90237981225647%
    74.63408401290155%
    78.36578821354662%
    82.09749241419169%
    85.82919661483677%
    89.56090081548186%
    93.29260501612693%
    97.02430921677201%
    100.0%
    >>> partition_las - end - 1665008696.5842369 - laz/CA_YosemiteNP_2019/USGS_LPC_CA_YosemiteNP_2019_D19_11SKB5483.laz
    2022-10-05 22:24:57,386 [DEBUG] aws_s3.py:80 -- PUT Object lithops.jobs/tmp/58dc57-0-M000-00003/cloudobject_4 - Size: 11.4MiB - OK
    2022-10-05 22:24:57,414 [DEBUG] aws_s3.py:80 -- PUT Object lithops.jobs/tmp/58dc57-0-M000-00003/cloudobject_1 - Size: 17.0MiB - OK
    2022-10-05 22:24:57,424 [DEBUG] aws_s3.py:80 -- PUT Object lithops.jobs/tmp/58dc57-0-M000-00003/cloudobject_0 - Size: 17.2MiB - OK
    2022-10-05 22:24:57,456 [DEBUG] aws_s3.py:80 -- PUT Object lithops.jobs/tmp/58dc57-0-M000-00003/cloudobject_6 - Size: 13.6MiB - OK
    2022-10-05 22:24:57,470 [DEBUG] aws_s3.py:80 -- PUT Object lithops.jobs/tmp/58dc57-0-M000-00003/cloudobject_3 - Size: 15.0MiB - OK
    2022-10-05 22:24:57,497 [DEBUG] aws_s3.py:80 -- PUT Object lithops.jobs/tmp/58dc57-0-M000-00003/cloudobject_2 - Size: 19.9MiB - OK
    2022-10-05 22:24:57,511 [DEBUG] aws_s3.py:80 -- PUT Object lithops.jobs/tmp/58dc57-0-M000-00003/cloudobject_5 - Size: 10.9MiB - OK
    2022-10-05 22:24:57,519 [DEBUG] aws_s3.py:80 -- PUT Object lithops.jobs/tmp/58dc57-0-M000-00003/cloudobject_7 - Size: 13.9MiB - OK
    2022-10-05 22:24:57,589 [DEBUG] aws_s3.py:80 -- PUT Object lithops.jobs/tmp/58dc57-0-M000-00003/cloudobject_8 - Size: 14.4MiB - OK
    ----------------------------------------------------------
    2022-10-05 22:24:57,650 [INFO] jobrunner.py:239 -- Success function execution
    2022-10-05 22:24:57,650 [DEBUG] jobrunner.py:253 -- Pickling result
    2022-10-05 22:24:57,650 [INFO] jobrunner.py:308 -- Storing function result - Size: 891.0B
    2022-10-05 22:24:57,754 [DEBUG] aws_s3.py:80 -- PUT Object lithops.jobs/58dc57-0-M000/00003/output.pickle - Size: 891.0B - OK
    2022-10-05 22:24:57,755 [INFO] jobrunner.py:313 -- Process finished
    2022-10-05 22:24:57,777 [DEBUG] handler.py:182 -- JobRunner process finished
]

Activation: '786929956471.dkr.ecr.us-east-1.amazonaws.com/lithops_v2-7-0_276k/aitorarjona/copc:0.6' (129fc9834101)
[
    2022-10-05 22:24:23,536 [INFO] handler.py:152 -- Lithops v2.7.1.dev0 - Starting Localhost execution
    2022-10-05 22:24:23,536 [INFO] handler.py:153 -- Execution ID: 58dc57-0-M000/00004
    2022-10-05 22:24:23,537 [DEBUG] aws_s3.py:33 -- Creating S3 client
    2022-10-05 22:24:23,544 [INFO] aws_s3.py:59 -- S3 client created - Region: us-east-1
    2022-10-05 22:24:23,544 [DEBUG] handler.py:168 -- Runtime: 786929956471.dkr.ecr.us-east-1.amazonaws.com/lithops_v2-7-0_276k/aitorarjona/copc:0.6 - Timeout: 1800 seconds
    2022-10-05 22:24:23,611 [DEBUG] aws_s3.py:80 -- PUT Object lithops.jobs/58dc57-0-M000/00004/129fc9834101.init - Size: 0.0B - OK
    2022-10-05 22:24:23,611 [DEBUG] handler.py:178 -- Starting JobRunner process
    2022-10-05 22:24:23,615 [DEBUG] jobrunner.py:203 -- Process started
    2022-10-05 22:24:24,010 [INFO] jobrunner.py:233 -- Going to execute 'partition_las_lithops_wrapper()'
    ---------------------- FUNCTION LOG ----------------------
    >>> partition_las - start - 1665008666.0247335 - laz/CA_YosemiteNP_2019/USGS_LPC_CA_YosemiteNP_2019_D19_11SKB5573.laz
    0.0%
    3.6872658724443466%
    7.374531744888693%
    11.06179761733304%
    14.749063489777386%
    18.436329362221734%
    22.12359523466608%
    25.810861107110426%
    29.498126979554772%
    33.185392851999126%
    36.87265872444347%
    40.55992459688781%
    44.24719046933216%
    47.93445634177651%
    51.62172221422085%
    55.3089880866652%
    58.996253959109545%
    62.683519831553895%
    66.37078570399825%
    70.0580515764426%
    73.74531744888694%
    77.43258332133128%
    81.11984919377562%
    84.80711506621998%
    88.49438093866432%
    92.18164681110868%
    95.86891268355302%
    99.55617855599736%
    100.0%
    >>> partition_las - end - 1665008698.6979191 - laz/CA_YosemiteNP_2019/USGS_LPC_CA_YosemiteNP_2019_D19_11SKB5573.laz
    2022-10-05 22:24:59,642 [DEBUG] aws_s3.py:80 -- PUT Object lithops.jobs/tmp/58dc57-0-M000-00004/cloudobject_1 - Size: 12.6MiB - OK
    2022-10-05 22:24:59,819 [DEBUG] aws_s3.py:80 -- PUT Object lithops.jobs/tmp/58dc57-0-M000-00004/cloudobject_0 - Size: 18.1MiB - OK
    2022-10-05 22:24:59,832 [DEBUG] aws_s3.py:80 -- PUT Object lithops.jobs/tmp/58dc57-0-M000-00004/cloudobject_7 - Size: 13.5MiB - OK
    2022-10-05 22:24:59,869 [DEBUG] aws_s3.py:80 -- PUT Object lithops.jobs/tmp/58dc57-0-M000-00004/cloudobject_8 - Size: 14.2MiB - OK
    2022-10-05 22:24:59,870 [DEBUG] aws_s3.py:80 -- PUT Object lithops.jobs/tmp/58dc57-0-M000-00004/cloudobject_3 - Size: 16.9MiB - OK
    2022-10-05 22:24:59,871 [DEBUG] aws_s3.py:80 -- PUT Object lithops.jobs/tmp/58dc57-0-M000-00004/cloudobject_4 - Size: 12.0MiB - OK
    2022-10-05 22:24:59,877 [DEBUG] aws_s3.py:80 -- PUT Object lithops.jobs/tmp/58dc57-0-M000-00004/cloudobject_5 - Size: 13.4MiB - OK
    2022-10-05 22:24:59,878 [DEBUG] aws_s3.py:80 -- PUT Object lithops.jobs/tmp/58dc57-0-M000-00004/cloudobject_2 - Size: 13.5MiB - OK
    2022-10-05 22:24:59,921 [DEBUG] aws_s3.py:80 -- PUT Object lithops.jobs/tmp/58dc57-0-M000-00004/cloudobject_6 - Size: 16.0MiB - OK
    ----------------------------------------------------------
    2022-10-05 22:24:59,933 [INFO] jobrunner.py:239 -- Success function execution
    2022-10-05 22:24:59,933 [DEBUG] jobrunner.py:253 -- Pickling result
    2022-10-05 22:24:59,933 [INFO] jobrunner.py:308 -- Storing function result - Size: 891.0B
    2022-10-05 22:24:59,966 [DEBUG] aws_s3.py:80 -- PUT Object lithops.jobs/58dc57-0-M000/00004/output.pickle - Size: 891.0B - OK
    2022-10-05 22:24:59,967 [INFO] jobrunner.py:313 -- Process finished
    2022-10-05 22:24:59,980 [DEBUG] handler.py:182 -- JobRunner process finished
]

Activation: '786929956471.dkr.ecr.us-east-1.amazonaws.com/lithops_v2-7-0_276k/aitorarjona/copc:0.6' (129fc9834101)
[
    2022-10-05 22:24:23,542 [INFO] handler.py:152 -- Lithops v2.7.1.dev0 - Starting Localhost execution
    2022-10-05 22:24:23,542 [INFO] handler.py:153 -- Execution ID: 58dc57-0-M000/00008
    2022-10-05 22:24:23,542 [DEBUG] aws_s3.py:33 -- Creating S3 client
    2022-10-05 22:24:23,549 [INFO] aws_s3.py:59 -- S3 client created - Region: us-east-1
    2022-10-05 22:24:23,549 [DEBUG] handler.py:168 -- Runtime: 786929956471.dkr.ecr.us-east-1.amazonaws.com/lithops_v2-7-0_276k/aitorarjona/copc:0.6 - Timeout: 1800 seconds
    2022-10-05 22:24:23,613 [DEBUG] aws_s3.py:80 -- PUT Object lithops.jobs/58dc57-0-M000/00008/129fc9834101.init - Size: 0.0B - OK
    2022-10-05 22:24:23,614 [DEBUG] handler.py:178 -- Starting JobRunner process
    2022-10-05 22:24:23,618 [DEBUG] jobrunner.py:203 -- Process started
    2022-10-05 22:24:23,936 [INFO] jobrunner.py:233 -- Going to execute 'partition_las_lithops_wrapper()'
    ---------------------- FUNCTION LOG ----------------------
    >>> partition_las - start - 1665008665.6864064 - laz/CA_YosemiteNP_2019/USGS_LPC_CA_YosemiteNP_2019_D19_11SKB6686.laz
    0.0%
    3.545846554908675%
    7.09169310981735%
    10.637539664726024%
    14.1833862196347%
    17.729232774543373%
    21.275079329452048%
    24.820925884360726%
    28.3667724392694%
    31.912618994178075%
    35.458465549086746%
    39.004312103995424%
    42.550158658904095%
    46.096005213812774%
    49.64185176872145%
    53.18769832363013%
    56.7335448785388%
    60.27939143344747%
    63.82523798835615%
    67.37108454326483%
    70.91693109817349%
    74.46277765308218%
    78.00862420799085%
    81.55447076289953%
    85.10031731780819%
    88.64616387271688%
    92.19201042762555%
    95.73785698253423%
    99.2837035374429%
    100.0%
    >>> partition_las - end - 1665008698.4386272 - laz/CA_YosemiteNP_2019/USGS_LPC_CA_YosemiteNP_2019_D19_11SKB6686.laz
    2022-10-05 22:24:59,171 [DEBUG] aws_s3.py:80 -- PUT Object lithops.jobs/tmp/58dc57-0-M000-00008/cloudobject_1 - Size: 11.4MiB - OK
    2022-10-05 22:24:59,237 [DEBUG] aws_s3.py:80 -- PUT Object lithops.jobs/tmp/58dc57-0-M000-00008/cloudobject_6 - Size: 10.2MiB - OK
    2022-10-05 22:24:59,275 [DEBUG] aws_s3.py:80 -- PUT Object lithops.jobs/tmp/58dc57-0-M000-00008/cloudobject_4 - Size: 14.3MiB - OK
    2022-10-05 22:24:59,282 [DEBUG] aws_s3.py:80 -- PUT Object lithops.jobs/tmp/58dc57-0-M000-00008/cloudobject_7 - Size: 11.4MiB - OK
    2022-10-05 22:24:59,286 [DEBUG] aws_s3.py:80 -- PUT Object lithops.jobs/tmp/58dc57-0-M000-00008/cloudobject_8 - Size: 14.0MiB - OK
    2022-10-05 22:24:59,305 [DEBUG] aws_s3.py:80 -- PUT Object lithops.jobs/tmp/58dc57-0-M000-00008/cloudobject_0 - Size: 16.1MiB - OK
    2022-10-05 22:24:59,375 [DEBUG] aws_s3.py:80 -- PUT Object lithops.jobs/tmp/58dc57-0-M000-00008/cloudobject_2 - Size: 20.9MiB - OK
    2022-10-05 22:24:59,383 [DEBUG] aws_s3.py:80 -- PUT Object lithops.jobs/tmp/58dc57-0-M000-00008/cloudobject_5 - Size: 13.2MiB - OK
    2022-10-05 22:24:59,400 [DEBUG] aws_s3.py:80 -- PUT Object lithops.jobs/tmp/58dc57-0-M000-00008/cloudobject_3 - Size: 21.4MiB - OK
    ----------------------------------------------------------
    2022-10-05 22:24:59,419 [INFO] jobrunner.py:239 -- Success function execution
    2022-10-05 22:24:59,419 [DEBUG] jobrunner.py:253 -- Pickling result
    2022-10-05 22:24:59,419 [INFO] jobrunner.py:308 -- Storing function result - Size: 891.0B
    2022-10-05 22:24:59,450 [DEBUG] aws_s3.py:80 -- PUT Object lithops.jobs/58dc57-0-M000/00008/output.pickle - Size: 891.0B - OK
    2022-10-05 22:24:59,450 [INFO] jobrunner.py:313 -- Process finished
    2022-10-05 22:24:59,467 [DEBUG] handler.py:182 -- JobRunner process finished
]

Activation: '786929956471.dkr.ecr.us-east-1.amazonaws.com/lithops_v2-7-0_276k/aitorarjona/copc:0.6' (129fc9834101)
[
    2022-10-05 22:24:23,540 [INFO] handler.py:152 -- Lithops v2.7.1.dev0 - Starting Localhost execution
    2022-10-05 22:24:23,541 [INFO] handler.py:153 -- Execution ID: 58dc57-0-M000/00007
    2022-10-05 22:24:23,541 [DEBUG] aws_s3.py:33 -- Creating S3 client
    2022-10-05 22:24:23,549 [INFO] aws_s3.py:59 -- S3 client created - Region: us-east-1
    2022-10-05 22:24:23,549 [DEBUG] handler.py:168 -- Runtime: 786929956471.dkr.ecr.us-east-1.amazonaws.com/lithops_v2-7-0_276k/aitorarjona/copc:0.6 - Timeout: 1800 seconds
    2022-10-05 22:24:23,596 [DEBUG] aws_s3.py:80 -- PUT Object lithops.jobs/58dc57-0-M000/00007/129fc9834101.init - Size: 0.0B - OK
    2022-10-05 22:24:23,596 [DEBUG] handler.py:178 -- Starting JobRunner process
    2022-10-05 22:24:23,600 [DEBUG] jobrunner.py:203 -- Process started
    2022-10-05 22:24:23,925 [INFO] jobrunner.py:233 -- Going to execute 'partition_las_lithops_wrapper()'
    ---------------------- FUNCTION LOG ----------------------
    >>> partition_las - start - 1665008665.8863862 - laz/CA_YosemiteNP_2019/USGS_LPC_CA_YosemiteNP_2019_D19_11SKB5967.laz
    0.0%
    3.5726510560631484%
    7.145302112126297%
    10.717953168189444%
    14.290604224252593%
    17.86325528031574%
    21.43590633637889%
    25.00855739244204%
    28.581208448505187%
    32.15385950456833%
    35.72651056063148%
    39.299161616694626%
    42.87181267275778%
    46.44446372882092%
    50.01711478488408%
    53.58976584094722%
    57.162416897010374%
    60.73506795307352%
    64.30771900913666%
    67.88037006519981%
    71.45302112126296%
    75.02567217732611%
    78.59832323338925%
    82.1709742894524%
    85.74362534551555%
    89.3162764015787%
    92.88892745764184%
    96.46157851370499%
    100.0%
    >>> partition_las - end - 1665008698.837365 - laz/CA_YosemiteNP_2019/USGS_LPC_CA_YosemiteNP_2019_D19_11SKB5967.laz
    2022-10-05 22:24:59,393 [DEBUG] aws_s3.py:80 -- PUT Object lithops.jobs/tmp/58dc57-0-M000-00007/cloudobject_6 - Size: 8.6MiB - OK
    2022-10-05 22:24:59,729 [DEBUG] aws_s3.py:80 -- PUT Object lithops.jobs/tmp/58dc57-0-M000-00007/cloudobject_0 - Size: 8.8MiB - OK
    2022-10-05 22:24:59,772 [DEBUG] aws_s3.py:80 -- PUT Object lithops.jobs/tmp/58dc57-0-M000-00007/cloudobject_1 - Size: 14.6MiB - OK
    2022-10-05 22:24:59,874 [DEBUG] aws_s3.py:80 -- PUT Object lithops.jobs/tmp/58dc57-0-M000-00007/cloudobject_3 - Size: 14.9MiB - OK
    2022-10-05 22:24:59,920 [DEBUG] aws_s3.py:80 -- PUT Object lithops.jobs/tmp/58dc57-0-M000-00007/cloudobject_2 - Size: 18.6MiB - OK
    2022-10-05 22:24:59,931 [DEBUG] aws_s3.py:80 -- PUT Object lithops.jobs/tmp/58dc57-0-M000-00007/cloudobject_4 - Size: 19.1MiB - OK
    2022-10-05 22:24:59,941 [DEBUG] aws_s3.py:80 -- PUT Object lithops.jobs/tmp/58dc57-0-M000-00007/cloudobject_5 - Size: 16.9MiB - OK
    2022-10-05 22:24:59,977 [DEBUG] aws_s3.py:80 -- PUT Object lithops.jobs/tmp/58dc57-0-M000-00007/cloudobject_8 - Size: 18.4MiB - OK
    2022-10-05 22:24:59,983 [DEBUG] aws_s3.py:80 -- PUT Object lithops.jobs/tmp/58dc57-0-M000-00007/cloudobject_7 - Size: 17.8MiB - OK
    ----------------------------------------------------------
    2022-10-05 22:24:59,998 [INFO] jobrunner.py:239 -- Success function execution
    2022-10-05 22:24:59,998 [DEBUG] jobrunner.py:253 -- Pickling result
    2022-10-05 22:24:59,999 [INFO] jobrunner.py:308 -- Storing function result - Size: 891.0B
    2022-10-05 22:25:00,027 [DEBUG] aws_s3.py:80 -- PUT Object lithops.jobs/58dc57-0-M000/00007/output.pickle - Size: 891.0B - OK
    2022-10-05 22:25:00,027 [INFO] jobrunner.py:313 -- Process finished
    2022-10-05 22:25:00,039 [DEBUG] handler.py:182 -- JobRunner process finished
]

Activation: '786929956471.dkr.ecr.us-east-1.amazonaws.com/lithops_v2-7-0_276k/aitorarjona/copc:0.6' (129fc9834101)
[
    2022-10-05 22:24:23,544 [INFO] handler.py:152 -- Lithops v2.7.1.dev0 - Starting Localhost execution
    2022-10-05 22:24:23,545 [INFO] handler.py:153 -- Execution ID: 58dc57-0-M000/00009
    2022-10-05 22:24:23,545 [DEBUG] aws_s3.py:33 -- Creating S3 client
    2022-10-05 22:24:23,552 [INFO] aws_s3.py:59 -- S3 client created - Region: us-east-1
    2022-10-05 22:24:23,552 [DEBUG] handler.py:168 -- Runtime: 786929956471.dkr.ecr.us-east-1.amazonaws.com/lithops_v2-7-0_276k/aitorarjona/copc:0.6 - Timeout: 1800 seconds
    2022-10-05 22:24:23,606 [DEBUG] aws_s3.py:80 -- PUT Object lithops.jobs/58dc57-0-M000/00009/129fc9834101.init - Size: 0.0B - OK
    2022-10-05 22:24:23,606 [DEBUG] handler.py:178 -- Starting JobRunner process
    2022-10-05 22:24:23,611 [DEBUG] jobrunner.py:203 -- Process started
    2022-10-05 22:24:23,985 [INFO] jobrunner.py:233 -- Going to execute 'partition_las_lithops_wrapper()'
    ---------------------- FUNCTION LOG ----------------------
    >>> partition_las - start - 1665008665.7156055 - laz/CA_YosemiteNP_2019/USGS_LPC_CA_YosemiteNP_2019_D19_11SKB6687.laz
    0.0%
    3.50357802906218%
    7.00715605812436%
    10.51073408718654%
    14.01431211624872%
    17.5178901453109%
    21.02146817437308%
    24.52504620343526%
    28.02862423249744%
    31.53220226155962%
    35.0357802906218%
    38.53935831968398%
    42.04293634874616%
    45.546514377808336%
    49.05009240687052%
    52.553670435932695%
    56.05724846499488%
    59.56082649405705%
    63.06440452311924%
    66.56798255218142%
    70.0715605812436%
    73.57513861030579%
    77.07871663936795%
    80.58229466843014%
    84.08587269749232%
    87.5894507265545%
    91.09302875561667%
    94.59660678467885%
    98.10018481374104%
    100.0%
    >>> partition_las - end - 1665008698.589571 - laz/CA_YosemiteNP_2019/USGS_LPC_CA_YosemiteNP_2019_D19_11SKB6687.laz
    2022-10-05 22:24:59,548 [DEBUG] aws_s3.py:80 -- PUT Object lithops.jobs/tmp/58dc57-0-M000-00009/cloudobject_8 - Size: 14.0MiB - OK
    2022-10-05 22:24:59,549 [DEBUG] aws_s3.py:80 -- PUT Object lithops.jobs/tmp/58dc57-0-M000-00009/cloudobject_0 - Size: 18.5MiB - OK
    2022-10-05 22:24:59,581 [DEBUG] aws_s3.py:80 -- PUT Object lithops.jobs/tmp/58dc57-0-M000-00009/cloudobject_3 - Size: 13.6MiB - OK
    2022-10-05 22:24:59,582 [DEBUG] aws_s3.py:80 -- PUT Object lithops.jobs/tmp/58dc57-0-M000-00009/cloudobject_5 - Size: 12.8MiB - OK
    2022-10-05 22:24:59,598 [DEBUG] aws_s3.py:80 -- PUT Object lithops.jobs/tmp/58dc57-0-M000-00009/cloudobject_4 - Size: 12.9MiB - OK
    2022-10-05 22:24:59,622 [DEBUG] aws_s3.py:80 -- PUT Object lithops.jobs/tmp/58dc57-0-M000-00009/cloudobject_6 - Size: 16.4MiB - OK
    2022-10-05 22:24:59,630 [DEBUG] aws_s3.py:80 -- PUT Object lithops.jobs/tmp/58dc57-0-M000-00009/cloudobject_1 - Size: 16.7MiB - OK
    2022-10-05 22:24:59,657 [DEBUG] aws_s3.py:80 -- PUT Object lithops.jobs/tmp/58dc57-0-M000-00009/cloudobject_2 - Size: 15.7MiB - OK
    2022-10-05 22:24:59,780 [DEBUG] aws_s3.py:80 -- PUT Object lithops.jobs/tmp/58dc57-0-M000-00009/cloudobject_7 - Size: 13.8MiB - OK
    ----------------------------------------------------------
    2022-10-05 22:24:59,794 [INFO] jobrunner.py:239 -- Success function execution
    2022-10-05 22:24:59,795 [DEBUG] jobrunner.py:253 -- Pickling result
    2022-10-05 22:24:59,795 [INFO] jobrunner.py:308 -- Storing function result - Size: 891.0B
    2022-10-05 22:24:59,824 [DEBUG] aws_s3.py:80 -- PUT Object lithops.jobs/58dc57-0-M000/00009/output.pickle - Size: 891.0B - OK
    2022-10-05 22:24:59,825 [INFO] jobrunner.py:313 -- Process finished
    2022-10-05 22:24:59,848 [DEBUG] handler.py:182 -- JobRunner process finished
]

Activation: '786929956471.dkr.ecr.us-east-1.amazonaws.com/lithops_v2-7-0_276k/aitorarjona/copc:0.6' (129fc9834101)
[
    2022-10-05 22:24:23,550 [INFO] handler.py:152 -- Lithops v2.7.1.dev0 - Starting Localhost execution
    2022-10-05 22:24:23,551 [INFO] handler.py:153 -- Execution ID: 58dc57-0-M000/00012
    2022-10-05 22:24:23,551 [DEBUG] aws_s3.py:33 -- Creating S3 client
    2022-10-05 22:24:23,558 [INFO] aws_s3.py:59 -- S3 client created - Region: us-east-1
    2022-10-05 22:24:23,558 [DEBUG] handler.py:168 -- Runtime: 786929956471.dkr.ecr.us-east-1.amazonaws.com/lithops_v2-7-0_276k/aitorarjona/copc:0.6 - Timeout: 1800 seconds
    2022-10-05 22:24:23,628 [DEBUG] aws_s3.py:80 -- PUT Object lithops.jobs/58dc57-0-M000/00012/129fc9834101.init - Size: 0.0B - OK
    2022-10-05 22:24:23,628 [DEBUG] handler.py:178 -- Starting JobRunner process
    2022-10-05 22:24:23,634 [DEBUG] jobrunner.py:203 -- Process started
    2022-10-05 22:24:24,045 [INFO] jobrunner.py:233 -- Going to execute 'partition_las_lithops_wrapper()'
    ---------------------- FUNCTION LOG ----------------------
    >>> partition_las - start - 1665008665.675628 - laz/CA_YosemiteNP_2019/USGS_LPC_CA_YosemiteNP_2019_D19_11SKB6974.laz
    0.0%
    3.545368844220393%
    7.090737688440786%
    10.636106532661179%
    14.181475376881572%
    17.726844221101963%
    21.272213065322358%
    24.81758190954275%
    28.362950753763144%
    31.908319597983535%
    35.45368844220393%
    38.99905728642432%
    42.544426130644716%
    46.08979497486511%
    49.6351638190855%
    53.18053266330589%
    56.72590150752629%
    60.27127035174667%
    63.81663919596707%
    67.36200804018746%
    70.90737688440785%
    74.45274572862826%
    77.99811457284864%
    81.54348341706904%
    85.08885226128943%
    88.63422110550982%
    92.17958994973021%
    95.7249587939506%
    99.270327638171%
    100.0%
    >>> partition_las - end - 1665008698.7026734 - laz/CA_YosemiteNP_2019/USGS_LPC_CA_YosemiteNP_2019_D19_11SKB6974.laz
    2022-10-05 22:24:59,586 [DEBUG] aws_s3.py:80 -- PUT Object lithops.jobs/tmp/58dc57-0-M000-00012/cloudobject_1 - Size: 15.3MiB - OK
    2022-10-05 22:24:59,768 [DEBUG] aws_s3.py:80 -- PUT Object lithops.jobs/tmp/58dc57-0-M000-00012/cloudobject_4 - Size: 13.6MiB - OK
    2022-10-05 22:24:59,782 [DEBUG] aws_s3.py:80 -- PUT Object lithops.jobs/tmp/58dc57-0-M000-00012/cloudobject_5 - Size: 16.3MiB - OK
    2022-10-05 22:24:59,826 [DEBUG] aws_s3.py:80 -- PUT Object lithops.jobs/tmp/58dc57-0-M000-00012/cloudobject_3 - Size: 14.0MiB - OK
    2022-10-05 22:24:59,853 [DEBUG] aws_s3.py:80 -- PUT Object lithops.jobs/tmp/58dc57-0-M000-00012/cloudobject_0 - Size: 15.5MiB - OK
    2022-10-05 22:24:59,855 [DEBUG] aws_s3.py:80 -- PUT Object lithops.jobs/tmp/58dc57-0-M000-00012/cloudobject_2 - Size: 16.7MiB - OK
    2022-10-05 22:24:59,858 [DEBUG] aws_s3.py:80 -- PUT Object lithops.jobs/tmp/58dc57-0-M000-00012/cloudobject_7 - Size: 16.0MiB - OK
    2022-10-05 22:24:59,918 [DEBUG] aws_s3.py:80 -- PUT Object lithops.jobs/tmp/58dc57-0-M000-00012/cloudobject_8 - Size: 18.2MiB - OK
    2022-10-05 22:24:59,919 [DEBUG] aws_s3.py:80 -- PUT Object lithops.jobs/tmp/58dc57-0-M000-00012/cloudobject_6 - Size: 15.2MiB - OK
    ----------------------------------------------------------
    2022-10-05 22:24:59,939 [INFO] jobrunner.py:239 -- Success function execution
    2022-10-05 22:24:59,939 [DEBUG] jobrunner.py:253 -- Pickling result
    2022-10-05 22:24:59,939 [INFO] jobrunner.py:308 -- Storing function result - Size: 891.0B
    2022-10-05 22:24:59,984 [DEBUG] aws_s3.py:80 -- PUT Object lithops.jobs/58dc57-0-M000/00012/output.pickle - Size: 891.0B - OK
    2022-10-05 22:24:59,985 [INFO] jobrunner.py:313 -- Process finished
    2022-10-05 22:25:00,001 [DEBUG] handler.py:182 -- JobRunner process finished
]

Activation: '786929956471.dkr.ecr.us-east-1.amazonaws.com/lithops_v2-7-0_276k/aitorarjona/copc:0.6' (129fc9834101)
[
    2022-10-05 22:24:23,533 [INFO] handler.py:152 -- Lithops v2.7.1.dev0 - Starting Localhost execution
    2022-10-05 22:24:23,533 [INFO] handler.py:153 -- Execution ID: 58dc57-0-M000/00002
    2022-10-05 22:24:23,533 [DEBUG] aws_s3.py:33 -- Creating S3 client
    2022-10-05 22:24:23,541 [INFO] aws_s3.py:59 -- S3 client created - Region: us-east-1
    2022-10-05 22:24:23,541 [DEBUG] handler.py:168 -- Runtime: 786929956471.dkr.ecr.us-east-1.amazonaws.com/lithops_v2-7-0_276k/aitorarjona/copc:0.6 - Timeout: 1800 seconds
    2022-10-05 22:24:23,602 [DEBUG] aws_s3.py:80 -- PUT Object lithops.jobs/58dc57-0-M000/00002/129fc9834101.init - Size: 0.0B - OK
    2022-10-05 22:24:23,602 [DEBUG] handler.py:178 -- Starting JobRunner process
    2022-10-05 22:24:23,606 [DEBUG] jobrunner.py:203 -- Process started
    2022-10-05 22:24:23,972 [INFO] jobrunner.py:233 -- Going to execute 'partition_las_lithops_wrapper()'
    ---------------------- FUNCTION LOG ----------------------
    >>> partition_las - start - 1665008666.8825998 - laz/CA_YosemiteNP_2019/USGS_LPC_CA_YosemiteNP_2019_D19_11SKB5274.laz
    0.0%
    3.5644224445122794%
    7.128844889024559%
    10.693267333536838%
    14.257689778049118%
    17.822112222561397%
    21.386534667073676%
    24.950957111585957%
    28.515379556098235%
    32.07980200061051%
    35.644224445122795%
    39.20864688963508%
    42.77306933414735%
    46.33749177865963%
    49.901914223171914%
    53.46633666768419%
    57.03075911219647%
    60.595181556708745%
    64.15960400122103%
    67.72402644573332%
    71.28844889024559%
    74.85287133475786%
    78.41729377927015%
    81.98171622378243%
    85.5461386682947%
    89.11056111280699%
    92.67498355731927%
    96.23940600183154%
    99.80382844634383%
    100.0%
    >>> partition_las - end - 1665008699.6114857 - laz/CA_YosemiteNP_2019/USGS_LPC_CA_YosemiteNP_2019_D19_11SKB5274.laz
    2022-10-05 22:25:00,150 [DEBUG] aws_s3.py:80 -- PUT Object lithops.jobs/tmp/58dc57-0-M000-00002/cloudobject_0 - Size: 13.8MiB - OK
    2022-10-05 22:25:00,231 [DEBUG] aws_s3.py:80 -- PUT Object lithops.jobs/tmp/58dc57-0-M000-00002/cloudobject_3 - Size: 10.9MiB - OK
    2022-10-05 22:25:00,266 [DEBUG] aws_s3.py:80 -- PUT Object lithops.jobs/tmp/58dc57-0-M000-00002/cloudobject_1 - Size: 15.9MiB - OK
    2022-10-05 22:25:00,278 [DEBUG] aws_s3.py:80 -- PUT Object lithops.jobs/tmp/58dc57-0-M000-00002/cloudobject_2 - Size: 16.7MiB - OK
    2022-10-05 22:25:00,282 [DEBUG] aws_s3.py:80 -- PUT Object lithops.jobs/tmp/58dc57-0-M000-00002/cloudobject_6 - Size: 13.5MiB - OK
    2022-10-05 22:25:00,284 [DEBUG] aws_s3.py:80 -- PUT Object lithops.jobs/tmp/58dc57-0-M000-00002/cloudobject_8 - Size: 13.6MiB - OK
    2022-10-05 22:25:00,311 [DEBUG] aws_s3.py:80 -- PUT Object lithops.jobs/tmp/58dc57-0-M000-00002/cloudobject_7 - Size: 13.6MiB - OK
    2022-10-05 22:25:00,316 [DEBUG] aws_s3.py:80 -- PUT Object lithops.jobs/tmp/58dc57-0-M000-00002/cloudobject_5 - Size: 15.3MiB - OK
    2022-10-05 22:25:00,448 [DEBUG] aws_s3.py:80 -- PUT Object lithops.jobs/tmp/58dc57-0-M000-00002/cloudobject_4 - Size: 18.2MiB - OK
    ----------------------------------------------------------
    2022-10-05 22:25:00,458 [INFO] jobrunner.py:239 -- Success function execution
    2022-10-05 22:25:00,458 [DEBUG] jobrunner.py:253 -- Pickling result
    2022-10-05 22:25:00,458 [INFO] jobrunner.py:308 -- Storing function result - Size: 891.0B
    2022-10-05 22:25:00,500 [DEBUG] aws_s3.py:80 -- PUT Object lithops.jobs/58dc57-0-M000/00002/output.pickle - Size: 891.0B - OK
    2022-10-05 22:25:00,501 [INFO] jobrunner.py:313 -- Process finished
    2022-10-05 22:25:00,523 [DEBUG] handler.py:182 -- JobRunner process finished
]

Activation: '786929956471.dkr.ecr.us-east-1.amazonaws.com/lithops_v2-7-0_276k/aitorarjona/copc:0.6' (129fc9834101)
[
    2022-10-05 22:24:23,549 [INFO] handler.py:152 -- Lithops v2.7.1.dev0 - Starting Localhost execution
    2022-10-05 22:24:23,549 [INFO] handler.py:153 -- Execution ID: 58dc57-0-M000/00011
    2022-10-05 22:24:23,550 [DEBUG] aws_s3.py:33 -- Creating S3 client
    2022-10-05 22:24:23,557 [INFO] aws_s3.py:59 -- S3 client created - Region: us-east-1
    2022-10-05 22:24:23,557 [DEBUG] handler.py:168 -- Runtime: 786929956471.dkr.ecr.us-east-1.amazonaws.com/lithops_v2-7-0_276k/aitorarjona/copc:0.6 - Timeout: 1800 seconds
    2022-10-05 22:24:23,600 [DEBUG] aws_s3.py:80 -- PUT Object lithops.jobs/58dc57-0-M000/00011/129fc9834101.init - Size: 0.0B - OK
    2022-10-05 22:24:23,600 [DEBUG] handler.py:178 -- Starting JobRunner process
    2022-10-05 22:24:23,605 [DEBUG] jobrunner.py:203 -- Process started
    2022-10-05 22:24:24,015 [INFO] jobrunner.py:233 -- Going to execute 'partition_las_lithops_wrapper()'
    ---------------------- FUNCTION LOG ----------------------
    >>> partition_las - start - 1665008666.1038172 - laz/CA_YosemiteNP_2019/USGS_LPC_CA_YosemiteNP_2019_D19_11SKB6892.laz
    0.0%
    3.042586968088861%
    6.085173936177722%
    9.127760904266584%
    12.170347872355444%
    15.212934840444307%
    18.255521808533167%
    21.298108776622026%
    24.34069574471089%
    27.38328271279975%
    30.425869680888614%
    33.46845664897747%
    36.511043617066335%
    39.55363058515519%
    42.59621755324405%
    45.638804521332915%
    48.68139148942178%
    51.72397845751063%
    54.7665654255995%
    57.80915239368836%
    60.85173936177723%
    63.89432632986608%
    66.93691329795494%
    69.9795002660438%
    73.02208723413267%
    76.06467420222152%
    79.10726117031038%
    82.14984813839925%
    85.1924351064881%
    88.23502207457697%
    91.27760904266583%
    94.3201960107547%
    97.36278297884355%
    100.0%
    >>> partition_las - end - 1665008700.603469 - laz/CA_YosemiteNP_2019/USGS_LPC_CA_YosemiteNP_2019_D19_11SKB6892.laz
    2022-10-05 22:25:01,045 [DEBUG] aws_s3.py:80 -- PUT Object lithops.jobs/tmp/58dc57-0-M000-00011/cloudobject_6 - Size: 10.4MiB - OK
    2022-10-05 22:25:01,099 [DEBUG] aws_s3.py:80 -- PUT Object lithops.jobs/tmp/58dc57-0-M000-00011/cloudobject_7 - Size: 15.6MiB - OK
    2022-10-05 22:25:01,143 [DEBUG] aws_s3.py:80 -- PUT Object lithops.jobs/tmp/58dc57-0-M000-00011/cloudobject_0 - Size: 17.7MiB - OK
    2022-10-05 22:25:01,181 [DEBUG] aws_s3.py:80 -- PUT Object lithops.jobs/tmp/58dc57-0-M000-00011/cloudobject_8 - Size: 18.2MiB - OK
    2022-10-05 22:25:01,215 [DEBUG] aws_s3.py:80 -- PUT Object lithops.jobs/tmp/58dc57-0-M000-00011/cloudobject_2 - Size: 18.8MiB - OK
    2022-10-05 22:25:01,222 [DEBUG] aws_s3.py:80 -- PUT Object lithops.jobs/tmp/58dc57-0-M000-00011/cloudobject_4 - Size: 18.3MiB - OK
    2022-10-05 22:25:01,231 [DEBUG] aws_s3.py:80 -- PUT Object lithops.jobs/tmp/58dc57-0-M000-00011/cloudobject_1 - Size: 19.7MiB - OK
    2022-10-05 22:25:01,298 [DEBUG] aws_s3.py:80 -- PUT Object lithops.jobs/tmp/58dc57-0-M000-00011/cloudobject_5 - Size: 22.1MiB - OK
    2022-10-05 22:25:01,506 [DEBUG] aws_s3.py:80 -- PUT Object lithops.jobs/tmp/58dc57-0-M000-00011/cloudobject_3 - Size: 18.1MiB - OK
    ----------------------------------------------------------
    2022-10-05 22:25:01,519 [INFO] jobrunner.py:239 -- Success function execution
    2022-10-05 22:25:01,520 [DEBUG] jobrunner.py:253 -- Pickling result
    2022-10-05 22:25:01,520 [INFO] jobrunner.py:308 -- Storing function result - Size: 891.0B
    2022-10-05 22:25:01,605 [DEBUG] aws_s3.py:80 -- PUT Object lithops.jobs/58dc57-0-M000/00011/output.pickle - Size: 891.0B - OK
    2022-10-05 22:25:01,606 [INFO] jobrunner.py:313 -- Process finished
    2022-10-05 22:25:01,618 [DEBUG] handler.py:182 -- JobRunner process finished
]

Activation: '786929956471.dkr.ecr.us-east-1.amazonaws.com/lithops_v2-7-0_276k/aitorarjona/copc:0.6' (129fc9834101)
[
    2022-10-05 22:24:23,536 [INFO] handler.py:152 -- Lithops v2.7.1.dev0 - Starting Localhost execution
    2022-10-05 22:24:23,536 [INFO] handler.py:153 -- Execution ID: 58dc57-0-M000/00005
    2022-10-05 22:24:23,537 [DEBUG] aws_s3.py:33 -- Creating S3 client
    2022-10-05 22:24:23,544 [INFO] aws_s3.py:59 -- S3 client created - Region: us-east-1
    2022-10-05 22:24:23,544 [DEBUG] handler.py:168 -- Runtime: 786929956471.dkr.ecr.us-east-1.amazonaws.com/lithops_v2-7-0_276k/aitorarjona/copc:0.6 - Timeout: 1800 seconds
    2022-10-05 22:24:23,609 [DEBUG] aws_s3.py:80 -- PUT Object lithops.jobs/58dc57-0-M000/00005/129fc9834101.init - Size: 0.0B - OK
    2022-10-05 22:24:23,610 [DEBUG] handler.py:178 -- Starting JobRunner process
    2022-10-05 22:24:23,614 [DEBUG] jobrunner.py:203 -- Process started
    2022-10-05 22:24:24,040 [INFO] jobrunner.py:233 -- Going to execute 'partition_las_lithops_wrapper()'
    ---------------------- FUNCTION LOG ----------------------
    >>> partition_las - start - 1665008667.4748864 - laz/CA_YosemiteNP_2019/USGS_LPC_CA_YosemiteNP_2019_D19_11SKB5579.laz
    0.0%
    2.992172148520534%
    5.984344297041068%
    8.976516445561602%
    11.968688594082137%
    14.96086074260267%
    17.953032891123204%
    20.94520503964374%
    23.937377188164273%
    26.929549336684804%
    29.92172148520534%
    32.91389363372587%
    35.90606578224641%
    38.898237930766946%
    41.89041007928748%
    44.88258222780801%
    47.874754376328546%
    50.86692652484908%
    53.85909867336961%
    56.85127082189014%
    59.84344297041068%
    62.83561511893121%
    65.82778726745174%
    68.81995941597228%
    71.81213156449282%
    74.80430371301335%
    77.79647586153389%
    80.78864801005442%
    83.78082015857495%
    86.77299230709549%
    89.76516445561602%
    92.75733660413655%
    95.74950875265709%
    98.74168090117762%
    100.0%
    >>> partition_las - end - 1665008701.8474905 - laz/CA_YosemiteNP_2019/USGS_LPC_CA_YosemiteNP_2019_D19_11SKB5579.laz
    2022-10-05 22:25:02,358 [DEBUG] aws_s3.py:80 -- PUT Object lithops.jobs/tmp/58dc57-0-M000-00005/cloudobject_6 - Size: 17.2MiB - OK
    2022-10-05 22:25:02,370 [DEBUG] aws_s3.py:80 -- PUT Object lithops.jobs/tmp/58dc57-0-M000-00005/cloudobject_1 - Size: 14.5MiB - OK
    2022-10-05 22:25:02,376 [DEBUG] aws_s3.py:80 -- PUT Object lithops.jobs/tmp/58dc57-0-M000-00005/cloudobject_2 - Size: 16.1MiB - OK
    2022-10-05 22:25:02,420 [DEBUG] aws_s3.py:80 -- PUT Object lithops.jobs/tmp/58dc57-0-M000-00005/cloudobject_3 - Size: 16.3MiB - OK
    2022-10-05 22:25:02,428 [DEBUG] aws_s3.py:80 -- PUT Object lithops.jobs/tmp/58dc57-0-M000-00005/cloudobject_4 - Size: 17.2MiB - OK
    2022-10-05 22:25:02,436 [DEBUG] aws_s3.py:80 -- PUT Object lithops.jobs/tmp/58dc57-0-M000-00005/cloudobject_0 - Size: 21.0MiB - OK
    2022-10-05 22:25:02,509 [DEBUG] aws_s3.py:80 -- PUT Object lithops.jobs/tmp/58dc57-0-M000-00005/cloudobject_8 - Size: 16.9MiB - OK
    2022-10-05 22:25:02,540 [DEBUG] aws_s3.py:80 -- PUT Object lithops.jobs/tmp/58dc57-0-M000-00005/cloudobject_5 - Size: 21.1MiB - OK
    2022-10-05 22:25:02,725 [DEBUG] aws_s3.py:80 -- PUT Object lithops.jobs/tmp/58dc57-0-M000-00005/cloudobject_7 - Size: 21.2MiB - OK
    ----------------------------------------------------------
    2022-10-05 22:25:02,742 [INFO] jobrunner.py:239 -- Success function execution
    2022-10-05 22:25:02,742 [DEBUG] jobrunner.py:253 -- Pickling result
    2022-10-05 22:25:02,742 [INFO] jobrunner.py:308 -- Storing function result - Size: 891.0B
    2022-10-05 22:25:02,772 [DEBUG] aws_s3.py:80 -- PUT Object lithops.jobs/58dc57-0-M000/00005/output.pickle - Size: 891.0B - OK
    2022-10-05 22:25:02,773 [INFO] jobrunner.py:313 -- Process finished
    2022-10-05 22:25:02,785 [DEBUG] handler.py:182 -- JobRunner process finished
]

